<?xml version="1.0" encoding="utf-8"?><testsuites name="pytest tests"><testsuite name="pytest" errors="0" failures="0" skipped="1" tests="12" time="7.238" timestamp="2026-07-27T18:59:47.065478+00:00" hostname="agent-env-4c7b8162-96d0-4f81-acb9-11f831a40275"><testcase classname="backend.tests.test_batch_b_9_10_11.TestItem9GroundsOverhaul" name="test_create_ground_without_venue_id" time="0.222" /><testcase classname="backend.tests.test_batch_b_9_10_11.TestItem9GroundsOverhaul" name="test_list_grounds_includes_new" time="0.121" /><testcase classname="backend.tests.test_batch_b_9_10_11.TestItem9GroundsOverhaul" name="test_cleanup" time="0.172" /><testcase classname="backend.tests.test_batch_b_9_10_11.TestItem10MeetingAI" name="test_signed_minutes_upload_as_mpca" time="0.223" /><testcase classname="backend.tests.test_batch_b_9_10_11.TestItem10MeetingAI" name="test_signed_minutes_upload_forbidden_for_division" time="0.103" /><testcase classname="backend.tests.test_batch_b_9_10_11.TestItem10MeetingAI" name="test_ai_summary_requires_signed_url" time="0.370" /><testcase classname="backend.tests.test_batch_b_9_10_11.TestItem10MeetingAI" name="test_ai_summary_forbidden_for_division" time="0.117" /><testcase classname="backend.tests.test_batch_b_9_10_11.TestItem10MeetingAI" name="test_ai_summary_with_bogus_file_returns_failed" time="0.130" /><testcase classname="backend.tests.test_batch_b_9_10_11.TestItem11SquadAI" name="test_ai_review_without_signed_copy_returns_400" time="0.302"><skipped type="pytest.skip" message="Squad already has signed_copy_url; can't test 400 path here">/app/backend/tests/test_batch_b_9_10_11.py:152: Squad already has signed_copy_url; can't test 400 path here</skipped></testcase><testcase classname="backend.tests.test_batch_b_9_10_11.TestItem11SquadAI" name="test_signed_copy_upload_triggers_ai_review" time="1.173" /><testcase classname="backend.tests.test_batch_b_9_10_11.TestItem11SquadAI" name="test_ai_review_with_bogus_file_returns_needs_attention" time="0.349" /><testcase classname="backend.tests.test_batch_b_9_10_11.TestRegressionItem8" name="test_mpca_forbidden_on_division_participation" time="3.865" /></testsuite></testsuites>