<?xml version="1.0" encoding="utf-8"?><testsuites name="pytest tests"><testsuite name="pytest" errors="0" failures="1" skipped="0" tests="18" time="1.933" timestamp="2026-08-18T11:34:02.272793+00:00" hostname="agent-env-4c7b8162-96d0-4f81-acb9-11f831a40275"><testcase classname="backend.tests.test_bcci_wiring_audit.TestStep1TournamentCreation" name="test_wiring_cell_bcci" time="0.192" /><testcase classname="backend.tests.test_bcci_wiring_audit.TestStep1TournamentCreation" name="test_division_cannot_create_bcci_tournament" time="0.398"><failure message="AssertionError: BUG — Division persona created a BCCI tournament (status=200). Wiring owner=MPCA is NOT enforced on POST /api/tournaments. body={&quot;name&quot;:&quot;AUDIT_TEST_BCCI_by_Division&quot;,&quot;short_name&quot;:null,&quot;format&quot;:&quot;FourDay_Senior&quot;,&quot;scope&quot;:&quot;Championship&quot;,&quot;tournament_type&quot;:&quot;BCCI&quot;,&quot;tournament_type_code&quot;:&quot;bcci_staging&quot;,&quot;trophy_name&quot;:null,&quot;fiscal_cycle&#10;assert 200 == 403&#10; +  where 200 = &lt;Response [200]&gt;.status_code">E   AssertionError: BUG — Division persona created a BCCI tournament (status=200). Wiring owner=MPCA is NOT enforced on POST /api/tournaments. body={"name":"AUDIT_TEST_BCCI_by_Division","short_name":null,"format":"FourDay_Senior","scope":"Championship","tournament_type":"BCCI","tournament_type_code":"bcci_staging","trophy_name":null,"fiscal_cycle
    assert 200 == 403
     +  where 200 = &lt;Response [200]&gt;.status_code</failure></testcase><testcase classname="backend.tests.test_bcci_wiring_audit.TestStep2PoolBasics" name="test_wiring_cell" time="0.000" /><testcase classname="backend.tests.test_bcci_wiring_audit.TestStep2PoolBasics" name="test_participants_readable" time="0.323" /><testcase classname="backend.tests.test_bcci_wiring_audit.TestStep3MatchOfficials" name="test_wiring_cell" time="0.000" /><testcase classname="backend.tests.test_bcci_wiring_audit.TestStep3MatchOfficials" name="test_division_cannot_post_official" time="0.159" /><testcase classname="backend.tests.test_bcci_wiring_audit.TestStep4Squad" name="test_wiring_cell_manual_pdf" time="0.000" /><testcase classname="backend.tests.test_bcci_wiring_audit.TestStep4Squad" name="test_status_note_reflects_manual_pdf" time="0.157" /><testcase classname="backend.tests.test_bcci_wiring_audit.TestStep5SquadApproval" name="test_wiring_cell_na" time="0.000" /><testcase classname="backend.tests.test_bcci_wiring_audit.TestStep5SquadApproval" name="test_status_step_is_na" time="0.000" /><testcase classname="backend.tests.test_bcci_wiring_audit.TestStep6MatchCalendar" name="test_wiring_cell_manual_pdf" time="0.000" /><testcase classname="backend.tests.test_bcci_wiring_audit.TestStep6MatchCalendar" name="test_mpca_can_create_freetext_match" time="0.302" /><testcase classname="backend.tests.test_bcci_wiring_audit.TestStep6MatchCalendar" name="test_division_cannot_create_match_for_bcci" time="0.157" /><testcase classname="backend.tests.test_bcci_wiring_audit.TestStep7UnifiedBudget" name="test_wiring_cell" time="0.000" /><testcase classname="backend.tests.test_bcci_wiring_audit.TestStep8FinanceConsole" name="test_wiring_cell" time="0.000" /><testcase classname="backend.tests.test_bcci_wiring_audit.TestStep9TournamentClosure" name="test_wiring_cell" time="0.000" /><testcase classname="backend.tests.test_bcci_wiring_audit.TestStep9TournamentClosure" name="test_division_cannot_close_bcci_tournament" time="0.173" /><testcase classname="backend.tests.test_bcci_wiring_audit.TestStep10MpcaVisibility" name="test_wiring_cell_realtime" time="0.000" /></testsuite></testsuites>