<?xml version="1.0" encoding="utf-8"?><testsuites name="pytest tests"><testsuite name="pytest" errors="0" failures="1" skipped="0" tests="7" time="19.343" timestamp="2026-08-22T22:22:41.658993+00:00" hostname="agent-env-4c7b8162-96d0-4f81-acb9-11f831a40275"><testcase classname="backend.tests.test_iter125.TestEligibilityRules" name="test_tags_returns_8" time="4.044" /><testcase classname="backend.tests.test_iter125.TestEligibilityRules" name="test_patch_and_get_config" time="0.348" /><testcase classname="backend.tests.test_iter125.TestEligibilityRules" name="test_duplicate_conflict" time="0.601" /><testcase classname="backend.tests.test_iter125.TestPlayerEligibility" name="test_compute_writes_trace" time="0.235" /><testcase classname="backend.tests.test_iter125.TestPlayerEligibility" name="test_override_short_reason_rejected" time="0.104" /><testcase classname="backend.tests.test_iter125.TestPlayerEligibility" name="test_override_long_reason_accepted_and_clear" time="0.100"><failure message="AssertionError: {&quot;detail&quot;:[{&quot;type&quot;:&quot;missing&quot;,&quot;loc&quot;:[&quot;body&quot;,&quot;eligibility_tag&quot;],&quot;msg&quot;:&quot;Field required&quot;,&quot;input&quot;:{&quot;tag&quot;:&quot;Local/Birth&quot;,&quot;reason&quot;:&quot;This is a properly justified override with clear reasoning.&quot;},&quot;url&quot;:&quot;https://errors.pydantic.dev/2.13/v/missing&quot;}]}&#10;assert 422 in (200, 201)&#10; +  where 422 = &lt;Response [422]&gt;.status_code">backend/tests/test_iter125.py:128: in test_override_long_reason_accepted_and_clear
    assert r.status_code in (200, 201), r.text[:300]
E   AssertionError: {"detail":[{"type":"missing","loc":["body","eligibility_tag"],"msg":"Field required","input":{"tag":"Local/Birth","reason":"This is a properly justified override with clear reasoning."},"url":"https://errors.pydantic.dev/2.13/v/missing"}]}
E   assert 422 in (200, 201)
E    +  where 422 = &lt;Response [422]&gt;.status_code</failure></testcase><testcase classname="backend.tests.test_iter125.TestGrantAIExtras" name="test_ai_review_includes_extras" time="13.807" /></testsuite></testsuites>