<?xml version="1.0" encoding="utf-8"?><testsuites name="pytest tests"><testsuite name="pytest" errors="0" failures="4" skipped="0" tests="9" time="4.402" timestamp="2026-08-22T18:40:30.453080+00:00" hostname="agent-env-4c7b8162-96d0-4f81-acb9-11f831a40275"><testcase classname="backend.tests.test_iter122_admin_roles_expansion" name="test_secretary_can_assign_match_official" time="3.076"><failure message="AssertionError: Secretary was BLOCKED from central assignment — got 403: {&quot;detail&quot;:&quot;Only MPCA office bearers may assign match officials.&quot;}&#10;  USER BUG NOT FIXED: 'Only MPCA office bearers may assign match officials.'&#10;assert 403 == 200&#10; +  where 403 = &lt;Response [403 Forbidden]&gt;.status_code">backend/tests/test_iter122_admin_roles_expansion.py:93: in test_secretary_can_assign_match_official
    assert r.status_code == 200, (
E   AssertionError: Secretary was BLOCKED from central assignment — got 403: {"detail":"Only MPCA office bearers may assign match officials."}
E     USER BUG NOT FIXED: 'Only MPCA office bearers may assign match officials.'
E   assert 403 == 200
E    +  where 403 = &lt;Response [403 Forbidden]&gt;.status_code</failure></testcase><testcase classname="backend.tests.test_iter122_admin_roles_expansion" name="test_division_secretary_blocked_from_central_assignment" time="0.275" /><testcase classname="backend.tests.test_iter122_admin_roles_expansion" name="test_secretary_can_list_player_registrations" time="0.025" /><testcase classname="backend.tests.test_iter122_admin_roles_expansion" name="test_vice_president_can_list_members" time="0.273" /><testcase classname="backend.tests.test_iter122_admin_roles_expansion" name="test_vice_president_can_assign_match_official" time="0.027"><failure message="AssertionError: VP central-assign failed: 403 {&quot;detail&quot;:&quot;Only MPCA office bearers may assign match officials.&quot;}&#10;assert 403 == 200&#10; +  where 403 = &lt;Response [403 Forbidden]&gt;.status_code">backend/tests/test_iter122_admin_roles_expansion.py:147: in test_vice_president_can_assign_match_official
    assert r.status_code == 200, f"VP central-assign failed: {r.status_code} {r.text}"
E   AssertionError: VP central-assign failed: 403 {"detail":"Only MPCA office bearers may assign match officials."}
E   assert 403 == 200
E    +  where 403 = &lt;Response [403 Forbidden]&gt;.status_code</failure></testcase><testcase classname="backend.tests.test_iter122_admin_roles_expansion" name="test_joint_secretary_can_assign_match_official" time="0.276"><failure message="AssertionError: Joint Secretary central-assign failed: 403 {&quot;detail&quot;:&quot;Only MPCA office bearers may assign match officials.&quot;}&#10;assert 403 == 200&#10; +  where 403 = &lt;Response [403 Forbidden]&gt;.status_code">backend/tests/test_iter122_admin_roles_expansion.py:163: in test_joint_secretary_can_assign_match_official
    assert r.status_code == 200, f"Joint Secretary central-assign failed: {r.status_code} {r.text}"
E   AssertionError: Joint Secretary central-assign failed: 403 {"detail":"Only MPCA office bearers may assign match officials."}
E   assert 403 == 200
E    +  where 403 = &lt;Response [403 Forbidden]&gt;.status_code</failure></testcase><testcase classname="backend.tests.test_iter122_admin_roles_expansion" name="test_sysadmin_can_assign_match_official" time="0.277"><failure message="AssertionError: SysAdmin central-assign failed: 403 {&quot;detail&quot;:&quot;Only MPCA office bearers may assign match officials.&quot;}&#10;assert 403 == 200&#10; +  where 403 = &lt;Response [403 Forbidden]&gt;.status_code">backend/tests/test_iter122_admin_roles_expansion.py:179: in test_sysadmin_can_assign_match_official
    assert r.status_code == 200, f"SysAdmin central-assign failed: {r.status_code} {r.text}"
E   AssertionError: SysAdmin central-assign failed: 403 {"detail":"Only MPCA office bearers may assign match officials."}
E   assert 403 == 200
E    +  where 403 = &lt;Response [403 Forbidden]&gt;.status_code</failure></testcase><testcase classname="backend.tests.test_iter122_admin_roles_expansion" name="test_rbac_users_count" time="0.025" /><testcase classname="backend.tests.test_iter122_admin_roles_expansion" name="test_rbac_roles_count" time="0.024" /></testsuite></testsuites>