<?xml version="1.0" encoding="utf-8"?><testsuites name="pytest tests"><testsuite name="pytest" errors="0" failures="0" skipped="0" tests="7" time="0.979" timestamp="2026-08-06T11:20:15.828335+00:00" hostname="agent-env-4c7b8162-96d0-4f81-acb9-11f831a40275"><testcase classname="backend.tests.test_m39z_h_parent_div_organiser.TestParentDivOrganiserRights" name="test_mpca_sees_full_matrix_on_dist_host" time="0.201" /><testcase classname="backend.tests.test_m39z_h_parent_div_organiser.TestParentDivOrganiserRights" name="test_parent_div_ind_gets_full_scope_on_dist_alir_ind_host" time="0.125" /><testcase classname="backend.tests.test_m39z_h_parent_div_organiser.TestParentDivOrganiserRights" name="test_unrelated_division_does_not_get_organiser_rights" time="0.109" /><testcase classname="backend.tests.test_m39z_h_parent_div_organiser.TestParentDivOrganiserRights" name="test_district_host_still_gets_organiser" time="0.097" /><testcase classname="backend.tests.test_m39z_h_parent_div_organiser.TestParentDivOrganiserRights" name="test_division_hosted_tournament_host_div_still_organiser" time="0.124" /><testcase classname="backend.tests.test_m39z_h_parent_div_organiser.TestParentDivOrganiserRights" name="test_non_participant_division_on_mpca_owned_gets_scoped" time="0.122" /><testcase classname="backend.tests.test_m39z_h_parent_div_organiser.TestParentDivOrganiserRights" name="test_mpca_on_div_owned_tournament" time="0.129" /></testsuite></testsuites>