<?xml version="1.0" encoding="utf-8"?><testsuites name="pytest tests"><testsuite name="pytest" errors="0" failures="0" skipped="0" tests="8" time="1.422" timestamp="2026-07-14T18:54:25.014843+00:00" hostname="agent-env-4c7b8162-96d0-4f81-acb9-11f831a40275"><testcase classname="backend.tests.test_tournaments_m8" name="test_venues_seeded" time="0.727" /><testcase classname="backend.tests.test_tournaments_m8" name="test_grounds_seeded" time="0.000" /><testcase classname="backend.tests.test_tournaments_m8" name="test_bodies_seeded" time="0.000" /><testcase classname="backend.tests.test_tournaments_m8" name="test_create_tournament_with_venue_and_ground" time="0.169" /><testcase classname="backend.tests.test_tournaments_m8" name="test_create_tournament_ground_not_belong_to_venue" time="0.223" /><testcase classname="backend.tests.test_tournaments_m8" name="test_create_tournament_invalid_host" time="0.067" /><testcase classname="backend.tests.test_tournaments_m8" name="test_create_tournament_age_range_invalid" time="0.068" /><testcase classname="backend.tests.test_tournaments_m8" name="test_cleanup_created" time="0.065" /></testsuite></testsuites>