<?xml version="1.0" encoding="utf-8"?><testsuites name="pytest tests"><testsuite name="pytest" errors="0" failures="0" skipped="1" tests="8" time="0.868" timestamp="2026-07-22T15:43:00.855410+00:00" hostname="agent-env-4c7b8162-96d0-4f81-acb9-11f831a40275"><testcase classname="backend.tests.test_m20_input_variables.TestInputSpec" name="test_scheme_2B_input_spec" time="0.145" /><testcase classname="backend.tests.test_m20_input_variables.TestInputSpec" name="test_scheme_2A_input_spec" time="0.054" /><testcase classname="backend.tests.test_m20_input_variables.TestInputSpec" name="test_scheme_invalid" time="0.053" /><testcase classname="backend.tests.test_m20_input_variables.TestComputeBudget" name="test_compute_2B_defaults" time="0.057" /><testcase classname="backend.tests.test_m20_input_variables.TestComputeBudget" name="test_compute_2B_recompute_on_change" time="0.103" /><testcase classname="backend.tests.test_m20_input_variables.TestInputVariablesPersistence" name="test_patch_input_variables" time="0.113" /><testcase classname="backend.tests.test_m20_input_variables.TestBudgetLifecycle" name="test_full_lifecycle" time="0.212"><skipped type="pytest.skip" message="Tournament already has a non-draft/rejected budget: Approved. Skipping lifecycle test.">/app/backend/tests/test_m20_input_variables.py:129: Tournament already has a non-draft/rejected budget: Approved. Skipping lifecycle test.</skipped></testcase><testcase classname="backend.tests.test_m20_input_variables.TestProgressDerivation" name="test_progress_after_budget_present" time="0.052" /></testsuite></testsuites>