<?xml version="1.0" encoding="utf-8"?><testsuites name="pytest tests"><testsuite name="pytest" errors="0" failures="0" skipped="0" tests="16" time="4.663" timestamp="2026-08-22T09:16:01.135182+00:00" hostname="agent-env-4c7b8162-96d0-4f81-acb9-11f831a40275"><testcase classname="backend.tests.test_iter98_jwt_auth" name="test_login_all_seeded_accounts[president@mpca.in-president]" time="0.846" /><testcase classname="backend.tests.test_iter98_jwt_auth" name="test_login_all_seeded_accounts[secretary@mpca.in-secretary]" time="0.268" /><testcase classname="backend.tests.test_iter98_jwt_auth" name="test_login_all_seeded_accounts[treasurer@mpca.in-treasurer]" time="0.264" /><testcase classname="backend.tests.test_iter98_jwt_auth" name="test_login_all_seeded_accounts[indore.secretary@mpca.in-division-secretary]" time="0.303" /><testcase classname="backend.tests.test_iter98_jwt_auth" name="test_login_all_seeded_accounts[gwalior.secretary@mpca.in-division-secretary-gwl]" time="0.305" /><testcase classname="backend.tests.test_iter98_jwt_auth" name="test_login_all_seeded_accounts[indore.district@mpca.in-district-secretary]" time="0.263" /><testcase classname="backend.tests.test_iter98_jwt_auth" name="test_login_all_seeded_accounts[official@mpca.in-match-official]" time="0.263" /><testcase classname="backend.tests.test_iter98_jwt_auth" name="test_login_wrong_password" time="0.302" /><testcase classname="backend.tests.test_iter98_jwt_auth" name="test_login_unknown_email" time="0.083" /><testcase classname="backend.tests.test_iter98_jwt_auth" name="test_me_with_valid_token" time="0.356" /><testcase classname="backend.tests.test_iter98_jwt_auth" name="test_me_no_token" time="0.127" /><testcase classname="backend.tests.test_iter98_jwt_auth" name="test_me_malformed_token" time="0.094" /><testcase classname="backend.tests.test_iter98_jwt_auth" name="test_me_expired_token" time="0.095" /><testcase classname="backend.tests.test_iter98_jwt_auth" name="test_bcrypt_hash_and_unique_email_index" time="0.014" /><testcase classname="backend.tests.test_iter98_jwt_auth" name="test_logout_stateless" time="0.486" /><testcase classname="backend.tests.test_iter98_jwt_auth" name="test_members_accepts_bearer_and_persona_headers" time="0.365" /></testsuite></testsuites>