<?xml version="1.0" encoding="utf-8"?><testsuites name="pytest tests"><testsuite name="pytest" errors="0" failures="1" skipped="0" tests="17" time="1.401" timestamp="2026-07-15T04:25:59.135265+00:00" hostname="agent-env-4c7b8162-96d0-4f81-acb9-11f831a40275"><testcase classname="backend.tests.test_venues_m9_retest.TestBodyIdMirrorOnCreate" name="test_owner_only_div_ind" time="0.349" /><testcase classname="backend.tests.test_venues_m9_retest.TestBodyIdMirrorOnCreate" name="test_owner_div_bpl_with_domestic_bcci" time="0.046" /><testcase classname="backend.tests.test_venues_m9_retest.TestBodyIdMirrorOnCreate" name="test_legacy_body_id_only_div_gwl" time="0.045"><failure message="AssertionError: Legacy body_id should back-fill owner_body_id; got owner='MPCA'&#10;assert 'MPCA' == 'DIV-GWL'&#10;  &#10;  - DIV-GWL&#10;  + MPCA">backend/tests/test_venues_m9_retest.py:83: in test_legacy_body_id_only_div_gwl
    assert d["owner_body_id"] == "DIV-GWL", (
E   AssertionError: Legacy body_id should back-fill owner_body_id; got owner='MPCA'
E   assert 'MPCA' == 'DIV-GWL'
E     
E     - DIV-GWL
E     + MPCA</failure></testcase><testcase classname="backend.tests.test_venues_m9_retest.TestBodyIdMirrorOnCreate" name="test_bcci_none_flips_calendar_eligible_false" time="0.044" /><testcase classname="backend.tests.test_venues_m9_retest.TestBodyIdMirrorOnPatch" name="test_setup_create_domestic_venue" time="0.046" /><testcase classname="backend.tests.test_venues_m9_retest.TestBodyIdMirrorOnPatch" name="test_patch_owner_updates_body_id" time="0.128" /><testcase classname="backend.tests.test_venues_m9_retest.TestBodyIdMirrorOnPatch" name="test_patch_bcci_none_flips_calendar_false" time="0.047" /><testcase classname="backend.tests.test_venues_m9_retest.TestSeededRegression" name="test_seeded_venue_unchanged[Holkar Cricket Stadium-expected0]" time="0.046" /><testcase classname="backend.tests.test_venues_m9_retest.TestSeededRegression" name="test_seeded_venue_unchanged[Jabalpur Division Ground-expected1]" time="0.000" /><testcase classname="backend.tests.test_venues_m9_retest.TestSeededRegression" name="test_seeded_venue_unchanged[Aishbagh Stadium-expected2]" time="0.000" /><testcase classname="backend.tests.test_venues_m9_retest.TestSeededRegression" name="test_seeded_venue_unchanged[Captain Roop Singh Stadium-expected3]" time="0.000" /><testcase classname="backend.tests.test_venues_m9_retest.TestSeededRegression" name="test_seeded_venue_unchanged[MPCA Indore Academy Ground-expected4]" time="0.000" /><testcase classname="backend.tests.test_venues_m9_retest.TestFilterRegression" name="test_owner_mpca_returns_four_seeded" time="0.043" /><testcase classname="backend.tests.test_venues_m9_retest.TestFilterRegression" name="test_bcci_international_returns_two_seeded" time="0.046" /><testcase classname="backend.tests.test_venues_m9_retest.TestUnknownBodyRejection" name="test_unknown_owner_body" time="0.043" /><testcase classname="backend.tests.test_venues_m9_retest.TestUnknownBodyRejection" name="test_unknown_manager_body" time="0.083" /><testcase classname="backend.tests.test_venues_m9_retest" name="test_zzz_cleanup_m9_venues" time="0.350" /></testsuite></testsuites>