<?xml version="1.0" encoding="utf-8"?><testsuites name="pytest tests"><testsuite name="pytest" errors="0" failures="0" skipped="0" tests="20" time="2.403" timestamp="2026-07-22T11:29:35.617663+00:00" hostname="agent-env-4c7b8162-96d0-4f81-acb9-11f831a40275"><testcase classname="backend.tests.test_tournament_workspace.TestTournamentCreate" name="test_type_code_persisted_on_get" time="0.193" /><testcase classname="backend.tests.test_tournament_workspace.TestProgress" name="test_progress_shape" time="0.046" /><testcase classname="backend.tests.test_tournament_workspace.TestProgress" name="test_setup_phase_steps" time="0.045" /><testcase classname="backend.tests.test_tournament_workspace.TestMatchesAndCalendar" name="test_matches_full_flow" time="0.276" /><testcase classname="backend.tests.test_tournament_workspace.TestMatchesAndCalendar" name="test_input_variables_patch" time="0.085" /><testcase classname="backend.tests.test_tournament_workspace.TestReceipts" name="test_receipt_crud" time="0.180" /><testcase classname="backend.tests.test_tournament_workspace.TestFinancialSummary" name="test_summary_shape" time="0.043" /><testcase classname="backend.tests.test_tournament_workspace.TestClosureLetter" name="test_generate_and_fetch" time="0.248" /><testcase classname="backend.tests.test_tournament_workspace.TestClosureLetter" name="test_closure_flag_on_tournament" time="0.046" /><testcase classname="backend.tests.test_tournament_workspace.TestAllTypeCodesAccepted" name="test_create_accepts_code[inter_div]" time="0.095" /><testcase classname="backend.tests.test_tournament_workspace.TestAllTypeCodesAccepted" name="test_create_accepts_code[inter_district]" time="0.087" /><testcase classname="backend.tests.test_tournament_workspace.TestAllTypeCodesAccepted" name="test_create_accepts_code[inter_div_travel]" time="0.085" /><testcase classname="backend.tests.test_tournament_workspace.TestAllTypeCodesAccepted" name="test_create_accepts_code[pre_camp]" time="0.087" /><testcase classname="backend.tests.test_tournament_workspace.TestAllTypeCodesAccepted" name="test_create_accepts_code[reciprocal]" time="0.085" /><testcase classname="backend.tests.test_tournament_workspace.TestAllTypeCodesAccepted" name="test_create_accepts_code[coaching_camp]" time="0.108" /><testcase classname="backend.tests.test_tournament_workspace.TestAllTypeCodesAccepted" name="test_create_accepts_code[vacation_camp]" time="0.095" /><testcase classname="backend.tests.test_tournament_workspace.TestAllTypeCodesAccepted" name="test_create_accepts_code[inter_school]" time="0.090" /><testcase classname="backend.tests.test_tournament_workspace.TestAllTypeCodesAccepted" name="test_create_accepts_code[inter_club]" time="0.087" /><testcase classname="backend.tests.test_tournament_workspace.TestAllTypeCodesAccepted" name="test_create_accepts_code[bcci_staging]" time="0.087" /><testcase classname="backend.tests.test_tournament_workspace.TestAllTypeCodesAccepted" name="test_create_accepts_code[away_participation]" time="0.126" /></testsuite></testsuites>