<?xml version="1.0" encoding="utf-8"?><testsuites name="pytest tests"><testsuite name="pytest" errors="0" failures="0" skipped="0" tests="5" time="4.776" timestamp="2026-08-22T21:04:51.344831+00:00" hostname="agent-env-4c7b8162-96d0-4f81-acb9-11f831a40275"><testcase classname="backend.tests.test_iter123x_public_uploads.TestPublicUploads" name="test_happy_path_valid_token" time="4.158" /><testcase classname="backend.tests.test_iter123x_public_uploads.TestPublicUploads" name="test_invalid_token_returns_404" time="0.122" /><testcase classname="backend.tests.test_iter123x_public_uploads.TestPublicUploads" name="test_wrong_scope_returns_400" time="0.125" /><testcase classname="backend.tests.test_iter123x_public_uploads.TestPublicUploads" name="test_missing_token_returns_400" time="0.123" /><testcase classname="backend.tests.test_iter123x_public_uploads.TestPublicUploads" name="test_protected_uploads_still_requires_auth" time="0.177" /></testsuite></testsuites>