<?xml version="1.0" encoding="utf-8"?><testsuites name="pytest tests"><testsuite name="pytest" errors="0" failures="0" skipped="0" tests="47" time="4.371" timestamp="2026-05-18T05:23:40.848673+00:00" hostname="agent-env-4c7b8162-96d0-4f81-acb9-11f831a40275"><testcase classname="backend.tests.test_phase3_6_claims.TestVersion" name="test_root_version_3_6_0" time="0.291" /><testcase classname="backend.tests.test_phase3_6_claims.TestBodyIdMigration" name="test_body_id_present_on_every_record[/members]" time="0.044" /><testcase classname="backend.tests.test_phase3_6_claims.TestBodyIdMigration" name="test_body_id_present_on_every_record[/disclosures]" time="0.045" /><testcase classname="backend.tests.test_phase3_6_claims.TestBodyIdMigration" name="test_body_id_present_on_every_record[/meetings]" time="0.046" /><testcase classname="backend.tests.test_phase3_6_claims.TestBodyIdMigration" name="test_body_id_present_on_every_record[/elections]" time="0.045" /><testcase classname="backend.tests.test_phase3_6_claims.TestBodyIdMigration" name="test_body_id_present_on_every_record[/fees]" time="0.047" /><testcase classname="backend.tests.test_phase3_6_claims.TestBodyIdMigration" name="test_body_id_present_on_every_record[/bank/accounts]" time="0.048" /><testcase classname="backend.tests.test_phase3_6_claims.TestBodyIdMigration" name="test_body_id_present_on_every_record[/bank/transactions]" time="0.045" /><testcase classname="backend.tests.test_phase3_6_claims.TestBodyIdMigration" name="test_members_filter_by_body_id_mpca" time="0.052" /><testcase classname="backend.tests.test_phase3_6_claims.TestClaimsRead" name="test_list_claims_returns_seeded_four" time="0.045" /><testcase classname="backend.tests.test_phase3_6_claims.TestClaimsRead" name="test_seed_statuses_span_lifecycle" time="0.046" /><testcase classname="backend.tests.test_phase3_6_claims.TestClaimsRead" name="test_filter_status_submitted" time="0.078" /><testcase classname="backend.tests.test_phase3_6_claims.TestClaimsRead" name="test_filter_body_id" time="0.048" /><testcase classname="backend.tests.test_phase3_6_claims.TestClaimsRead" name="test_filter_parent_body_id_mpca" time="0.045" /><testcase classname="backend.tests.test_phase3_6_claims.TestClaimsRead" name="test_filter_fiscal_cycle" time="0.042" /><testcase classname="backend.tests.test_phase3_6_claims.TestClaimsRead" name="test_get_claim_by_id" time="0.089" /><testcase classname="backend.tests.test_phase3_6_claims.TestClaimsRead" name="test_get_claim_invalid_id_404" time="0.049" /><testcase classname="backend.tests.test_phase3_6_claims.TestClaimsStats" name="test_summary_has_all_keys" time="0.046" /><testcase classname="backend.tests.test_phase3_6_claims.TestClaimCreate" name="test_create_draft_claim_ok" time="0.114" /><testcase classname="backend.tests.test_phase3_6_claims.TestClaimCreate" name="test_create_with_bogus_body_id_400" time="0.045" /><testcase classname="backend.tests.test_phase3_6_claims.TestWorkflowHappyPath" name="test_full_lifecycle" time="0.228" /><testcase classname="backend.tests.test_phase3_6_claims.TestWorkflowGuards" name="test_cannot_recommend_draft" time="0.087" /><testcase classname="backend.tests.test_phase3_6_claims.TestWorkflowGuards" name="test_cannot_sanction_draft" time="0.092" /><testcase classname="backend.tests.test_phase3_6_claims.TestWorkflowGuards" name="test_cannot_disburse_draft" time="0.101" /><testcase classname="backend.tests.test_phase3_6_claims.TestWorkflowGuards" name="test_cannot_submit_twice" time="0.136" /><testcase classname="backend.tests.test_phase3_6_claims.TestWorkflowGuards" name="test_cannot_sanction_submitted" time="0.133" /><testcase classname="backend.tests.test_phase3_6_claims.TestWorkflowGuards" name="test_cannot_disburse_recommended" time="0.176" /><testcase classname="backend.tests.test_phase3_6_claims.TestWorkflowGuards" name="test_cannot_reject_disbursed" time="0.292" /><testcase classname="backend.tests.test_phase3_6_claims.TestReturn" name="test_return_on_submitted_resets_parent_to_division" time="0.133" /><testcase classname="backend.tests.test_phase3_6_claims.TestReturn" name="test_resubmit_after_return" time="0.178" /><testcase classname="backend.tests.test_phase3_6_claims.TestReturn" name="test_cannot_return_draft" time="0.095" /><testcase classname="backend.tests.test_phase3_6_claims.TestReject" name="test_reject_at_submitted" time="0.145" /><testcase classname="backend.tests.test_phase3_6_claims.TestReject" name="test_reject_at_recommended" time="0.177" /><testcase classname="backend.tests.test_phase3_6_claims.TestReject" name="test_reject_at_sanctioned" time="0.230" /><testcase classname="backend.tests.test_phase3_6_claims.TestRegression" name="test_endpoint_still_200[/bodies]" time="0.050" /><testcase classname="backend.tests.test_phase3_6_claims.TestRegression" name="test_endpoint_still_200[/bodies/tree]" time="0.050" /><testcase classname="backend.tests.test_phase3_6_claims.TestRegression" name="test_endpoint_still_200[/members]" time="0.044" /><testcase classname="backend.tests.test_phase3_6_claims.TestRegression" name="test_endpoint_still_200[/disclosures]" time="0.045" /><testcase classname="backend.tests.test_phase3_6_claims.TestRegression" name="test_endpoint_still_200[/meetings]" time="0.043" /><testcase classname="backend.tests.test_phase3_6_claims.TestRegression" name="test_endpoint_still_200[/elections]" time="0.043" /><testcase classname="backend.tests.test_phase3_6_claims.TestRegression" name="test_endpoint_still_200[/fees]" time="0.041" /><testcase classname="backend.tests.test_phase3_6_claims.TestRegression" name="test_endpoint_still_200[/bank/accounts]" time="0.044" /><testcase classname="backend.tests.test_phase3_6_claims.TestRegression" name="test_endpoint_still_200[/bank/transactions]" time="0.048" /><testcase classname="backend.tests.test_phase3_6_claims.TestRegression" name="test_endpoint_still_200[/financial-powers]" time="0.049" /><testcase classname="backend.tests.test_phase3_6_claims.TestRegression" name="test_endpoint_still_200[/dashboard/stats]" time="0.052" /><testcase classname="backend.tests.test_phase3_6_claims.TestRegression" name="test_verify_uid" time="0.093" /><testcase classname="backend.tests.test_phase3_6_claims.TestRegression" name="test_member_profile_uid" time="0.088" /></testsuite></testsuites>