<?xml version="1.0" encoding="utf-8"?><testsuites name="pytest tests"><testsuite name="pytest" errors="0" failures="0" skipped="0" tests="9" time="1.915" timestamp="2026-08-22T18:44:11.859184+00:00" hostname="agent-env-4c7b8162-96d0-4f81-acb9-11f831a40275"><testcase classname="backend.tests.test_iter122_admin_roles_expansion" name="test_secretary_can_assign_match_official" time="0.381" /><testcase classname="backend.tests.test_iter122_admin_roles_expansion" name="test_division_secretary_blocked_from_central_assignment" time="0.272" /><testcase classname="backend.tests.test_iter122_admin_roles_expansion" name="test_secretary_can_list_player_registrations" time="0.024" /><testcase classname="backend.tests.test_iter122_admin_roles_expansion" name="test_vice_president_can_list_members" time="0.272" /><testcase classname="backend.tests.test_iter122_admin_roles_expansion" name="test_vice_president_can_assign_match_official" time="0.060" /><testcase classname="backend.tests.test_iter122_admin_roles_expansion" name="test_joint_secretary_can_assign_match_official" time="0.302" /><testcase classname="backend.tests.test_iter122_admin_roles_expansion" name="test_sysadmin_can_assign_match_official" time="0.474" /><testcase classname="backend.tests.test_iter122_admin_roles_expansion" name="test_rbac_users_count" time="0.024" /><testcase classname="backend.tests.test_iter122_admin_roles_expansion" name="test_rbac_roles_count" time="0.029" /></testsuite></testsuites>