<?xml version="1.0" encoding="utf-8"?><testsuites name="pytest tests"><testsuite name="pytest" errors="0" failures="0" skipped="0" tests="25" time="2.014" timestamp="2026-07-13T14:50:54.307324+00:00" hostname="agent-env-4c7b8162-96d0-4f81-acb9-11f831a40275"><testcase classname="backend.tests.test_sprint4_governance.TestDMS" name="test_list_documents_seeded" time="0.255" /><testcase classname="backend.tests.test_sprint4_governance.TestDMS" name="test_dms_summary" time="0.050" /><testcase classname="backend.tests.test_sprint4_governance.TestDMS" name="test_documents_expiring" time="0.080" /><testcase classname="backend.tests.test_sprint4_governance.TestDMS" name="test_create_document_auto_docno" time="0.161" /><testcase classname="backend.tests.test_sprint4_governance.TestDMS" name="test_create_document_missing_fields_422" time="0.050" /><testcase classname="backend.tests.test_sprint4_governance.TestDMS" name="test_archive_document" time="0.106" /><testcase classname="backend.tests.test_sprint4_governance.TestDMS" name="test_kyc_sync_idempotent" time="0.120" /><testcase classname="backend.tests.test_sprint4_governance.TestCompliance" name="test_list_compliance_seeded" time="0.050" /><testcase classname="backend.tests.test_sprint4_governance.TestCompliance" name="test_compliance_dashboard" time="0.055" /><testcase classname="backend.tests.test_sprint4_governance.TestCompliance" name="test_dashboard_esi_is_overdue" time="0.053" /><testcase classname="backend.tests.test_sprint4_governance.TestCompliance" name="test_next_due_maths_monthly" time="0.047" /><testcase classname="backend.tests.test_sprint4_governance.TestCompliance" name="test_file_compliance_and_duplicate_rejected" time="0.152" /><testcase classname="backend.tests.test_sprint4_governance.TestCompliance" name="test_create_compliance" time="0.049" /><testcase classname="backend.tests.test_sprint4_governance.TestAuditPack" name="test_preview" time="0.053" /><testcase classname="backend.tests.test_sprint4_governance.TestAuditPack" name="test_pdf_generation" time="0.148" /><testcase classname="backend.tests.test_sprint4_governance.TestRegression" name="test_regression_endpoint_200[/api/division-grants]" time="0.052" /><testcase classname="backend.tests.test_sprint4_governance.TestRegression" name="test_regression_endpoint_200[/api/vouchers]" time="0.049" /><testcase classname="backend.tests.test_sprint4_governance.TestRegression" name="test_regression_endpoint_200[/api/ledger?body_id=MPCA&amp;fiscal_cycle=2026-27]" time="0.050" /><testcase classname="backend.tests.test_sprint4_governance.TestRegression" name="test_regression_endpoint_200[/api/finance/budget-vs-actual]" time="0.055" /><testcase classname="backend.tests.test_sprint4_governance.TestRegression" name="test_regression_endpoint_200[/api/purchase-orders]" time="0.047" /><testcase classname="backend.tests.test_sprint4_governance.TestRegression" name="test_regression_endpoint_200[/api/vendors-kyc/summary]" time="0.052" /><testcase classname="backend.tests.test_sprint4_governance.TestRegression" name="test_regression_endpoint_200[/api/assets]" time="0.050" /><testcase classname="backend.tests.test_sprint4_governance.TestRegression" name="test_regression_endpoint_200[/api/employees]" time="0.049" /><testcase classname="backend.tests.test_sprint4_governance.TestRegression" name="test_regression_endpoint_200[/api/payroll/registers]" time="0.052" /><testcase classname="backend.tests.test_sprint4_governance.TestRegression" name="test_regression_endpoint_200[/api/shared/audit-log]" time="0.060" /></testsuite></testsuites>