<?xml version="1.0" encoding="utf-8"?><testsuites name="pytest tests"><testsuite name="pytest" errors="0" failures="0" skipped="0" tests="10" time="1.510" timestamp="2026-07-15T10:40:57.386734+00:00" hostname="agent-env-4c7b8162-96d0-4f81-acb9-11f831a40275"><testcase classname="backend.tests.test_iter30_seven_bugs.TestBug1TournamentScoping" name="test_state_persona_sees_all" time="0.249" /><testcase classname="backend.tests.test_iter30_seven_bugs.TestBug1TournamentScoping" name="test_division_secretary_scoped" time="0.103" /><testcase classname="backend.tests.test_iter30_seven_bugs.TestBug1TournamentScoping" name="test_district_secretary_scoped" time="0.135" /><testcase classname="backend.tests.test_iter30_seven_bugs.TestBug1TournamentScoping" name="test_ct_sarwate_not_in_division_scope" time="0.230" /><testcase classname="backend.tests.test_iter30_seven_bugs.TestBug3MatchOfficialsPool" name="test_officials_endpoint_lists_umesh" time="0.200" /><testcase classname="backend.tests.test_iter30_seven_bugs.TestBug4SchemeCalculator" name="test_scheme_2d_input_spec" time="0.103" /><testcase classname="backend.tests.test_iter30_seven_bugs.TestBug4SchemeCalculator" name="test_scheme_2d_compute_budget" time="0.106" /><testcase classname="backend.tests.test_iter30_seven_bugs.TestBug4SchemeCalculator" name="test_scheme_2b_compute_budget" time="0.101" /><testcase classname="backend.tests.test_iter30_seven_bugs.TestBug4SchemeCalculator" name="test_scheme_2b_input_spec" time="0.099" /><testcase classname="backend.tests.test_iter30_seven_bugs.TestBug5SquadVerdict" name="test_squad_recommendation_has_verdict" time="0.103" /></testsuite></testsuites>