<?xml version="1.0" encoding="utf-8"?><testsuites name="pytest tests"><testsuite name="pytest" errors="0" failures="0" skipped="0" tests="28" time="2.991" timestamp="2026-07-13T13:24:32.400708+00:00" hostname="agent-env-4c7b8162-96d0-4f81-acb9-11f831a40275"><testcase classname="backend.tests.test_sprint1_finance" name="test_root_ok" time="0.250" /><testcase classname="backend.tests.test_sprint1_finance" name="test_regression_endpoints[/claims]" time="0.051" /><testcase classname="backend.tests.test_sprint1_finance" name="test_regression_endpoints[/vendors]" time="0.047" /><testcase classname="backend.tests.test_sprint1_finance" name="test_regression_endpoints[/bodies]" time="0.049" /><testcase classname="backend.tests.test_sprint1_finance" name="test_regression_endpoints[/tournaments]" time="0.054" /><testcase classname="backend.tests.test_sprint1_finance" name="test_regression_endpoints[/players]" time="0.051" /><testcase classname="backend.tests.test_sprint1_finance" name="test_regression_endpoints[/vendor-bills]" time="0.048" /><testcase classname="backend.tests.test_sprint1_finance" name="test_regression_endpoints[/tournament-budgets]" time="0.049" /><testcase classname="backend.tests.test_sprint1_finance" name="test_regression_endpoints[/procurement]" time="0.046" /><testcase classname="backend.tests.test_sprint1_finance" name="test_regression_endpoints[/shared/audit-log]" time="0.049" /><testcase classname="backend.tests.test_sprint1_finance" name="test_regression_endpoints[/tournament-invoices]" time="0.047" /><testcase classname="backend.tests.test_sprint1_finance" name="test_regression_endpoints[/fixtures]" time="0.051" /><testcase classname="backend.tests.test_sprint1_finance" name="test_regression_endpoints[/extra-expense-requests]" time="0.048" /><testcase classname="backend.tests.test_sprint1_finance" name="test_seeded_grants" time="0.048" /><testcase classname="backend.tests.test_sprint1_finance" name="test_grants_stats_summary" time="0.048" /><testcase classname="backend.tests.test_sprint1_finance" name="test_create_grant_and_code_pattern" time="0.101" /><testcase classname="backend.tests.test_sprint1_finance" name="test_create_grant_rejects_non_division" time="0.044" /><testcase classname="backend.tests.test_sprint1_finance" name="test_create_grant_rejects_zero_amount" time="0.045" /><testcase classname="backend.tests.test_sprint1_finance" name="test_workflow_full_flow" time="0.532" /><testcase classname="backend.tests.test_sprint1_finance" name="test_secretary_approve_rejects_over_requested" time="0.209" /><testcase classname="backend.tests.test_sprint1_finance" name="test_send_back_requires_note" time="0.256" /><testcase classname="backend.tests.test_sprint1_finance" name="test_reject_requires_note" time="0.217" /><testcase classname="backend.tests.test_sprint1_finance" name="test_vouchers_list_has_grant_linked" time="0.050" /><testcase classname="backend.tests.test_sprint1_finance" name="test_ledger_mpca_running_balance" time="0.054" /><testcase classname="backend.tests.test_sprint1_finance" name="test_ledger_export_xlsx" time="0.238" /><testcase classname="backend.tests.test_sprint1_finance" name="test_ledger_export_pdf" time="0.110" /><testcase classname="backend.tests.test_sprint1_finance" name="test_budget_vs_actual_shape_and_64_rows" time="0.049" /><testcase classname="backend.tests.test_sprint1_finance" name="test_audit_log_returns_events" time="0.048" /></testsuite></testsuites>