<?xml version="1.0" encoding="utf-8"?><testsuites name="pytest tests"><testsuite name="pytest" errors="0" failures="0" skipped="0" tests="4" time="4.576" timestamp="2026-08-22T22:33:49.565686+00:00" hostname="agent-env-4c7b8162-96d0-4f81-acb9-11f831a40275"><testcase classname="backend.tests.test_finance_summary_by_body" name="test_finance_summary_by_body_ok" time="3.746" /><testcase classname="backend.tests.test_finance_summary_by_body" name="test_finance_summary_totals" time="0.117" /><testcase classname="backend.tests.test_finance_summary_by_body" name="test_finance_summary_404" time="0.152" /><testcase classname="backend.tests.test_finance_summary_by_body" name="test_attached_invoices_file_url_auth_required" time="0.490" /></testsuite></testsuites>