<?xml version="1.0" encoding="utf-8"?><testsuites name="pytest tests"><testsuite name="pytest" errors="0" failures="0" skipped="0" tests="10" time="0.432" timestamp="2026-08-22T06:03:46.535220+00:00" hostname="agent-env-4c7b8162-96d0-4f81-acb9-11f831a40275"><testcase classname="tests.test_tournament_eligibility" name="test_eligible_happy_path_u15" time="0.000" /><testcase classname="tests.test_tournament_eligibility" name="test_over_age_blocked" time="0.000" /><testcase classname="tests.test_tournament_eligibility" name="test_under_age_blocked" time="0.000" /><testcase classname="tests.test_tournament_eligibility" name="test_gender_mismatch" time="0.000" /><testcase classname="tests.test_tournament_eligibility" name="test_medical_missing_when_required" time="0.000" /><testcase classname="tests.test_tournament_eligibility" name="test_medical_ignored_when_not_required" time="0.000" /><testcase classname="tests.test_tournament_eligibility" name="test_dob_missing_when_fencepost_set" time="0.000" /><testcase classname="tests.test_tournament_eligibility" name="test_no_master_row_returns_eligible" time="0.000" /><testcase classname="tests.test_tournament_eligibility" name="test_multiple_reasons_returned" time="0.000" /><testcase classname="tests.test_tournament_eligibility" name="test_endpoint_returns_split_and_reasons" time="0.403" /></testsuite></testsuites>