<?xml version="1.0" encoding="utf-8"?><testsuites name="pytest tests"><testsuite name="pytest" errors="0" failures="0" skipped="0" tests="15" time="6.781" timestamp="2026-08-24T08:35:41.964489+00:00" hostname="agent-env-4c7b8162-96d0-4f81-acb9-11f831a40275"><testcase classname="backend.tests.test_iter128_correction.TestCorrectionCreate" name="test_happy_create" time="4.289" /><testcase classname="backend.tests.test_iter128_correction.TestCorrectionCreate" name="test_reject_empty_note" time="0.152" /><testcase classname="backend.tests.test_iter128_correction.TestCorrectionCreate" name="test_reject_no_flags" time="0.134" /><testcase classname="backend.tests.test_iter128_correction.TestCorrectionCreate" name="test_reject_unknown_field_key" time="0.126" /><testcase classname="backend.tests.test_iter128_correction.TestCorrectionCreate" name="test_approved_cannot_be_requested" time="0.245" /><testcase classname="backend.tests.test_iter128_correction.TestPublicCorrection" name="test_public_get" time="0.132" /><testcase classname="backend.tests.test_iter128_correction.TestPublicCorrection" name="test_public_submit_rejects_unflagged" time="0.160" /><testcase classname="backend.tests.test_iter128_correction.TestPublicCorrection" name="test_public_submit_ok" time="0.124" /><testcase classname="backend.tests.test_iter128_correction.TestPublicCorrection" name="test_public_submit_twice_returns_410" time="0.148" /><testcase classname="backend.tests.test_iter128_correction.TestPublicCorrection" name="test_public_get_after_resubmit" time="0.152" /><testcase classname="backend.tests.test_iter128_correction.TestPublicCorrection" name="test_bogus_token" time="0.121" /><testcase classname="backend.tests.test_iter128_correction.TestCorrectionHistoryAndCancel" name="test_registration_flipped_back_to_submitted" time="0.125" /><testcase classname="backend.tests.test_iter128_correction.TestCorrectionHistoryAndCancel" name="test_history_strips_token" time="0.145" /><testcase classname="backend.tests.test_iter128_correction.TestCorrectionHistoryAndCancel" name="test_cancel_flow" time="0.516" /><testcase classname="backend.tests.test_iter128_correction.TestCorrectionHistoryAndCancel" name="test_non_owner_forbidden" time="0.117" /></testsuite></testsuites>