<?xml version="1.0" encoding="utf-8"?><testsuites name="pytest tests"><testsuite name="pytest" errors="0" failures="0" skipped="0" tests="15" time="2.315" timestamp="2026-07-14T17:46:31.898062+00:00" hostname="agent-env-4c7b8162-96d0-4f81-acb9-11f831a40275"><testcase classname="backend.tests.test_members_m6.TestMemberCategories" name="test_list_seeded_categories" time="0.223" /><testcase classname="backend.tests.test_members_m6.TestMemberCategories" name="test_create_category_as_secretary" time="0.136" /><testcase classname="backend.tests.test_members_m6.TestMemberCategories" name="test_create_duplicate_rejected" time="0.067" /><testcase classname="backend.tests.test_members_m6.TestMemberCategories" name="test_create_rbac_blocks_non_bearer" time="0.070" /><testcase classname="backend.tests.test_members_m6.TestMemberCategories" name="test_patch_and_delete_flow" time="0.317" /><testcase classname="backend.tests.test_members_m6.TestBulkUpload" name="test_template_endpoint" time="0.064" /><testcase classname="backend.tests.test_members_m6.TestBulkUpload" name="test_dry_run_inserts_nothing" time="0.187" /><testcase classname="backend.tests.test_members_m6.TestBulkUpload" name="test_real_upload_with_aliases_and_skips" time="0.253" /><testcase classname="backend.tests.test_members_m6.TestBulkUpload" name="test_bulk_upload_rbac" time="0.078" /><testcase classname="backend.tests.test_members_m6.TestStatsAndFilters" name="test_stats_shape" time="0.082" /><testcase classname="backend.tests.test_members_m6.TestStatsAndFilters" name="test_filter_by_member_type_division" time="0.271" /><testcase classname="backend.tests.test_members_m6.TestMemberRBAC" name="test_patch_as_secretary_ok" time="0.211" /><testcase classname="backend.tests.test_members_m6.TestMemberRBAC" name="test_patch_non_bearer_mismatched_email_blocked" time="0.061" /><testcase classname="backend.tests.test_members_m6.TestMemberRBAC" name="test_patch_non_bearer_matching_email_ok" time="0.064" /><testcase classname="backend.tests.test_members_m6.TestMemberRBAC" name="test_delete_blocked_for_non_bearer" time="0.134" /></testsuite></testsuites>