<?xml version="1.0" encoding="utf-8"?><testsuites name="pytest tests"><testsuite name="pytest" errors="0" failures="0" skipped="0" tests="14" time="10.774" timestamp="2026-08-22T18:18:28.525546+00:00" hostname="agent-env-4c7b8162-96d0-4f81-acb9-11f831a40275"><testcase classname="tests.test_mc_engine" name="test_mc_admin_lists_17_workflows" time="7.639" /><testcase classname="tests.test_mc_engine" name="test_mc_admin_posts_catalog_has_new_posts" time="0.276" /><testcase classname="tests.test_mc_engine" name="test_mc_admin_requires_rbac_manage_permission" time="0.285" /><testcase classname="tests.test_mc_engine" name="test_mc_runtime_state_shape" time="0.303" /><testcase classname="tests.test_mc_engine" name="test_mc_rework_inbox_endpoint" time="0.288" /><testcase classname="tests.test_mc_engine" name="test_mc_two_person_rule_end_to_end" time="0.659" /><testcase classname="tests.test_iter121_tournament_mc" name="test_fresh_tournament_create_fires_mc_submit" time="0.304" /><testcase classname="tests.test_iter121_tournament_mc" name="test_backfilled_madhavrao_pending_review" time="0.312" /><testcase classname="tests.test_iter121_tournament_mc" name="test_secretary_can_approve" time="0.029" /><testcase classname="tests.test_iter121_tournament_mc" name="test_cao_cannot_self_approve" time="0.068" /><testcase classname="tests.test_iter121_tournament_mc" name="test_tournaments_roster_regression" time="0.032" /><testcase classname="tests.test_iter121_tournament_mc" name="test_rbac_users_and_roles" time="0.315" /><testcase classname="tests.test_iter121_tournament_mc" name="test_sysadmin_login_no_force_reset" time="0.025" /><testcase classname="tests.test_iter121_tournament_mc" name="test_cleanup_test_tournaments" time="0.140" /></testsuite></testsuites>