<?xml version="1.0" encoding="utf-8"?><testsuites name="pytest tests"><testsuite name="pytest" errors="0" failures="0" skipped="1" tests="4" time="8.641" timestamp="2026-08-22T21:43:16.911804+00:00" hostname="agent-env-4c7b8162-96d0-4f81-acb9-11f831a40275"><testcase classname="backend.tests.test_reimb_claim_rollup" name="test_list_claims_draft_has_live_amount" time="7.943" /><testcase classname="backend.tests.test_reimb_claim_rollup" name="test_get_claim_detail_draft_has_summary" time="0.242" /><testcase classname="backend.tests.test_reimb_claim_rollup" name="test_submitted_claim_frozen" time="0.117"><skipped type="pytest.skip" message="No submitted claims to regress">/app/backend/tests/test_reimb_claim_rollup.py:81: No submitted claims to regress</skipped></testcase><testcase classname="backend.tests.test_reimb_claim_rollup" name="test_submit_precondition_unchanged" time="0.265" /></testsuite></testsuites>