<?xml version="1.0" encoding="utf-8"?><testsuites name="pytest tests"><testsuite name="pytest" errors="0" failures="0" skipped="0" tests="36" time="3.006" timestamp="2026-07-13T13:47:09.728209+00:00" hostname="agent-env-4c7b8162-96d0-4f81-acb9-11f831a40275"><testcase classname="backend.tests.test_sprint2_procurement.TestKycSummary" name="test_summary_shape" time="0.164" /><testcase classname="backend.tests.test_sprint2_procurement.TestKycSummary" name="test_auto_expired_flag" time="0.053" /><testcase classname="backend.tests.test_sprint2_procurement.TestKycLifecycle" name="test_submit_docs_missing_returns_400" time="0.058" /><testcase classname="backend.tests.test_sprint2_procurement.TestKycLifecycle" name="test_submit_then_verify_then_expiry_and_tds" time="0.111" /><testcase classname="backend.tests.test_sprint2_procurement.TestKycLifecycle" name="test_verify_from_wrong_state_returns_400" time="0.054" /><testcase classname="backend.tests.test_sprint2_procurement.TestKycLifecycle" name="test_reject_requires_note" time="0.114" /><testcase classname="backend.tests.test_sprint2_procurement.TestPoListing" name="test_list_returns_seeded_pos" time="0.049" /><testcase classname="backend.tests.test_sprint2_procurement.TestPoListing" name="test_stats_summary_shape" time="0.050" /><testcase classname="backend.tests.test_sprint2_procurement.TestPoCreateGuards" name="test_non_kyc_verified_vendor_rejected" time="0.051" /><testcase classname="backend.tests.test_sprint2_procurement.TestPoCreateGuards" name="test_blacklisted_vendor_rejected" time="0.049" /><testcase classname="backend.tests.test_sprint2_procurement.TestPoCreateGuards" name="test_empty_items_rejected" time="0.097" /><testcase classname="backend.tests.test_sprint2_procurement.TestPoCreateGuards" name="test_auto_totals_and_2step_threshold" time="0.050" /><testcase classname="backend.tests.test_sprint2_procurement.TestPoCreateGuards" name="test_auto_totals_3step_threshold" time="0.051" /><testcase classname="backend.tests.test_sprint2_procurement.TestPoTwoStepWorkflow" name="test_submit" time="0.108" /><testcase classname="backend.tests.test_sprint2_procurement.TestPoTwoStepWorkflow" name="test_double_submit_400" time="0.049" /><testcase classname="backend.tests.test_sprint2_procurement.TestPoTwoStepWorkflow" name="test_approve_2step_single_approval_completes" time="0.048" /><testcase classname="backend.tests.test_sprint2_procurement.TestPoTwoStepWorkflow" name="test_issue" time="0.049" /><testcase classname="backend.tests.test_sprint2_procurement.TestPoTwoStepWorkflow" name="test_mark_received_full" time="0.049" /><testcase classname="backend.tests.test_sprint2_procurement.TestPoTwoStepWorkflow" name="test_link_bill_partial_and_full_paid" time="0.100" /><testcase classname="backend.tests.test_sprint2_procurement.TestPoTwoStepWorkflow" name="test_link_bill_overage_returns_400" time="0.052" /><testcase classname="backend.tests.test_sprint2_procurement.TestPoTwoStepWorkflow" name="test_burn_down_shape" time="0.049" /><testcase classname="backend.tests.test_sprint2_procurement.TestPoThreeStepGate" name="test_submit" time="0.119" /><testcase classname="backend.tests.test_sprint2_procurement.TestPoThreeStepGate" name="test_first_approve_moves_to_finance_stage_but_stays_submitted" time="0.050" /><testcase classname="backend.tests.test_sprint2_procurement.TestPoThreeStepGate" name="test_second_approve_moves_to_approved" time="0.049" /><testcase classname="backend.tests.test_sprint2_procurement.TestPoThreeStepGate" name="test_issue_before_receive_partial" time="0.052" /><testcase classname="backend.tests.test_sprint2_procurement.TestPoPartialReceipt" name="test_partial_60pct" time="0.279" /><testcase classname="backend.tests.test_sprint2_procurement.TestPoPartialReceipt" name="test_repeatable_partial_80pct" time="0.047" /><testcase classname="backend.tests.test_sprint2_procurement.TestPoPartialReceipt" name="test_final_100pct_flips_to_received" time="0.047" /><testcase classname="backend.tests.test_sprint2_procurement.TestPoSendBackCancel" name="test_send_back_requires_note" time="0.208" /><testcase classname="backend.tests.test_sprint2_procurement.TestPoSendBackCancel" name="test_cancel_requires_note_and_blocks_paid" time="0.192" /><testcase classname="backend.tests.test_sprint2_procurement.TestSprint1Regression" name="test_root" time="0.047" /><testcase classname="backend.tests.test_sprint2_procurement.TestSprint1Regression" name="test_division_grants" time="0.048" /><testcase classname="backend.tests.test_sprint2_procurement.TestSprint1Regression" name="test_ledger" time="0.051" /><testcase classname="backend.tests.test_sprint2_procurement.TestSprint1Regression" name="test_budget_vs_actual" time="0.055" /><testcase classname="backend.tests.test_sprint2_procurement.TestSprint1Regression" name="test_vouchers" time="0.047" /><testcase classname="backend.tests.test_sprint2_procurement.TestSprint1Regression" name="test_audit_log" time="0.071" /></testsuite></testsuites>