<?xml version="1.0" encoding="utf-8"?><testsuites name="pytest tests"><testsuite name="pytest" errors="0" failures="0" skipped="1" tests="4" time="4.922" timestamp="2026-08-22T20:52:34.561958+00:00" hostname="agent-env-4c7b8162-96d0-4f81-acb9-11f831a40275"><testcase classname="backend.tests.test_iter123w_invoice_extras.TestInvoicePreGSTValidator" name="test_create_invoice_pregst_allocation_matches_amount" time="4.277" /><testcase classname="backend.tests.test_iter123w_invoice_extras.TestInvoicePreGSTValidator" name="test_create_invoice_postgst_allocation_rejected_422" time="0.051" /><testcase classname="backend.tests.test_iter123w_invoice_extras.TestInvoiceBulkFlow" name="test_bulk_submit_then_bulk_approve" time="0.367" /><testcase classname="backend.tests.test_iter123w_invoice_extras.TestExtrasBulkApprove" name="test_extras_bulk_approve_flow" time="0.050"><skipped type="pytest.skip" message="No Submitted or submittable extras · nothing to approve">/app/backend/tests/test_iter123w_invoice_extras.py:229: No Submitted or submittable extras · nothing to approve</skipped></testcase></testsuite></testsuites>