<?xml version="1.0" encoding="utf-8"?><testsuites name="pytest tests"><testsuite name="pytest" errors="0" failures="0" skipped="0" tests="7" time="7.959" timestamp="2026-08-22T17:46:50.420172+00:00" hostname="agent-env-4c7b8162-96d0-4f81-acb9-11f831a40275"><testcase classname="backend.tests.test_iter119_rbac_and_pw" name="test_roles_list_has_20_roles_incl_new" time="4.353" /><testcase classname="backend.tests.test_iter119_rbac_and_pw" name="test_hon_treasurer_has_tournament_and_squad_perms" time="0.169" /><testcase classname="backend.tests.test_iter119_rbac_and_pw" name="test_internal_auditor_is_read_only" time="0.176" /><testcase classname="backend.tests.test_iter119_rbac_and_pw" name="test_user_role_assignments" time="0.186" /><testcase classname="backend.tests.test_iter119_rbac_and_pw" name="test_users_have_real_excel_display_names" time="0.165" /><testcase classname="backend.tests.test_iter119_rbac_and_pw" name="test_reset_and_change_password_roundtrip" time="1.991" /><testcase classname="backend.tests.test_iter119_rbac_and_pw" name="test_cao_and_auditor_can_login" time="0.845" /></testsuite></testsuites>