<?xml version="1.0" encoding="utf-8"?><testsuites name="pytest tests"><testsuite name="pytest" errors="0" failures="0" skipped="0" tests="8" time="0.732" timestamp="2026-07-25T12:38:32.757485+00:00" hostname="agent-env-4c7b8162-96d0-4f81-acb9-11f831a40275"><testcase classname="backend.tests.test_m24_basics" name="test_create_inter_div_mpca" time="0.162" /><testcase classname="backend.tests.test_m24_basics" name="test_create_inter_district_division" time="0.053" /><testcase classname="backend.tests.test_m24_basics" name="test_create_pre_camp" time="0.046" /><testcase classname="backend.tests.test_m24_basics" name="test_setup_meta_patch_and_get" time="0.092" /><testcase classname="backend.tests.test_m24_basics" name="test_progress_derivation_after_basics" time="0.047" /><testcase classname="backend.tests.test_m24_basics" name="test_camp_progress_player_group_lights_teams" time="0.091" /><testcase classname="backend.tests.test_m24_basics" name="test_setup_meta_404" time="0.044" /><testcase classname="backend.tests.test_m24_basics" name="test_cleanup" time="0.127" /></testsuite></testsuites>