<?xml version="1.0" encoding="utf-8"?><testsuites name="pytest tests"><testsuite name="pytest" errors="0" failures="1" skipped="0" tests="26" time="2.333" timestamp="2026-07-13T14:30:23.587150+00:00" hostname="agent-env-4c7b8162-96d0-4f81-acb9-11f831a40275"><testcase classname="backend.tests.test_sprint3_assets_hr.TestAssets" name="test_health" time="0.259" /><testcase classname="backend.tests.test_sprint3_assets_hr.TestAssets" name="test_list_assets" time="0.059" /><testcase classname="backend.tests.test_sprint3_assets_hr.TestAssets" name="test_assets_summary" time="0.049" /><testcase classname="backend.tests.test_sprint3_assets_hr.TestAssets" name="test_create_asset_and_persist" time="0.097" /><testcase classname="backend.tests.test_sprint3_assets_hr.TestAssets" name="test_create_asset_life_defaults_by_category" time="0.050" /><testcase classname="backend.tests.test_sprint3_assets_hr.TestAssets" name="test_create_asset_salvage_ge_cost_400" time="0.047" /><testcase classname="backend.tests.test_sprint3_assets_hr.TestAssets" name="test_depreciation_schedule_building" time="0.102" /><testcase classname="backend.tests.test_sprint3_assets_hr.TestAssets" name="test_depreciation_schedule_land_is_empty" time="0.098" /><testcase classname="backend.tests.test_sprint3_assets_hr.TestAssets" name="test_dispose_asset_flow" time="0.195"><failure message="AssertionError: assert 'gain_loss_on_disposal_inr' in {'accumulated_depreciation_inr': 32500.26, 'asset_no': 'ASS/MPCA/2026-27/00011', 'body_id': 'MPCA', 'book_value_inr': 17499.74, ...}">backend/tests/test_sprint3_assets_hr.py:155: in test_dispose_asset_flow
    assert "gain_loss_on_disposal_inr" in d
E   AssertionError: assert 'gain_loss_on_disposal_inr' in {'accumulated_depreciation_inr': 32500.26, 'asset_no': 'ASS/MPCA/2026-27/00011', 'body_id': 'MPCA', 'book_value_inr': 17499.74, ...}</failure></testcase><testcase classname="backend.tests.test_sprint3_assets_hr.TestEmployees" name="test_list_employees" time="0.052" /><testcase classname="backend.tests.test_sprint3_assets_hr.TestEmployees" name="test_employees_summary" time="0.051" /><testcase classname="backend.tests.test_sprint3_assets_hr.TestEmployees" name="test_create_employee_basic_positive" time="0.050" /><testcase classname="backend.tests.test_sprint3_assets_hr.TestEmployees" name="test_create_employee_zero_basic_400" time="0.048" /><testcase classname="backend.tests.test_sprint3_assets_hr.TestEmployees" name="test_create_employee_negative_basic_400" time="0.046" /><testcase classname="backend.tests.test_sprint3_assets_hr.TestPayroll" name="test_registers_seeded_draft" time="0.054" /><testcase classname="backend.tests.test_sprint3_assets_hr.TestPayroll" name="test_payroll_math_on_rows" time="0.047" /><testcase classname="backend.tests.test_sprint3_assets_hr.TestPayroll" name="test_payroll_generate_idempotent" time="0.097" /><testcase classname="backend.tests.test_sprint3_assets_hr.TestPayroll" name="test_payroll_finalise_creates_voucher" time="0.335" /><testcase classname="backend.tests.test_sprint3_assets_hr.TestPayroll" name="test_payroll_summary" time="0.049" /><testcase classname="backend.tests.test_sprint3_assets_hr.TestRegression" name="test_endpoint_reachable[/api/division-grants]" time="0.051" /><testcase classname="backend.tests.test_sprint3_assets_hr.TestRegression" name="test_endpoint_reachable[/api/vouchers]" time="0.047" /><testcase classname="backend.tests.test_sprint3_assets_hr.TestRegression" name="test_endpoint_reachable[/api/finance/budget-vs-actual]" time="0.048" /><testcase classname="backend.tests.test_sprint3_assets_hr.TestRegression" name="test_endpoint_reachable[/api/purchase-orders]" time="0.049" /><testcase classname="backend.tests.test_sprint3_assets_hr.TestRegression" name="test_endpoint_reachable[/api/vendors-kyc/summary]" time="0.052" /><testcase classname="backend.tests.test_sprint3_assets_hr.TestRegression" name="test_endpoint_reachable[/api/shared/audit-log]" time="0.058" /><testcase classname="backend.tests.test_sprint3_assets_hr.TestRegression" name="test_ledger_reachable" time="0.121" /></testsuite></testsuites>