<?xml version="1.0" encoding="utf-8"?><testsuites name="pytest tests"><testsuite name="pytest" errors="0" failures="0" skipped="0" tests="13" time="5.081" timestamp="2026-07-15T06:04:58.080779+00:00" hostname="agent-env-4c7b8162-96d0-4f81-acb9-11f831a40275"><testcase classname="backend.tests.test_m11_tournament_acceptance.TestTournamentCreationAcceptance" name="test_create_division_hosted" time="0.261" /><testcase classname="backend.tests.test_m11_tournament_acceptance.TestTournamentCreationAcceptance" name="test_create_district_hosted" time="0.057" /><testcase classname="backend.tests.test_m11_tournament_acceptance.TestTournamentCreationAcceptance" name="test_create_state_hosted" time="0.058" /><testcase classname="backend.tests.test_m11_tournament_acceptance.TestAcceptanceEndpointAuth" name="test_no_role_returns_403" time="0.207" /><testcase classname="backend.tests.test_m11_tournament_acceptance.TestAcceptanceEndpointAuth" name="test_role_but_no_body_code_returns_400" time="0.200" /><testcase classname="backend.tests.test_m11_tournament_acceptance.TestAcceptanceEndpointAuth" name="test_body_not_in_required_returns_403" time="0.192" /><testcase classname="backend.tests.test_m11_tournament_acceptance.TestDistrictTwoBodyFlow" name="test_district_then_division_flow" time="0.379" /><testcase classname="backend.tests.test_m11_tournament_acceptance.TestDistrictTwoBodyFlow" name="test_idempotency_double_accept" time="0.331" /><testcase classname="backend.tests.test_m11_tournament_acceptance.TestRejectFlow" name="test_reject_from_one_body" time="0.363" /><testcase classname="backend.tests.test_m11_tournament_acceptance.TestPendingAcceptanceListing" name="test_route_order_returns_list" time="0.173" /><testcase classname="backend.tests.test_m11_tournament_acceptance.TestPendingAcceptanceListing" name="test_pending_includes_matching" time="0.376" /><testcase classname="backend.tests.test_m11_tournament_acceptance.TestPendingAcceptanceListing" name="test_pending_excludes_after_action" time="0.323" /><testcase classname="backend.tests.test_m11_tournament_acceptance.TestPendingAcceptanceListing" name="test_pending_requires_body_code" time="1.818" /></testsuite></testsuites>