<?xml version="1.0" encoding="utf-8"?><testsuites name="pytest tests"><testsuite name="pytest" errors="0" failures="0" skipped="0" tests="24" time="2.044" timestamp="2026-07-15T04:29:47.172055+00:00" hostname="agent-env-4c7b8162-96d0-4f81-acb9-11f831a40275"><testcase classname="backend.tests.test_venues_m9_retest.TestBodyIdMirrorOnCreate" name="test_owner_only_div_ind" time="0.218" /><testcase classname="backend.tests.test_venues_m9_retest.TestBodyIdMirrorOnCreate" name="test_owner_div_bpl_with_domestic_bcci" time="0.047" /><testcase classname="backend.tests.test_venues_m9_retest.TestBodyIdMirrorOnCreate" name="test_legacy_body_id_only_div_gwl" time="0.046" /><testcase classname="backend.tests.test_venues_m9_retest.TestBodyIdMirrorOnCreate" name="test_bcci_none_flips_calendar_eligible_false" time="0.046" /><testcase classname="backend.tests.test_venues_m9_retest.TestBodyIdMirrorOnPatch" name="test_setup_create_domestic_venue" time="0.046" /><testcase classname="backend.tests.test_venues_m9_retest.TestBodyIdMirrorOnPatch" name="test_patch_owner_updates_body_id" time="0.115" /><testcase classname="backend.tests.test_venues_m9_retest.TestBodyIdMirrorOnPatch" name="test_patch_bcci_none_flips_calendar_false" time="0.046" /><testcase classname="backend.tests.test_venues_m9_retest.TestSeededRegression" name="test_seeded_venue_unchanged[Holkar Cricket Stadium-expected0]" time="0.046" /><testcase classname="backend.tests.test_venues_m9_retest.TestSeededRegression" name="test_seeded_venue_unchanged[Jabalpur Division Ground-expected1]" time="0.000" /><testcase classname="backend.tests.test_venues_m9_retest.TestSeededRegression" name="test_seeded_venue_unchanged[Aishbagh Stadium-expected2]" time="0.000" /><testcase classname="backend.tests.test_venues_m9_retest.TestSeededRegression" name="test_seeded_venue_unchanged[Captain Roop Singh Stadium-expected3]" time="0.000" /><testcase classname="backend.tests.test_venues_m9_retest.TestSeededRegression" name="test_seeded_venue_unchanged[MPCA Indore Academy Ground-expected4]" time="0.000" /><testcase classname="backend.tests.test_venues_m9_retest.TestFilterRegression" name="test_owner_mpca_returns_four_seeded" time="0.052" /><testcase classname="backend.tests.test_venues_m9_retest.TestFilterRegression" name="test_bcci_international_returns_two_seeded" time="0.045" /><testcase classname="backend.tests.test_venues_m9_retest.TestUnknownBodyRejection" name="test_unknown_owner_body" time="0.044" /><testcase classname="backend.tests.test_venues_m9_retest.TestUnknownBodyRejection" name="test_unknown_manager_body" time="0.048" /><testcase classname="backend.tests.test_venues_m9_retest.TestExplicitIntentSync" name="test_neither_set_defaults_to_mpca" time="0.045" /><testcase classname="backend.tests.test_venues_m9_retest.TestExplicitIntentSync" name="test_both_set_owner_wins" time="0.045" /><testcase classname="backend.tests.test_venues_m9_retest.TestExplicitIntentSync" name="test_patch_only_body_id_syncs_owner" time="0.140" /><testcase classname="backend.tests.test_venues_m9_retest.TestExplicitIntentSync" name="test_patch_only_owner_body_id_syncs_body" time="0.147" /><testcase classname="backend.tests.test_venues_m9_retest.TestBcciCalendarMirror" name="test_calendar_eligible_matches_bcci_approval[Domestic-True]" time="0.044" /><testcase classname="backend.tests.test_venues_m9_retest.TestBcciCalendarMirror" name="test_calendar_eligible_matches_bcci_approval[International-True]" time="0.047" /><testcase classname="backend.tests.test_venues_m9_retest.TestBcciCalendarMirror" name="test_calendar_eligible_matches_bcci_approval[None-False]" time="0.044" /><testcase classname="backend.tests.test_venues_m9_retest" name="test_zzz_cleanup_m9_venues" time="0.635" /></testsuite></testsuites>