<?xml version="1.0" encoding="utf-8"?><testsuites name="pytest tests"><testsuite name="pytest" errors="0" failures="0" skipped="1" tests="4" time="0.759" timestamp="2026-08-14T17:58:24.616783+00:00" hostname="agent-env-4c7b8162-96d0-4f81-acb9-11f831a40275"><testcase classname="backend.tests.test_unified_budget_iter92.TestComputeHeadAllocations" name="test_compute_emits_by_body_totals_with_head_allocations" time="0.319" /><testcase classname="backend.tests.test_unified_budget_iter92.TestPrepareBudgetsUnified" name="test_prepare_unified_on_sm_khan" time="0.090" /><testcase classname="backend.tests.test_unified_budget_iter92.TestPrepareBudgetsUnified" name="test_prepare_unified_idempotent" time="0.172" /><testcase classname="backend.tests.test_unified_budget_iter92.TestScopeGuard" name="test_scope_guard_rejects_non_unified_scope" time="0.104"><skipped type="pytest.skip" message="No Inter_School or Inter_Club tournament seeded — N/A">/app/backend/tests/test_unified_budget_iter92.py:100: No Inter_School or Inter_Club tournament seeded — N/A</skipped></testcase></testsuite></testsuites>