<?xml version="1.0" encoding="utf-8"?><testsuites name="pytest tests"><testsuite name="pytest" errors="0" failures="0" skipped="0" tests="24" time="3.645" timestamp="2026-07-10T08:40:27.103255+00:00" hostname="agent-env-4c7b8162-96d0-4f81-acb9-11f831a40275"><testcase classname="backend.tests.test_m1_m2_enhancements.TestM1A_ExtendedProfile" name="test_create_player_extended_fields" time="0.189" /><testcase classname="backend.tests.test_m1_m2_enhancements.TestM1A_ExtendedProfile" name="test_get_by_display_id" time="0.084" /><testcase classname="backend.tests.test_m1_m2_enhancements.TestM1A_GuestGuards" name="test_guest_without_subtype_fails" time="0.082" /><testcase classname="backend.tests.test_m1_m2_enhancements.TestM1A_GuestGuards" name="test_guest_disclosure_unsigned_fails" time="0.080" /><testcase classname="backend.tests.test_m1_m2_enhancements.TestM1A_GuestGuards" name="test_guest_without_tw3_fails" time="0.081" /><testcase classname="backend.tests.test_m1_m2_enhancements.TestM1A_GuestGuards" name="test_guest_all_fields_ok" time="0.043" /><testcase classname="backend.tests.test_m1_m2_enhancements.TestM1B_ReviewWorkflow" name="test_full_review_lifecycle" time="0.257" /><testcase classname="backend.tests.test_m1_m2_enhancements.TestM1B_ReviewWorkflow" name="test_locked_edit_rejected" time="0.259" /><testcase classname="backend.tests.test_m1_m2_enhancements.TestM1C_Disqualification" name="test_repeat_offender_auto_promotes_lifetime" time="0.213" /><testcase classname="backend.tests.test_m1_m2_enhancements.TestM1C_Disqualification" name="test_court_order_filter" time="0.084" /><testcase classname="backend.tests.test_m1_m2_enhancements.TestM2A_TournamentCatalog" name="test_catalog_composition" time="0.044" /><testcase classname="backend.tests.test_m1_m2_enhancements.TestM2A_ApprovalWorkflow" name="test_full_approval_chain" time="0.215" /><testcase classname="backend.tests.test_m1_m2_enhancements.TestM2A_ApprovalWorkflow" name="test_reject_path" time="0.248" /><testcase classname="backend.tests.test_m1_m2_enhancements.TestM2B_Fixtures" name="test_create_fixture" time="0.083" /><testcase classname="backend.tests.test_m1_m2_enhancements.TestM2B_Fixtures" name="test_list_fixtures_by_tournament" time="0.043" /><testcase classname="backend.tests.test_m1_m2_enhancements.TestM2B_Fixtures" name="test_status_transitions" time="0.128" /><testcase classname="backend.tests.test_m1_m2_enhancements.TestM2B_Fixtures" name="test_stats_summary" time="0.043" /><testcase classname="backend.tests.test_m1_m2_enhancements.TestM2B_Rankings" name="test_batting_rankings_ok" time="0.082" /><testcase classname="backend.tests.test_m1_m2_enhancements.TestM2B_Rankings" name="test_bowling_rankings_ok" time="0.084" /><testcase classname="backend.tests.test_m1_m2_enhancements.TestM2B_Rankings" name="test_special_performances_ok" time="0.081" /><testcase classname="backend.tests.test_m1_m2_enhancements.TestM2C_HR" name="test_allocate_and_log_hours" time="0.336" /><testcase classname="backend.tests.test_m1_m2_enhancements.TestRegression" name="test_player_stats_summary" time="0.085" /><testcase classname="backend.tests.test_m1_m2_enhancements.TestRegression" name="test_tournaments_stats_summary" time="0.088" /><testcase classname="backend.tests.test_m1_m2_enhancements.TestRegression" name="test_existing_endpoints_alive" time="0.592" /></testsuite></testsuites>