<?xml version="1.0" encoding="utf-8"?><testsuites name="pytest tests"><testsuite name="pytest" errors="0" failures="0" skipped="0" tests="19" time="2.217" timestamp="2026-07-15T09:05:30.797713+00:00" hostname="agent-env-4c7b8162-96d0-4f81-acb9-11f831a40275"><testcase classname="backend.tests.test_trim_reimbursement.TestSchemes" name="test_list_returns_10_schemes" time="0.165" /><testcase classname="backend.tests.test_trim_reimbursement.TestSchemes" name="test_get_single_scheme" time="0.049" /><testcase classname="backend.tests.test_trim_reimbursement.TestSchemes" name="test_get_missing_scheme" time="0.049" /><testcase classname="backend.tests.test_trim_reimbursement.TestTournamentPatch" name="test_patch_scheme_code" time="0.051" /><testcase classname="backend.tests.test_trim_reimbursement.TestTournamentPatch" name="test_patch_missing_tournament" time="0.048" /><testcase classname="backend.tests.test_trim_reimbursement.TestBudgetInvoiceTracker" name="test_budget_created" time="0.199" /><testcase classname="backend.tests.test_trim_reimbursement.TestBudgetInvoiceTracker" name="test_invoice_with_multi_head_allocations" time="0.202" /><testcase classname="backend.tests.test_trim_reimbursement.TestBudgetInvoiceTracker" name="test_tracker_uses_allocations" time="0.053" /><testcase classname="backend.tests.test_trim_reimbursement.TestBudgetInvoiceTracker" name="test_reimbursement_preview" time="0.101" /><testcase classname="backend.tests.test_trim_reimbursement.TestClaimWorkflow" name="test_create_claim" time="0.401" /><testcase classname="backend.tests.test_trim_reimbursement.TestClaimWorkflow" name="test_idempotency_duplicate_draft" time="0.049" /><testcase classname="backend.tests.test_trim_reimbursement.TestClaimWorkflow" name="test_submit_claim" time="0.051" /><testcase classname="backend.tests.test_trim_reimbursement.TestClaimWorkflow" name="test_reject_requires_notes" time="0.049" /><testcase classname="backend.tests.test_trim_reimbursement.TestClaimWorkflow" name="test_add_comment" time="0.060" /><testcase classname="backend.tests.test_trim_reimbursement.TestClaimWorkflow" name="test_approve_exceeds_eligible_rejected" time="0.098" /><testcase classname="backend.tests.test_trim_reimbursement.TestClaimWorkflow" name="test_approve_within_eligible" time="0.095" /><testcase classname="backend.tests.test_trim_reimbursement.TestClaimWorkflow" name="test_cannot_re_approve" time="0.095" /><testcase classname="backend.tests.test_trim_reimbursement.TestClaimStats" name="test_stats_summary" time="0.051" /><testcase classname="backend.tests.test_trim_reimbursement.TestClaimReject" name="test_reject_full_flow" time="0.253" /></testsuite></testsuites>