<?xml version="1.0" encoding="utf-8"?><testsuites name="pytest tests"><testsuite name="pytest" errors="0" failures="0" skipped="0" tests="16" time="3.281" timestamp="2026-07-15T07:49:18.987979+00:00" hostname="agent-env-4c7b8162-96d0-4f81-acb9-11f831a40275"><testcase classname="backend.tests.test_m12_selection_console.TestPlayersSeed" name="test_players_count_and_html_seed" time="0.281" /><testcase classname="backend.tests.test_m12_selection_console.TestPlayersSeed" name="test_selection_meta_shape" time="0.077" /><testcase classname="backend.tests.test_m12_selection_console.TestSelectionLock" name="test_pending_tournament_selection_locked" time="0.178" /><testcase classname="backend.tests.test_m12_selection_console.TestGetSelectionIdempotent" name="test_first_call_creates_draft" time="0.141" /><testcase classname="backend.tests.test_m12_selection_console.TestGetSelectionIdempotent" name="test_second_call_returns_same" time="0.091" /><testcase classname="backend.tests.test_m12_selection_console.TestPatchSelection" name="test_patch_persists_shortlist_votes_officials" time="0.181" /><testcase classname="backend.tests.test_m12_selection_console.TestPatchSelection" name="test_patch_persists_members" time="0.193" /><testcase classname="backend.tests.test_m12_selection_console.TestSubmit" name="test_submit_403_without_role" time="0.051" /><testcase classname="backend.tests.test_m12_selection_console.TestSubmit" name="test_submit_fails_when_less_than_11" time="0.279" /><testcase classname="backend.tests.test_m12_selection_console.TestSubmit" name="test_submit_fails_when_no_captain" time="0.275" /><testcase classname="backend.tests.test_m12_selection_console.TestSubmit" name="test_submit_success_and_locks_edits" time="0.316" /><testcase classname="backend.tests.test_m12_selection_console.TestReview" name="test_review_403_for_non_mpca" time="0.045" /><testcase classname="backend.tests.test_m12_selection_console.TestReview" name="test_review_approve_by_secretary" time="0.101" /><testcase classname="backend.tests.test_m12_selection_console.TestReview" name="test_review_reject_flow" time="0.384" /><testcase classname="backend.tests.test_m12_selection_console.TestReview" name="test_review_bad_action" time="0.187" /><testcase classname="backend.tests.test_m12_selection_console" name="test_zzz_cleanup" time="0.100" /></testsuite></testsuites>