<?xml version="1.0" encoding="utf-8"?><testsuites name="pytest tests"><testsuite name="pytest" errors="0" failures="2" skipped="0" tests="16" time="1.296" timestamp="2026-07-15T04:20:16.645707+00:00" hostname="agent-env-4c7b8162-96d0-4f81-acb9-11f831a40275"><testcase classname="backend.tests.test_venues_m9.TestMigration" name="test_five_venues_present" time="0.156" /><testcase classname="backend.tests.test_venues_m9.TestMigration" name="test_holkar" time="0.000" /><testcase classname="backend.tests.test_venues_m9.TestMigration" name="test_aishbagh" time="0.000" /><testcase classname="backend.tests.test_venues_m9.TestMigration" name="test_jabalpur" time="0.000" /><testcase classname="backend.tests.test_venues_m9.TestMigration" name="test_mpca_indore_academy" time="0.000" /><testcase classname="backend.tests.test_venues_m9.TestMigration" name="test_captain_roop_singh" time="0.000" /><testcase classname="backend.tests.test_venues_m9.TestVenueFilters" name="test_filter_by_owner_mpca" time="0.052" /><testcase classname="backend.tests.test_venues_m9.TestVenueFilters" name="test_filter_by_manager_div_bpl" time="0.051" /><testcase classname="backend.tests.test_venues_m9.TestVenueFilters" name="test_filter_by_bcci_international" time="0.055" /><testcase classname="backend.tests.test_venues_m9.TestVenueCreateUpdate" name="test_create_venue_with_new_fields" time="0.063"><failure message="AssertionError: assert 'MPCA' == 'DIV-IND'&#10;  &#10;  - DIV-IND&#10;  + MPCA">backend/tests/test_venues_m9.py:117: in test_create_venue_with_new_fields
    assert data["body_id"] == "DIV-IND"
E   AssertionError: assert 'MPCA' == 'DIV-IND'
E     
E     - DIV-IND
E     + MPCA</failure></testcase><testcase classname="backend.tests.test_venues_m9.TestVenueCreateUpdate" name="test_create_invalid_owner_body" time="0.054" /><testcase classname="backend.tests.test_venues_m9.TestVenueCreateUpdate" name="test_create_invalid_manager_body" time="0.053" /><testcase classname="backend.tests.test_venues_m9.TestVenueCreateUpdate" name="test_patch_updates_fields_and_validates" time="0.000"><failure message="AssertionError: prior create test must have run&#10;assert None">backend/tests/test_venues_m9.py:154: in test_patch_updates_fields_and_validates
    assert vid, "prior create test must have run"
E   AssertionError: prior create test must have run
E   assert None</failure></testcase><testcase classname="backend.tests.test_venues_m9.TestGrounds" name="test_list_grounds_has_new_fields" time="0.058" /><testcase classname="backend.tests.test_venues_m9.TestGrounds" name="test_create_ground_with_new_fields" time="0.173" /><testcase classname="backend.tests.test_venues_m9" name="test_zz_cleanup" time="0.275" /></testsuite></testsuites>