<?xml version="1.0" encoding="utf-8"?><testsuites name="pytest tests"><testsuite name="pytest" errors="0" failures="0" skipped="0" tests="15" time="1.137" timestamp="2026-07-25T08:02:45.181334+00:00" hostname="agent-env-4c7b8162-96d0-4f81-acb9-11f831a40275"><testcase classname="backend.tests.test_iter36_regression.TestCoreEndpoints" name="test_tournaments_list" time="0.158" /><testcase classname="backend.tests.test_iter36_regression.TestCoreEndpoints" name="test_venues" time="0.086" /><testcase classname="backend.tests.test_iter36_regression.TestCoreEndpoints" name="test_reimbursement_schemes" time="0.051" /><testcase classname="backend.tests.test_iter36_regression.TestCoreEndpoints" name="test_players" time="0.165" /><testcase classname="backend.tests.test_iter36_regression.TestCoreEndpoints" name="test_bodies" time="0.049" /><testcase classname="backend.tests.test_iter36_regression.TestSchemeCalc" name="test_input_spec_2b" time="0.049" /><testcase classname="backend.tests.test_iter36_regression.TestSchemeCalc" name="test_compute_budget_2b" time="0.052" /><testcase classname="backend.tests.test_iter36_regression.TestTournamentWorkspace" name="test_matches_list" time="0.053" /><testcase classname="backend.tests.test_iter36_regression.TestTournamentWorkspace" name="test_receipts_list" time="0.047" /><testcase classname="backend.tests.test_iter36_regression.TestTournamentWorkspace" name="test_progress" time="0.054" /><testcase classname="backend.tests.test_iter36_regression.TestTournamentWorkspace" name="test_financial_summary" time="0.049" /><testcase classname="backend.tests.test_iter36_regression.TestTournamentWorkspace" name="test_tournament_detail_has_type_code" time="0.049" /><testcase classname="backend.tests.test_iter36_regression.TestInterSchoolCreate" name="test_create_inter_school" time="0.101" /><testcase classname="backend.tests.test_iter36_regression.TestDAForms" name="test_da_forms_list" time="0.047" /><testcase classname="backend.tests.test_iter36_regression.TestDAForms" name="test_match_officials" time="0.051" /></testsuite></testsuites>