<?xml version="1.0" encoding="utf-8"?><testsuites name="pytest tests"><testsuite name="pytest" errors="0" failures="0" skipped="0" tests="8" time="8.343" timestamp="2026-08-22T17:59:23.168672+00:00" hostname="agent-env-4c7b8162-96d0-4f81-acb9-11f831a40275"><testcase classname="backend.tests.test_iter120_mc_sweep" name="test_workflow_catalog_has_17" time="3.850" /><testcase classname="backend.tests.test_iter120_mc_sweep" name="test_posts_catalog_has_canonical_13" time="0.518" /><testcase classname="backend.tests.test_iter120_mc_sweep" name="test_workflow_shape_tournament_create" time="0.444" /><testcase classname="backend.tests.test_iter120_mc_sweep" name="test_admin_endpoints_require_rbac_manage" time="0.456" /><testcase classname="backend.tests.test_iter120_mc_sweep" name="test_state_shape_for_a_tournament" time="0.564" /><testcase classname="backend.tests.test_iter120_mc_sweep" name="test_needs_rework_inbox" time="0.475" /><testcase classname="backend.tests.test_iter120_mc_sweep" name="test_transition_two_person_rule" time="1.039" /><testcase classname="backend.tests.test_iter120_mc_sweep" name="test_return_requires_note" time="0.920" /></testsuite></testsuites>