<?xml version="1.0" encoding="utf-8"?><testsuites name="pytest tests"><testsuite name="pytest" errors="0" failures="0" skipped="0" tests="4" time="0.749" timestamp="2026-07-25T13:02:53.652121+00:00" hostname="agent-env-4c7b8162-96d0-4f81-acb9-11f831a40275"><testcase classname="backend.tests.test_m25_division_pools.TestDivisionsCatalog" name="test_bodies_division_returns_10" time="0.275" /><testcase classname="backend.tests.test_m25_division_pools.TestDivisionPoolsPersistence" name="test_patch_and_reread" time="0.144" /><testcase classname="backend.tests.test_m25_division_pools.TestProgressDivisionPools" name="test_teams_step_done_via_division_pools" time="0.145" /><testcase classname="backend.tests.test_m25_division_pools.TestProgressDivisionPools" name="test_teams_step_not_done_when_empty" time="0.125" /></testsuite></testsuites>