<?xml version="1.0" encoding="utf-8"?><testsuites name="pytest tests"><testsuite name="pytest" errors="0" failures="0" skipped="0" tests="7" time="1.236" timestamp="2026-08-06T10:55:25.861185+00:00" hostname="agent-env-4c7b8162-96d0-4f81-acb9-11f831a40275"><testcase classname="backend.tests.test_m39z_g_organiser_rights.TestFinanceMatrixScope" name="test_tournament_metadata_sanity" time="0.226" /><testcase classname="backend.tests.test_m39z_g_organiser_rights.TestFinanceMatrixScope" name="test_mpca_sees_full_matrix_on_div_hosted" time="0.149" /><testcase classname="backend.tests.test_m39z_g_organiser_rights.TestFinanceMatrixScope" name="test_host_division_gets_full_matrix" time="0.118" /><testcase classname="backend.tests.test_m39z_g_organiser_rights.TestFinanceMatrixScope" name="test_non_host_division_stays_scoped" time="0.095" /><testcase classname="backend.tests.test_m39z_g_organiser_rights.TestFinanceMatrixScope" name="test_non_host_division_on_mpca_hosted_scoped" time="0.157" /><testcase classname="backend.tests.test_m39z_g_organiser_rights.TestFinanceMatrixScope" name="test_district_on_div_hosted_scoped" time="0.113" /><testcase classname="backend.tests.test_m39z_g_organiser_rights.TestFinanceMatrixScope" name="test_mpca_full_matrix_on_mpca_hosted" time="0.115" /></testsuite></testsuites>