<?xml version="1.0" encoding="utf-8"?><testsuites name="pytest tests"><testsuite name="pytest" errors="0" failures="0" skipped="0" tests="38" time="19.666" timestamp="2026-08-22T16:05:33.961193+00:00" hostname="agent-env-4c7b8162-96d0-4f81-acb9-11f831a40275"><testcase classname="backend.tests.test_iter114_real_roster" name="test_legacy_dummy_users_cannot_login[treasurer@mpca.in]" time="1.897" /><testcase classname="backend.tests.test_iter114_real_roster" name="test_legacy_dummy_users_cannot_login[indore.secretary@mpca.in]" time="0.144" /><testcase classname="backend.tests.test_iter114_real_roster" name="test_legacy_dummy_users_cannot_login[gwalior.secretary@mpca.in]" time="0.124" /><testcase classname="backend.tests.test_iter114_real_roster" name="test_legacy_dummy_users_cannot_login[indore.district@mpca.in]" time="0.146" /><testcase classname="backend.tests.test_iter114_real_roster" name="test_legacy_dummy_users_cannot_login[official@mpca.in]" time="0.124" /><testcase classname="backend.tests.test_iter114_real_roster" name="test_legacy_dummy_users_cannot_login[cao@mpca.in]" time="0.221" /><testcase classname="backend.tests.test_iter114_real_roster" name="test_legacy_dummy_users_cannot_login[joint.secretary@mpca.in]" time="0.100" /><testcase classname="backend.tests.test_iter114_real_roster" name="test_legacy_dummy_users_cannot_login[manager@mpca.in]" time="0.107" /><testcase classname="backend.tests.test_iter114_real_roster" name="test_legacy_dummy_users_cannot_login[selection.chair@mpca.in]" time="0.106" /><testcase classname="backend.tests.test_iter114_real_roster" name="test_legacy_dummy_users_cannot_login[cricket.manager@mpca.in]" time="0.105" /><testcase classname="backend.tests.test_iter114_real_roster" name="test_real_roster_can_login[president@mpcaonline.com]" time="0.353" /><testcase classname="backend.tests.test_iter114_real_roster" name="test_real_roster_can_login[vicepresident@mpcaonline.com]" time="0.326" /><testcase classname="backend.tests.test_iter114_real_roster" name="test_real_roster_can_login[secretary@mpcaonline.com]" time="0.321" /><testcase classname="backend.tests.test_iter114_real_roster" name="test_real_roster_can_login[jointsecretary@mpcaonline.com]" time="0.340" /><testcase classname="backend.tests.test_iter114_real_roster" name="test_real_roster_can_login[treasurer@mpcaonline.com]" time="1.244" /><testcase classname="backend.tests.test_iter114_real_roster" name="test_real_roster_can_login[panditrdpandit@gmail.com]" time="0.352" /><testcase classname="backend.tests.test_iter114_real_roster" name="test_real_roster_can_login[accounts@mpcaonline.com]" time="0.375" /><testcase classname="backend.tests.test_iter114_real_roster" name="test_real_roster_can_login[ind.hs@mpcaonline.com]" time="0.329" /><testcase classname="backend.tests.test_iter114_real_roster" name="test_real_roster_can_login[jbp.hs@mpcaonline.com]" time="0.345" /><testcase classname="backend.tests.test_iter114_real_roster" name="test_real_roster_can_login[shd.hs@mpcaonline.com]" time="0.330" /><testcase classname="backend.tests.test_iter114_real_roster" name="test_real_roster_can_login[npm.hs@mpcaonline.com]" time="0.339" /><testcase classname="backend.tests.test_iter114_real_roster" name="test_real_roster_can_login[sag.hs@mpcaonline.com]" time="0.321" /><testcase classname="backend.tests.test_iter114_real_roster" name="test_real_roster_can_login[gwl.hs@mpcaonline.com]" time="0.328" /><testcase classname="backend.tests.test_iter114_real_roster" name="test_real_roster_can_login[chb.hs@mpcaonline.com]" time="0.370" /><testcase classname="backend.tests.test_iter114_real_roster" name="test_real_roster_can_login[rew.hs@mpcaonline.com]" time="0.326" /><testcase classname="backend.tests.test_iter114_real_roster" name="test_real_roster_can_login[bhp.hs@mpcaonline.com]" time="0.337" /><testcase classname="backend.tests.test_iter114_real_roster" name="test_real_roster_can_login[uji.hs@mpcaonline.com]" time="0.346" /><testcase classname="backend.tests.test_iter114_real_roster" name="test_real_roster_can_login[sysadmin@mpca.in]" time="0.363" /><testcase classname="backend.tests.test_iter114_real_roster" name="test_specific_real_users_names_and_body" time="1.739" /><testcase classname="backend.tests.test_iter114_real_roster" name="test_real_users_have_force_reset" time="0.446" /><testcase classname="backend.tests.test_iter114_real_roster" name="test_sysadmin_no_force_reset" time="0.117" /><testcase classname="backend.tests.test_iter114_real_roster" name="test_change_password_wrong_current" time="1.221" /><testcase classname="backend.tests.test_iter114_real_roster" name="test_change_password_too_short" time="1.086" /><testcase classname="backend.tests.test_iter114_real_roster" name="test_change_password_same" time="1.120" /><testcase classname="backend.tests.test_iter114_real_roster" name="test_change_password_happy_path" time="2.212" /><testcase classname="backend.tests.test_iter114_real_roster" name="test_rbac_users_list_18_total" time="0.158" /><testcase classname="backend.tests.test_iter114_real_roster" name="test_rbac_create_user_with_credentials" time="0.950" /><testcase classname="backend.tests.test_iter114_real_roster" name="test_rbac_create_user_without_credentials" time="0.385" /></testsuite></testsuites>