<?xml version="1.0" encoding="utf-8"?><testsuites name="pytest tests"><testsuite name="pytest" errors="0" failures="0" skipped="0" tests="17" time="3.024" timestamp="2026-07-25T08:57:01.503102+00:00" hostname="agent-env-4c7b8162-96d0-4f81-acb9-11f831a40275"><testcase classname="backend.tests.test_m21_rbac.TestRBACRoles" name="test_list_roles_as_secretary" time="0.284" /><testcase classname="backend.tests.test_m21_rbac.TestRBACRoles" name="test_list_roles_as_division_forbidden" time="0.134" /><testcase classname="backend.tests.test_m21_rbac.TestRBACRoles" name="test_list_roles_bootstrap_no_persona_allowed" time="0.101" /><testcase classname="backend.tests.test_m21_rbac.TestRBACRoles" name="test_president_perms_84" time="0.200" /><testcase classname="backend.tests.test_m21_rbac.TestRBACRoles" name="test_auditor_view_only" time="0.129" /><testcase classname="backend.tests.test_m21_rbac.TestRBACPatchRole" name="test_patch_role_persists" time="0.441" /><testcase classname="backend.tests.test_m21_rbac.TestRBACPatchRole" name="test_patch_role_bad_perm_400" time="0.091" /><testcase classname="backend.tests.test_m21_rbac.TestRBACPatchRole" name="test_patch_role_as_division_forbidden" time="0.094" /><testcase classname="backend.tests.test_m21_rbac.TestRBACUsers" name="test_list_users_seeded" time="0.103" /><testcase classname="backend.tests.test_m21_rbac.TestRBACUsers" name="test_create_toggle_delete_user" time="0.406" /><testcase classname="backend.tests.test_m21_rbac.TestRBACUsers" name="test_delete_persona_user_forbidden" time="0.095" /><testcase classname="backend.tests.test_m21_rbac.TestRBACUsers" name="test_create_user_bad_role" time="0.099" /><testcase classname="backend.tests.test_m21_rbac.TestWhoami" name="test_whoami_division_secretary" time="0.099" /><testcase classname="backend.tests.test_m21_rbac.TestWhoami" name="test_whoami_no_persona" time="0.101" /><testcase classname="backend.tests.test_m21_rbac.TestAuditLog" name="test_audit_log_records_role_edit" time="0.193" /><testcase classname="backend.tests.test_m21_rbac.TestRegression" name="test_tournaments_still_reachable" time="0.128" /><testcase classname="backend.tests.test_m21_rbac.TestRegression" name="test_bodies_endpoint" time="0.112" /></testsuite></testsuites>