<?xml version="1.0" encoding="utf-8"?><testsuites name="pytest tests"><testsuite name="pytest" errors="0" failures="0" skipped="0" tests="60" time="6.127" timestamp="2026-07-25T14:44:48.554287+00:00" hostname="agent-env-4c7b8162-96d0-4f81-acb9-11f831a40275"><testcase classname="backend.tests.test_m26_participants_matrix.TestSeededParticipants" name="test_list_returns_rows_for_seeded_tournament" time="0.148" /><testcase classname="backend.tests.test_m26_participants_matrix.TestSeededParticipants" name="test_host_row_exists" time="0.051" /><testcase classname="backend.tests.test_m26_participants_matrix.TestPatchAcceptance" name="test_reject_invalid_status" time="0.043" /><testcase classname="backend.tests.test_m26_participants_matrix.TestPatchAcceptance" name="test_accept_and_reset_flow" time="0.111" /><testcase classname="backend.tests.test_m26_participants_matrix.TestPatchAcceptance" name="test_patch_non_existent_body" time="0.042" /><testcase classname="backend.tests.test_m26_participants_matrix.TestAutoSync" name="test_setup_meta_creates_and_soft_deletes" time="0.492" /><testcase classname="backend.tests.test_m26_participants_matrix.TestAutoSync" name="test_patch_on_soft_deleted_returns_404" time="0.133" /><testcase classname="backend.tests.test_m26_participants_matrix.TestResync" name="test_resync_returns_pool_count" time="0.071" /><testcase classname="backend.tests.test_m26_participants_matrix.TestResync" name="test_resync_unknown_tournament" time="0.047" /><testcase classname="backend.tests.test_m26_participants_matrix.TestProgressTeamsWithPools" name="test_setup_teams_done_when_only_division_pools" time="0.087" /><testcase classname="backend.tests.test_m26_phase_b.TestBudgetAutoLink" name="test_budget_create_auto_sets_participant_code" time="0.366" /><testcase classname="backend.tests.test_m26_phase_b.TestBudgetAutoLink" name="test_budget_no_participant_row_leaves_code_null" time="0.046" /><testcase classname="backend.tests.test_m26_phase_b.TestInvoiceAutoLink" name="test_invoice_create_auto_sets_participant_and_totals_flow" time="0.125" /><testcase classname="backend.tests.test_m26_phase_b.TestClaimAutoLink" name="test_claim_create_auto_sets_participant_and_populates_claim_id" time="0.083" /><testcase classname="backend.tests.test_m26_phase_b.TestReceiptAutoLink" name="test_receipt_derives_participant_from_claim" time="0.128" /><testcase classname="backend.tests.test_m26_phase_b.TestFinanceDrilldown" name="test_drilldown_returns_full_finance_trail" time="0.045" /><testcase classname="backend.tests.test_m26_phase_b.TestFinanceDrilldown" name="test_drilldown_404_for_unknown_body_code" time="0.047" /><testcase classname="backend.tests.test_m26_phase_b.TestSeededRegression" name="test_bpl_totals_show_claim_status" time="0.128" /><testcase classname="backend.tests.test_m26_phase_c.TestDistrictPoolsSetup" name="test_patch_district_pools_creates_district_participants" time="0.229" /><testcase classname="backend.tests.test_m26_phase_c.TestDistrictPoolsSetup" name="test_merge_both_pools_creates_merged_participants" time="0.234" /><testcase classname="backend.tests.test_m26_phase_c.TestProgressWithDistrictPools" name="test_progress_teams_set_true_when_only_district_pools" time="0.061" /><testcase classname="backend.tests.test_m26_phase_c.TestResyncPoolCount" name="test_resync_returns_pool_count_of_district_pools" time="0.062" /><testcase classname="backend.tests.test_m26_phase_c.TestDistrictAcceptance" name="test_patch_acceptance_persists_for_district_participant" time="0.117" /><testcase classname="backend.tests.test_m26_phase_c.TestInterDivisionalRegression" name="test_division_pools_still_creates_division_participants" time="0.172" /><testcase classname="backend.tests.test_m26_phase_c.TestInterDivisionalRegression" name="test_resync_returns_division_pool_count" time="0.054" /><testcase classname="backend.tests.test_m26_phase_c.TestSingleDistrictPool" name="test_remove_pool_soft_deletes_participants" time="0.217" /><testcase classname="backend.tests.test_m26_phase_d.TestNeftBatchPreview" name="test_neft_batch_shape_and_ready_flag" time="0.112" /><testcase classname="backend.tests.test_m26_phase_d.TestNeftBatchPreview" name="test_neft_batch_excludes_settled" time="0.054" /><testcase classname="backend.tests.test_m26_phase_d.TestNeftBatchPreview" name="test_neft_batch_404" time="0.045" /><testcase classname="backend.tests.test_m26_phase_d.TestNeftExport" name="test_dry_run_returns_csv_no_receipts" time="0.053" /><testcase classname="backend.tests.test_m26_phase_d.TestNeftExport" name="test_export_creates_receipt_and_zeroes_outstanding" time="0.132" /><testcase classname="backend.tests.test_m26_phase_d.TestNeftExport" name="test_batch_sequence_increments" time="0.094" /><testcase classname="backend.tests.test_m26_phase_d.TestNeftExport" name="test_skipped_missing_bank" time="0.047" /><testcase classname="backend.tests.test_m26_phase_d.TestNeftExport" name="test_empty_body_codes_400" time="0.049" /><testcase classname="backend.tests.test_m26_phase_d.TestClosureReadiness" name="test_readiness_before_settlement" time="0.051" /><testcase classname="backend.tests.test_m26_phase_d.TestClosureReadiness" name="test_readiness_after_settlement" time="0.105" /><testcase classname="backend.tests.test_m26_phase_d.TestClosureGuard" name="test_blocks_with_409_when_unsettled" time="0.064" /><testcase classname="backend.tests.test_m26_phase_d.TestClosureGuard" name="test_force_bypasses_guard" time="0.047" /><testcase classname="backend.tests.test_m26_phase_d.TestClosureGuard" name="test_zero_participants_letter_ok" time="0.053" /><testcase classname="backend.tests.test_m26_phase_e.TestPoolSyncNotifications" name="test_new_body_added_triggers_notification_and_reappear_does_not" time="0.301" /><testcase classname="backend.tests.test_m26_phase_e.TestAcceptancePatchNotifications" name="test_accepted_and_declined_fire_mpca_notifications" time="0.097" /><testcase classname="backend.tests.test_m26_phase_e.TestParticipationReminders" name="test_unknown_tid_404" time="0.051" /><testcase classname="backend.tests.test_m26_phase_e.TestParticipationReminders" name="test_my_memorial_has_unsettled_bpl" time="0.058" /><testcase classname="backend.tests.test_m26_phase_e.TestParticipationReminders" name="test_reasons_awaiting_and_no_budget" time="0.051" /><testcase classname="backend.tests.test_m26_phase_e.TestDispatchReminders" name="test_dispatch_fires_notifications_for_bpl_unsettled" time="0.064" /><testcase classname="backend.tests.test_m26_phase_e.TestDispatchReminders" name="test_dispatch_second_call_is_deduped_within_10min" time="0.110" /><testcase classname="backend.tests.test_m26_phase_e.TestDispatchReminders" name="test_dispatch_unknown_tid_404" time="0.043" /><testcase classname="backend.tests.test_m26_phase_f.TestParticipantsCsvExport" name="test_csv_headers_and_columns" time="0.129" /><testcase classname="backend.tests.test_m26_phase_f.TestParticipantsCsvExport" name="test_csv_includes_soft_deleted" time="0.049" /><testcase classname="backend.tests.test_m26_phase_f.TestParticipantsCsvExport" name="test_csv_unknown_tid_404" time="0.044" /><testcase classname="backend.tests.test_m26_phase_f.TestVarianceSummary" name="test_shape_and_totals" time="0.053" /><testcase classname="backend.tests.test_m26_phase_f.TestVarianceSummary" name="test_over_budget_true_when_invoice_exceeds_budget" time="0.063" /><testcase classname="backend.tests.test_m26_phase_f.TestVarianceSummary" name="test_zero_budget_utilisation_zero" time="0.048" /><testcase classname="backend.tests.test_m26_phase_f.TestVarianceSummary" name="test_unknown_tid_404" time="0.047" /><testcase classname="backend.tests.test_m26_phase_f.TestDispatchDedup" name="test_first_call_dispatches_second_call_deduped" time="0.111" /><testcase classname="backend.tests.test_m26_phase_f.TestDispatchDedup" name="test_backdated_notification_allows_redispatch" time="0.109" /><testcase classname="backend.tests.test_m26_phase_f.TestRouteCollisionRegression" name="test_participants_body_code_still_works" time="0.101" /><testcase classname="backend.tests.test_m26_phase_f.TestRouteCollisionRegression" name="test_participants_body_code_finance" time="0.050" /><testcase classname="backend.tests.test_m26_phase_f.TestRouteCollisionRegression" name="test_csv_route_distinct_from_body_code" time="0.054" /><testcase classname="backend.tests.test_m26_phase_f.TestRouteCollisionRegression" name="test_variance_summary_not_treated_as_body_code" time="0.051" /></testsuite></testsuites>