<?xml version="1.0" encoding="utf-8"?><testsuites name="pytest tests"><testsuite name="pytest" errors="0" failures="0" skipped="0" tests="8" time="1.193" timestamp="2026-07-25T14:11:26.290175+00:00" hostname="agent-env-4c7b8162-96d0-4f81-acb9-11f831a40275"><testcase classname="backend.tests.test_m26_phase_c.TestDistrictPoolsSetup" name="test_patch_district_pools_creates_district_participants" time="0.284" /><testcase classname="backend.tests.test_m26_phase_c.TestDistrictPoolsSetup" name="test_merge_both_pools_creates_merged_participants" time="0.196" /><testcase classname="backend.tests.test_m26_phase_c.TestProgressWithDistrictPools" name="test_progress_teams_set_true_when_only_district_pools" time="0.061" /><testcase classname="backend.tests.test_m26_phase_c.TestResyncPoolCount" name="test_resync_returns_pool_count_of_district_pools" time="0.048" /><testcase classname="backend.tests.test_m26_phase_c.TestDistrictAcceptance" name="test_patch_acceptance_persists_for_district_participant" time="0.122" /><testcase classname="backend.tests.test_m26_phase_c.TestInterDivisionalRegression" name="test_division_pools_still_creates_division_participants" time="0.167" /><testcase classname="backend.tests.test_m26_phase_c.TestInterDivisionalRegression" name="test_resync_returns_division_pool_count" time="0.047" /><testcase classname="backend.tests.test_m26_phase_c.TestSingleDistrictPool" name="test_remove_pool_soft_deletes_participants" time="0.191" /></testsuite></testsuites>