<?xml version="1.0" encoding="utf-8"?><testsuites name="pytest tests"><testsuite name="pytest" errors="0" failures="0" skipped="0" tests="13" time="1.139" timestamp="2026-07-25T14:23:49.666362+00:00" hostname="agent-env-4c7b8162-96d0-4f81-acb9-11f831a40275"><testcase classname="tests.test_m26_phase_d.TestNeftBatchPreview" name="test_neft_batch_shape_and_ready_flag" time="0.223" /><testcase classname="tests.test_m26_phase_d.TestNeftBatchPreview" name="test_neft_batch_excludes_settled" time="0.056" /><testcase classname="tests.test_m26_phase_d.TestNeftBatchPreview" name="test_neft_batch_404" time="0.048" /><testcase classname="tests.test_m26_phase_d.TestNeftExport" name="test_dry_run_returns_csv_no_receipts" time="0.051" /><testcase classname="tests.test_m26_phase_d.TestNeftExport" name="test_export_creates_receipt_and_zeroes_outstanding" time="0.104" /><testcase classname="tests.test_m26_phase_d.TestNeftExport" name="test_batch_sequence_increments" time="0.097" /><testcase classname="tests.test_m26_phase_d.TestNeftExport" name="test_skipped_missing_bank" time="0.051" /><testcase classname="tests.test_m26_phase_d.TestNeftExport" name="test_empty_body_codes_400" time="0.046" /><testcase classname="tests.test_m26_phase_d.TestClosureReadiness" name="test_readiness_before_settlement" time="0.053" /><testcase classname="tests.test_m26_phase_d.TestClosureReadiness" name="test_readiness_after_settlement" time="0.100" /><testcase classname="tests.test_m26_phase_d.TestClosureGuard" name="test_blocks_with_409_when_unsettled" time="0.056" /><testcase classname="tests.test_m26_phase_d.TestClosureGuard" name="test_force_bypasses_guard" time="0.051" /><testcase classname="tests.test_m26_phase_d.TestClosureGuard" name="test_zero_participants_letter_ok" time="0.050" /></testsuite></testsuites>