<?xml version="1.0" encoding="utf-8"?><testsuites name="pytest tests"><testsuite name="pytest" errors="0" failures="0" skipped="0" tests="18" time="2.286" timestamp="2026-07-25T14:01:52.567191+00:00" hostname="agent-env-4c7b8162-96d0-4f81-acb9-11f831a40275"><testcase classname="backend.tests.test_m26_phase_b.TestBudgetAutoLink" name="test_budget_create_auto_sets_participant_code" time="0.441" /><testcase classname="backend.tests.test_m26_phase_b.TestBudgetAutoLink" name="test_budget_no_participant_row_leaves_code_null" time="0.051" /><testcase classname="backend.tests.test_m26_phase_b.TestInvoiceAutoLink" name="test_invoice_create_auto_sets_participant_and_totals_flow" time="0.096" /><testcase classname="backend.tests.test_m26_phase_b.TestClaimAutoLink" name="test_claim_create_auto_sets_participant_and_populates_claim_id" time="0.092" /><testcase classname="backend.tests.test_m26_phase_b.TestReceiptAutoLink" name="test_receipt_derives_participant_from_claim" time="0.095" /><testcase classname="backend.tests.test_m26_phase_b.TestFinanceDrilldown" name="test_drilldown_returns_full_finance_trail" time="0.047" /><testcase classname="backend.tests.test_m26_phase_b.TestFinanceDrilldown" name="test_drilldown_404_for_unknown_body_code" time="0.043" /><testcase classname="backend.tests.test_m26_phase_b.TestSeededRegression" name="test_bpl_totals_show_claim_status" time="0.092" /><testcase classname="backend.tests.test_m26_participants_matrix.TestSeededParticipants" name="test_list_returns_rows_for_seeded_tournament" time="0.104" /><testcase classname="backend.tests.test_m26_participants_matrix.TestSeededParticipants" name="test_host_row_exists" time="0.053" /><testcase classname="backend.tests.test_m26_participants_matrix.TestPatchAcceptance" name="test_reject_invalid_status" time="0.045" /><testcase classname="backend.tests.test_m26_participants_matrix.TestPatchAcceptance" name="test_accept_and_reset_flow" time="0.094" /><testcase classname="backend.tests.test_m26_participants_matrix.TestPatchAcceptance" name="test_patch_non_existent_body" time="0.046" /><testcase classname="backend.tests.test_m26_participants_matrix.TestAutoSync" name="test_setup_meta_creates_and_soft_deletes" time="0.512" /><testcase classname="backend.tests.test_m26_participants_matrix.TestAutoSync" name="test_patch_on_soft_deleted_returns_404" time="0.139" /><testcase classname="backend.tests.test_m26_participants_matrix.TestResync" name="test_resync_returns_pool_count" time="0.085" /><testcase classname="backend.tests.test_m26_participants_matrix.TestResync" name="test_resync_unknown_tournament" time="0.049" /><testcase classname="backend.tests.test_m26_participants_matrix.TestProgressTeamsWithPools" name="test_setup_teams_done_when_only_division_pools" time="0.088" /></testsuite></testsuites>