<?xml version="1.0" encoding="utf-8"?><testsuites name="pytest tests"><testsuite name="pytest" errors="0" failures="0" skipped="0" tests="8" time="1.169" timestamp="2026-07-25T14:35:50.654679+00:00" hostname="agent-env-4c7b8162-96d0-4f81-acb9-11f831a40275"><testcase classname="backend.tests.test_m26_phase_e.TestPoolSyncNotifications" name="test_new_body_added_triggers_notification_and_reappear_does_not" time="0.418" /><testcase classname="backend.tests.test_m26_phase_e.TestAcceptancePatchNotifications" name="test_accepted_and_declined_fire_mpca_notifications" time="0.129" /><testcase classname="backend.tests.test_m26_phase_e.TestParticipationReminders" name="test_unknown_tid_404" time="0.067" /><testcase classname="backend.tests.test_m26_phase_e.TestParticipationReminders" name="test_my_memorial_has_unsettled_bpl" time="0.067" /><testcase classname="backend.tests.test_m26_phase_e.TestParticipationReminders" name="test_reasons_awaiting_and_no_budget" time="0.063" /><testcase classname="backend.tests.test_m26_phase_e.TestDispatchReminders" name="test_dispatch_fires_notifications_for_bpl_unsettled" time="0.073" /><testcase classname="backend.tests.test_m26_phase_e.TestDispatchReminders" name="test_dispatch_is_idempotent_and_repeatable" time="0.149" /><testcase classname="backend.tests.test_m26_phase_e.TestDispatchReminders" name="test_dispatch_unknown_tid_404" time="0.058" /></testsuite></testsuites>