<?xml version="1.0" encoding="utf-8"?><testsuites name="pytest tests"><testsuite name="pytest" errors="0" failures="0" skipped="0" tests="13" time="1.187" timestamp="2026-07-25T14:44:26.578506+00:00" hostname="agent-env-4c7b8162-96d0-4f81-acb9-11f831a40275"><testcase classname="backend.tests.test_m26_phase_f.TestParticipantsCsvExport" name="test_csv_headers_and_columns" time="0.262" /><testcase classname="backend.tests.test_m26_phase_f.TestParticipantsCsvExport" name="test_csv_includes_soft_deleted" time="0.052" /><testcase classname="backend.tests.test_m26_phase_f.TestParticipantsCsvExport" name="test_csv_unknown_tid_404" time="0.045" /><testcase classname="backend.tests.test_m26_phase_f.TestVarianceSummary" name="test_shape_and_totals" time="0.052" /><testcase classname="backend.tests.test_m26_phase_f.TestVarianceSummary" name="test_over_budget_true_when_invoice_exceeds_budget" time="0.059" /><testcase classname="backend.tests.test_m26_phase_f.TestVarianceSummary" name="test_zero_budget_utilisation_zero" time="0.052" /><testcase classname="backend.tests.test_m26_phase_f.TestVarianceSummary" name="test_unknown_tid_404" time="0.045" /><testcase classname="backend.tests.test_m26_phase_f.TestDispatchDedup" name="test_first_call_dispatches_second_call_deduped" time="0.147" /><testcase classname="backend.tests.test_m26_phase_f.TestDispatchDedup" name="test_backdated_notification_allows_redispatch" time="0.115" /><testcase classname="backend.tests.test_m26_phase_f.TestRouteCollisionRegression" name="test_participants_body_code_still_works" time="0.049" /><testcase classname="backend.tests.test_m26_phase_f.TestRouteCollisionRegression" name="test_participants_body_code_finance" time="0.049" /><testcase classname="backend.tests.test_m26_phase_f.TestRouteCollisionRegression" name="test_csv_route_distinct_from_body_code" time="0.053" /><testcase classname="backend.tests.test_m26_phase_f.TestRouteCollisionRegression" name="test_variance_summary_not_treated_as_body_code" time="0.054" /></testsuite></testsuites>