<?xml version="1.0" encoding="utf-8"?><testsuites name="pytest tests"><testsuite name="pytest" errors="0" failures="0" skipped="0" tests="10" time="1.440" timestamp="2026-07-25T13:29:28.327773+00:00" hostname="agent-env-4c7b8162-96d0-4f81-acb9-11f831a40275"><testcase classname="backend.tests.test_m26_participants_matrix.TestSeededParticipants" name="test_list_returns_rows_for_seeded_tournament" time="0.176" /><testcase classname="backend.tests.test_m26_participants_matrix.TestSeededParticipants" name="test_host_row_exists" time="0.051" /><testcase classname="backend.tests.test_m26_participants_matrix.TestPatchAcceptance" name="test_reject_invalid_status" time="0.043" /><testcase classname="backend.tests.test_m26_participants_matrix.TestPatchAcceptance" name="test_accept_and_reset_flow" time="0.091" /><testcase classname="backend.tests.test_m26_participants_matrix.TestPatchAcceptance" name="test_patch_non_existent_body" time="0.045" /><testcase classname="backend.tests.test_m26_participants_matrix.TestAutoSync" name="test_setup_meta_creates_and_soft_deletes" time="0.589" /><testcase classname="backend.tests.test_m26_participants_matrix.TestAutoSync" name="test_patch_on_soft_deleted_returns_404" time="0.173" /><testcase classname="backend.tests.test_m26_participants_matrix.TestResync" name="test_resync_returns_pool_count" time="0.047" /><testcase classname="backend.tests.test_m26_participants_matrix.TestResync" name="test_resync_unknown_tournament" time="0.046" /><testcase classname="backend.tests.test_m26_participants_matrix.TestProgressTeamsWithPools" name="test_setup_teams_done_when_only_division_pools" time="0.085" /></testsuite></testsuites>