<?xml version="1.0" encoding="utf-8"?><testsuites name="pytest tests"><testsuite name="pytest" errors="0" failures="0" skipped="0" tests="14" time="0.992" timestamp="2026-07-25T15:35:11.108014+00:00" hostname="agent-env-4c7b8162-96d0-4f81-acb9-11f831a40275"><testcase classname="backend.tests.test_m27_season_filter" name="test_list_endpoints_accept_fiscal_cycle[/tournaments]" time="0.132" /><testcase classname="backend.tests.test_m27_season_filter" name="test_list_endpoints_accept_fiscal_cycle[/tournament-budgets]" time="0.043" /><testcase classname="backend.tests.test_m27_season_filter" name="test_list_endpoints_accept_fiscal_cycle[/reimbursement-claims]" time="0.044" /><testcase classname="backend.tests.test_m27_season_filter" name="test_list_endpoints_accept_fiscal_cycle[/tournament-invoices]" time="0.045" /><testcase classname="backend.tests.test_m27_season_filter" name="test_list_endpoints_accept_fiscal_cycle[/budgets]" time="0.047" /><testcase classname="backend.tests.test_m27_season_filter" name="test_list_endpoints_accept_fiscal_cycle[/claims]" time="0.051" /><testcase classname="backend.tests.test_m27_season_filter" name="test_list_endpoints_accept_fiscal_cycle[/vendor-bills]" time="0.046" /><testcase classname="backend.tests.test_m27_season_filter" name="test_non_fiscal_endpoints_ignore_fiscal_cycle[/bodies]" time="0.046" /><testcase classname="backend.tests.test_m27_season_filter" name="test_non_fiscal_endpoints_ignore_fiscal_cycle[/personas]" time="0.044" /><testcase classname="backend.tests.test_m27_season_filter" name="test_non_fiscal_endpoints_ignore_fiscal_cycle[/shared/roles]" time="0.045" /><testcase classname="backend.tests.test_m27_season_filter" name="test_non_fiscal_endpoints_ignore_fiscal_cycle[/shared/constants]" time="0.047" /><testcase classname="backend.tests.test_m27_season_filter" name="test_tournaments_filter_by_season_isolates_rows" time="0.087" /><testcase classname="backend.tests.test_m27_season_filter" name="test_create_tournament_with_season_and_verify_persistence" time="0.181" /><testcase classname="backend.tests.test_m27_season_filter" name="test_missing_fiscal_cycle_still_returns_200" time="0.064" /></testsuite></testsuites>