<?xml version="1.0" encoding="utf-8"?><testsuites name="pytest tests"><testsuite name="pytest" errors="0" failures="0" skipped="0" tests="6" time="0.799" timestamp="2026-07-26T06:56:30.706631+00:00" hostname="agent-env-4c7b8162-96d0-4f81-acb9-11f831a40275"><testcase classname="backend.tests.test_m28_squad_link.TestSquadAutoLink" name="test_post_squad_autopopulates_participant_body_code" time="0.438" /><testcase classname="backend.tests.test_m28_squad_link.TestSquadAutoLink" name="test_post_squad_without_matching_participant_leaves_code_null" time="0.047" /><testcase classname="backend.tests.test_m28_squad_link.TestFinanceSquadDrilldown" name="test_finance_endpoint_returns_squad_field" time="0.049" /><testcase classname="backend.tests.test_m28_squad_link.TestFinanceSquadDrilldown" name="test_finance_endpoint_squad_null_when_no_squad" time="0.050" /><testcase classname="backend.tests.test_m28_squad_link.TestFinanceSquadDrilldown" name="test_finance_endpoint_falls_back_to_body_id_for_legacy_squads" time="0.053" /><testcase classname="backend.tests.test_m28_squad_link.TestM26Regression" name="test_participants_list_still_healthy" time="0.092" /></testsuite></testsuites>