<?xml version="1.0" encoding="utf-8"?><testsuites name="pytest tests"><testsuite name="pytest" errors="0" failures="0" skipped="0" tests="9" time="1.358" timestamp="2026-07-26T07:44:33.205752+00:00" hostname="agent-env-4c7b8162-96d0-4f81-acb9-11f831a40275"><testcase classname="backend.tests.test_m29_grounds_filter.TestGroundsOwnerFilter" name="test_list_grounds_no_filter_returns_200" time="0.254" /><testcase classname="backend.tests.test_m29_grounds_filter.TestGroundsOwnerFilter" name="test_owner_filter_mpca_only" time="0.048" /><testcase classname="backend.tests.test_m29_grounds_filter.TestGroundsOwnerFilter" name="test_owner_filter_div_ind_only" time="0.048" /><testcase classname="backend.tests.test_m29_grounds_filter.TestGroundsOwnerFilter" name="test_owner_filter_multi_body" time="0.093" /><testcase classname="backend.tests.test_m29_grounds_filter.TestGroundsOwnerFilter" name="test_owner_filter_unknown_body" time="0.048" /><testcase classname="backend.tests.test_m29_grounds_filter.TestGroundsOwnerFilter" name="test_owner_filter_empty_string" time="0.182" /><testcase classname="backend.tests.test_m29_grounds_filter.TestGroundsOwnerFilter" name="test_no_500_across_filter_variants" time="0.451" /><testcase classname="backend.tests.test_m29_grounds_filter.TestGroundsOwnerFilter" name="test_grounds_have_owner_metadata" time="0.046" /><testcase classname="backend.tests.test_m29_grounds_filter.TestGroundsRegression" name="test_no_bad_bcci_or_format_values" time="0.115" /></testsuite></testsuites>