<?xml version="1.0" encoding="utf-8"?><testsuites name="pytest tests"><testsuite name="pytest" errors="0" failures="0" skipped="1" tests="8" time="1.774" timestamp="2026-07-26T10:42:27.650410+00:00" hostname="agent-env-4c7b8162-96d0-4f81-acb9-11f831a40275"><testcase classname="backend.tests.test_m30_squad_workflow.TestPendingActions" name="test_tournament_pending_returns_shape" time="0.232" /><testcase classname="backend.tests.test_m30_squad_workflow.TestPendingActions" name="test_tournament_pending_input_vars_item" time="0.098" /><testcase classname="backend.tests.test_m30_squad_workflow.TestPendingActions" name="test_mpca_inbox_returns_items_with_tournament_meta" time="0.136" /><testcase classname="backend.tests.test_m30_squad_workflow.TestSquadPlayerAddOnDraft" name="test_add_player_on_draft_tournament_allowed" time="0.253" /><testcase classname="backend.tests.test_m30_squad_workflow.TestSquadSubmitFlow" name="test_submit_below_11_returns_400" time="0.188"><skipped type="pytest.skip" message="Squad already has 11+ members; cannot test &lt;11 rejection here without cleanup">/app/backend/tests/test_m30_squad_workflow.py:87: Squad already has 11+ members; cannot test &lt;11 rejection here without cleanup</skipped></testcase><testcase classname="backend.tests.test_m30_squad_workflow.TestSquadSubmitFlow" name="test_full_submit_review_reopen_cycle" time="0.553" /><testcase classname="backend.tests.test_m30_squad_workflow.TestSquadSubmitFlow" name="test_review_rbac_division_forbidden" time="0.130" /><testcase classname="backend.tests.test_m30_squad_workflow.TestSquadSubmitFlow" name="test_reopen_requires_mpca" time="0.098" /></testsuite></testsuites>