<?xml version="1.0" encoding="utf-8"?><testsuites name="pytest tests"><testsuite name="pytest" errors="0" failures="0" skipped="1" tests="9" time="0.952" timestamp="2026-07-26T11:29:44.375106+00:00" hostname="agent-env-4c7b8162-96d0-4f81-acb9-11f831a40275"><testcase classname="backend.tests.test_m31_autosplit_progress.TestAutoSplit" name="test_sm_khan_autosplit_shape" time="0.127" /><testcase classname="backend.tests.test_m31_autosplit_progress.TestAutoSplit" name="test_idempotent_rerun_skips" time="0.087" /><testcase classname="backend.tests.test_m31_autosplit_progress.TestAutoSplit" name="test_404_missing_tournament" time="0.045" /><testcase classname="backend.tests.test_m31_autosplit_progress.TestAutoSplit" name="test_created_budgets_have_expected_props" time="0.085" /><testcase classname="backend.tests.test_m31_autosplit_progress.TestAutoSplit" name="test_host_gets_full_scheme_visitor_gets_subset" time="0.127"><skipped type="pytest.skip" message="Need at least one host and one visitor to compare">/app/backend/tests/test_m31_autosplit_progress.py:77: Need at least one host and one visitor to compare</skipped></testcase><testcase classname="backend.tests.test_m31_autosplit_progress.TestAutoSplitErrors" name="test_400_when_input_variables_missing" time="0.143" /><testcase classname="backend.tests.test_m31_autosplit_progress.TestAutoSplitErrors" name="test_400_when_scheme_code_missing" time="0.174" /><testcase classname="backend.tests.test_m31_autosplit_progress.TestProgressSquadApproved" name="test_sm_khan_squad_approved_true" time="0.044" /><testcase classname="backend.tests.test_m31_autosplit_progress.TestProgressSquadApproved" name="test_progress_404_missing" time="0.045" /></testsuite></testsuites>