<?xml version="1.0" encoding="utf-8"?><testsuites name="pytest tests"><testsuite name="pytest" errors="0" failures="0" skipped="0" tests="6" time="0.697" timestamp="2026-07-26T14:41:17.407470+00:00" hostname="agent-env-4c7b8162-96d0-4f81-acb9-11f831a40275"><testcase classname="backend.tests.test_m32_1_budget_guard" name="test_cancelled_budgets_load_without_validation_errors" time="0.253" /><testcase classname="backend.tests.test_m32_1_budget_guard" name="test_active_submitted_budget_exists" time="0.042" /><testcase classname="backend.tests.test_m32_1_budget_guard" name="test_generate_blocked_while_submitted" time="0.045" /><testcase classname="backend.tests.test_m32_1_budget_guard" name="test_return_then_regenerate_then_submit_roundtrip" time="0.171" /><testcase classname="backend.tests.test_m32_1_budget_guard" name="test_approve_endpoint_shape" time="0.082" /><testcase classname="backend.tests.test_m32_1_budget_guard" name="test_reject_endpoint_shape" time="0.042" /></testsuite></testsuites>