<?xml version="1.0" encoding="utf-8"?><testsuites name="pytest tests"><testsuite name="pytest" errors="0" failures="0" skipped="0" tests="8" time="1.005" timestamp="2026-07-26T13:59:01.848333+00:00" hostname="agent-env-4c7b8162-96d0-4f81-acb9-11f831a40275"><testcase classname="backend.tests.test_m32_iv_and_diff" name="test_tournament_exists" time="0.261" /><testcase classname="backend.tests.test_m32_iv_and_diff" name="test_participant_has_inherited_iv" time="0.045" /><testcase classname="backend.tests.test_m32_iv_and_diff" name="test_patch_participant_iv_updates_row" time="0.087" /><testcase classname="backend.tests.test_m32_iv_and_diff" name="test_patch_iv_404_when_participant_missing" time="0.044" /><testcase classname="backend.tests.test_m32_iv_and_diff" name="test_budget_generate_regenerates_existing_draft" time="0.051" /><testcase classname="backend.tests.test_m32_iv_and_diff" name="test_budget_generate_404_missing_participant" time="0.082" /><testcase classname="backend.tests.test_m32_iv_and_diff" name="test_diff_master_returns_diff" time="0.225" /><testcase classname="backend.tests.test_m32_iv_and_diff" name="test_submit_stamps_submitted_by_body" time="0.131" /></testsuite></testsuites>