<?xml version="1.0" encoding="utf-8"?><testsuites name="pytest tests"><testsuite name="pytest" errors="0" failures="0" skipped="0" tests="13" time="4.006" timestamp="2026-07-27T06:47:44.906041+00:00" hostname="agent-env-4c7b8162-96d0-4f81-acb9-11f831a40275"><testcase classname="backend.tests.test_m33_body_documents.TestGetRBAC" name="test_owner_can_read" time="0.252" /><testcase classname="backend.tests.test_m33_body_documents.TestGetRBAC" name="test_mpca_can_read" time="0.108" /><testcase classname="backend.tests.test_m33_body_documents.TestGetRBAC" name="test_parent_division_can_read_district" time="0.233" /><testcase classname="backend.tests.test_m33_body_documents.TestGetRBAC" name="test_unrelated_body_forbidden" time="0.129" /><testcase classname="backend.tests.test_m33_body_documents.TestWriteFlow" name="test_create_as_owner" time="0.104" /><testcase classname="backend.tests.test_m33_body_documents.TestWriteFlow" name="test_create_forbidden_for_other_body" time="0.098" /><testcase classname="backend.tests.test_m33_body_documents.TestWriteFlow" name="test_patch_updates_and_stamps" time="0.338" /><testcase classname="backend.tests.test_m33_body_documents.TestWriteFlow" name="test_patch_forbidden_other_body" time="0.192" /><testcase classname="backend.tests.test_m33_body_documents.TestWriteFlow" name="test_patch_empty_400" time="0.191" /><testcase classname="backend.tests.test_m33_body_documents.TestWriteFlow" name="test_soft_delete_and_hard_delete" time="0.576" /><testcase classname="backend.tests.test_m33_body_documents.TestWriteFlow" name="test_delete_forbidden_other_body" time="0.198" /><testcase classname="backend.tests.test_m33_body_documents.TestKindsSummary" name="test_essentials_grow" time="0.401" /><testcase classname="backend.tests.test_m33_body_documents.TestUploadIntegration" name="test_upload_then_attach" time="1.120" /></testsuite></testsuites>