<?xml version="1.0" encoding="utf-8"?><testsuites name="pytest tests"><testsuite name="pytest" errors="0" failures="0" skipped="0" tests="6" time="2.148" timestamp="2026-07-27T08:24:29.615383+00:00" hostname="agent-env-4c7b8162-96d0-4f81-acb9-11f831a40275"><testcase classname="backend.tests.test_m34_squad_officials" name="test_patch_officials_owner_ok" time="0.415" /><testcase classname="backend.tests.test_m34_squad_officials" name="test_patch_officials_missing_keys_preserved" time="0.211" /><testcase classname="backend.tests.test_m34_squad_officials" name="test_patch_officials_null_clears_field" time="0.109" /><testcase classname="backend.tests.test_m34_squad_officials" name="test_patch_officials_unrelated_body_forbidden" time="0.135" /><testcase classname="backend.tests.test_m34_squad_officials" name="test_patch_officials_mpca_can_edit" time="0.154" /><testcase classname="backend.tests.test_m34_squad_officials" name="test_patch_officials_blocked_when_awaiting_or_approved" time="0.821" /></testsuite></testsuites>