<?xml version="1.0" encoding="utf-8"?><testsuites name="pytest tests"><testsuite name="pytest" errors="0" failures="0" skipped="0" tests="26" time="4.019" timestamp="2026-07-27T10:17:55.325305+00:00" hostname="agent-env-4c7b8162-96d0-4f81-acb9-11f831a40275"><testcase classname="backend.tests.test_m35_player_registrations.TestCampaignCreate" name="test_div_creates_own" time="0.244" /><testcase classname="backend.tests.test_m35_player_registrations.TestCampaignCreate" name="test_div_cannot_create_for_other_body" time="0.103" /><testcase classname="backend.tests.test_m35_player_registrations.TestCampaignCreate" name="test_mpca_can_create_for_any" time="0.146" /><testcase classname="backend.tests.test_m35_player_registrations.TestCampaignList" name="test_div_sees_only_own" time="0.100" /><testcase classname="backend.tests.test_m35_player_registrations.TestCampaignList" name="test_mpca_sees_all" time="0.103" /><testcase classname="backend.tests.test_m35_player_registrations.TestCampaignList" name="test_filter_body_code" time="0.094" /><testcase classname="backend.tests.test_m35_player_registrations.TestCampaignList" name="test_filter_is_active" time="0.101" /><testcase classname="backend.tests.test_m35_player_registrations.TestCampaignPatch" name="test_owner_patches" time="0.097" /><testcase classname="backend.tests.test_m35_player_registrations.TestCampaignPatch" name="test_other_body_forbidden" time="0.099" /><testcase classname="backend.tests.test_m35_player_registrations.TestCampaignPatch" name="test_empty_patch_400" time="0.093" /><testcase classname="backend.tests.test_m35_player_registrations.TestCampaignPatch" name="test_mpca_can_patch" time="0.103" /><testcase classname="backend.tests.test_m35_player_registrations.TestInvites" name="test_bulk_create" time="0.222" /><testcase classname="backend.tests.test_m35_player_registrations.TestPublicResolve" name="test_resolve_campaign_token" time="0.165" /><testcase classname="backend.tests.test_m35_player_registrations.TestPublicResolve" name="test_resolve_invite_token" time="0.097" /><testcase classname="backend.tests.test_m35_player_registrations.TestPublicResolve" name="test_resolve_unknown_404" time="0.095" /><testcase classname="backend.tests.test_m35_player_registrations.TestPublicResolve" name="test_resolve_inactive_410" time="0.303" /><testcase classname="backend.tests.test_m35_player_registrations.TestPublicSubmitAndReview" name="test_submit_via_campaign_token" time="0.102" /><testcase classname="backend.tests.test_m35_player_registrations.TestPublicSubmitAndReview" name="test_submit_via_invite" time="0.105" /><testcase classname="backend.tests.test_m35_player_registrations.TestPublicSubmitAndReview" name="test_submit_invite_twice_blocked" time="0.099" /><testcase classname="backend.tests.test_m35_player_registrations.TestPublicSubmitAndReview" name="test_inbox_scope_div" time="0.132" /><testcase classname="backend.tests.test_m35_player_registrations.TestPublicSubmitAndReview" name="test_inbox_other_body_forbidden" time="0.097" /><testcase classname="backend.tests.test_m35_player_registrations.TestPublicSubmitAndReview" name="test_approve_creates_player" time="0.199" /><testcase classname="backend.tests.test_m35_player_registrations.TestPublicSubmitAndReview" name="test_approve_again_400" time="0.108" /><testcase classname="backend.tests.test_m35_player_registrations.TestPublicSubmitAndReview" name="test_reject_requires_note" time="0.094" /><testcase classname="backend.tests.test_m35_player_registrations.TestPublicSubmitAndReview" name="test_reject_success" time="0.099" /><testcase classname="backend.tests.test_m35_player_registrations.TestPublicSubmitAndReview" name="test_return_flow_resets_invite" time="0.496" /></testsuite></testsuites>