<?xml version="1.0" encoding="utf-8"?><testsuites name="pytest tests"><testsuite name="pytest" errors="0" failures="0" skipped="2" tests="17" time="6.259" timestamp="2026-07-27T13:56:07.725054+00:00" hostname="agent-env-4c7b8162-96d0-4f81-acb9-11f831a40275"><testcase classname="backend.tests.test_m37_da_workflow.TestItem4_TournamentVisibility" name="test_a_official_sees_only_allocated" time="0.418" /><testcase classname="backend.tests.test_m37_da_workflow.TestItem4_TournamentVisibility" name="test_b_allocate_new_tournament_via_squad" time="0.462" /><testcase classname="backend.tests.test_m37_da_workflow.TestItem4_TournamentVisibility" name="test_c_get_allocated_tid_200" time="0.134" /><testcase classname="backend.tests.test_m37_da_workflow.TestItem4_TournamentVisibility" name="test_d_get_unallocated_tid_403" time="0.368" /><testcase classname="backend.tests.test_m37_da_workflow.TestItem3_DAApproveFlow" name="test_a_self_create" time="0.104" /><testcase classname="backend.tests.test_m37_da_workflow.TestItem3_DAApproveFlow" name="test_b_patch_computes_totals" time="0.115" /><testcase classname="backend.tests.test_m37_da_workflow.TestItem3_DAApproveFlow" name="test_c_submit" time="0.099" /><testcase classname="backend.tests.test_m37_da_workflow.TestItem3_DAApproveFlow" name="test_d_approve_creates_notification" time="0.340" /><testcase classname="backend.tests.test_m37_da_workflow.TestItem3_DAApproveFlow" name="test_e_reimbursement_preview" time="0.199" /><testcase classname="backend.tests.test_m37_da_workflow.TestItem3_DARejectFlow" name="test_reject_flow" time="0.738" /><testcase classname="backend.tests.test_m37_da_workflow.TestItem6_SignedCopy" name="test_a_submit_without_signed_copy_400" time="0.220"><skipped type="pytest.skip" message="Squad already has signed_copy_url from previous run — cannot exercise 400 path deterministically">/app/backend/tests/test_m37_da_workflow.py:274: Squad already has signed_copy_url from previous run — cannot exercise 400 path deterministically</skipped></testcase><testcase classname="backend.tests.test_m37_da_workflow.TestItem6_SignedCopy" name="test_b_upload_signed_copy_200" time="0.164" /><testcase classname="backend.tests.test_m37_da_workflow.TestItem6_SignedCopy" name="test_c_submit_after_upload_200" time="0.102" /><testcase classname="backend.tests.test_m37_da_workflow.TestItem6_SignedCopy" name="test_d_mpca_host_exempt" time="2.405"><skipped type="pytest.skip" message="No suitable MPCA-hosted squad found for host-exempt test">/app/backend/tests/test_m37_da_workflow.py:314: No suitable MPCA-hosted squad found for host-exempt test</skipped></testcase><testcase classname="backend.tests.test_m37_da_workflow.TestItem5_OfficialsDB" name="test_officials_list" time="0.124" /><testcase classname="backend.tests.test_m37_da_workflow.TestItem1_DAReviewScoping" name="test_mpca_sees_all" time="0.099" /><testcase classname="backend.tests.test_m37_da_workflow.TestItem1_DAReviewScoping" name="test_division_sees_only_scoped" time="0.100" /></testsuite></testsuites>