<?xml version="1.0" encoding="utf-8"?><testsuites name="pytest tests"><testsuite name="pytest" errors="0" failures="0" skipped="0" tests="20" time="3.442" timestamp="2026-07-27T18:22:54.325079+00:00" hostname="agent-env-4c7b8162-96d0-4f81-acb9-11f831a40275"><testcase classname="backend.tests.test_m39_events.TestEventsRBAC" name="test_list_events_open_to_all" time="0.163" /><testcase classname="backend.tests.test_m39_events.TestEventsRBAC" name="test_mpca_can_create" time="0.241" /><testcase classname="backend.tests.test_m39_events.TestEventsRBAC" name="test_division_cannot_create" time="0.125" /><testcase classname="backend.tests.test_m39_events.TestEventsRBAC" name="test_division_cannot_patch" time="0.121" /><testcase classname="backend.tests.test_m39_events.TestEventsRBAC" name="test_division_cannot_delete" time="0.125" /><testcase classname="backend.tests.test_m39_events.TestEventsRBAC" name="test_mpca_patch_ok" time="0.132" /><testcase classname="backend.tests.test_m39_events.TestEventsRBAC" name="test_mpca_delete_ok" time="0.123" /><testcase classname="backend.tests.test_m39_events.TestBirthdays" name="test_today_contains_devendra" time="0.136" /><testcase classname="backend.tests.test_m39_events.TestBirthdays" name="test_today_visible_to_mpca" time="0.124" /><testcase classname="backend.tests.test_m39_events.TestBirthdays" name="test_upcoming_includes_today_but_not_far" time="0.139" /><testcase classname="backend.tests.test_m39_events.TestBirthdays" name="test_send_daily_emails_mocked" time="0.113" /><testcase classname="backend.tests.test_m39_events.TestSchemeActivation" name="test_bootstrap_seasons_activated" time="0.379" /><testcase classname="backend.tests.test_m39_events.TestSchemeActivation" name="test_novel_season_not_active" time="0.126" /><testcase classname="backend.tests.test_m39_events.TestSchemeActivation" name="test_division_cannot_activate" time="0.133" /><testcase classname="backend.tests.test_m39_events.TestSchemeActivation" name="test_mpca_can_activate" time="0.125" /><testcase classname="backend.tests.test_m39_events.TestSchemeActivation" name="test_tournament_creation_blocked_on_inactive_season" time="0.125" /><testcase classname="backend.tests.test_m39_events.TestSchemeActivation" name="test_grant_claim_blocked_on_inactive_season" time="0.113" /><testcase classname="backend.tests.test_m39_events.TestSchemeActivation" name="test_tournament_ok_on_active_season" time="0.149" /><testcase classname="backend.tests.test_m39_events.TestMemberDOB" name="test_member_has_dob" time="0.131" /><testcase classname="backend.tests.test_m39_events.TestMemberDOB" name="test_member_dob_update_persists" time="0.524" /></testsuite></testsuites>