<?xml version="1.0" encoding="utf-8"?><testsuites name="pytest tests"><testsuite name="pytest" errors="0" failures="0" skipped="0" tests="7" time="1.431" timestamp="2026-07-27T18:40:14.779260+00:00" hostname="agent-env-4c7b8162-96d0-4f81-acb9-11f831a40275"><testcase classname="backend.tests.test_m39d_strict_acceptance" name="test_patch_participant_mpca_cannot_flip_division" time="0.388" /><testcase classname="backend.tests.test_m39d_strict_acceptance" name="test_patch_participant_matching_body_passes_scope_check" time="0.149" /><testcase classname="backend.tests.test_m39d_strict_acceptance" name="test_acceptance_top_level_mpca_secretary_forbidden" time="0.195" /><testcase classname="backend.tests.test_m39d_strict_acceptance" name="test_acceptance_top_level_secretary_role_forbidden_even_if_body_matches" time="0.219" /><testcase classname="backend.tests.test_m39d_strict_acceptance" name="test_acceptance_top_level_president_role_forbidden" time="0.118" /><testcase classname="backend.tests.test_m39d_strict_acceptance" name="test_acceptance_top_level_division_secretary_role_allowed_past_role_gate" time="0.149" /><testcase classname="backend.tests.test_m39d_strict_acceptance" name="test_acceptance_top_level_persona_body_spoof_check" time="0.143" /></testsuite></testsuites>