<?xml version="1.0" encoding="utf-8"?><testsuites name="pytest tests"><testsuite name="pytest" errors="0" failures="0" skipped="0" tests="5" time="2.738" timestamp="2026-07-28T03:51:29.759688+00:00" hostname="agent-env-4c7b8162-96d0-4f81-acb9-11f831a40275"><testcase classname="backend.tests.test_m39l_five_bugs.TestBug5NoSquadCap" name="test_add_20_players_when_cap_is_15" time="1.498" /><testcase classname="backend.tests.test_m39l_five_bugs.TestBug4BudgetApprovalOpen" name="test_president_can_approve_with_edited_totals" time="0.224" /><testcase classname="backend.tests.test_m39l_five_bugs.TestBug2ParticipantVisibility" name="test_participant_division_can_see_mpca_hosted" time="0.239" /><testcase classname="backend.tests.test_m39l_five_bugs.TestBug1ExtraExpenseBodyId" name="test_division_can_see_own_and_mpca_sees_all" time="0.291" /><testcase classname="backend.tests.test_m39l_five_bugs.TestBug3SchemeForBody" name="test_host_gets_2D_visiting_gets_2C" time="0.149" /></testsuite></testsuites>