<?xml version="1.0" encoding="utf-8"?><testsuites name="pytest tests"><testsuite name="pytest" errors="0" failures="0" skipped="0" tests="6" time="0.987" timestamp="2026-07-28T04:25:30.118367+00:00" hostname="agent-env-4c7b8162-96d0-4f81-acb9-11f831a40275"><testcase classname="backend.tests.test_m39m_sprint.TestActivityLog" name="test_create_writes_audit_row" time="0.284" /><testcase classname="backend.tests.test_m39m_sprint.TestActivityLog" name="test_participant_accept_writes_audit_row" time="0.169" /><testcase classname="backend.tests.test_m39m_sprint.TestDefaultSchemeInputs" name="test_patch_and_get_default_scheme_inputs" time="0.094" /><testcase classname="backend.tests.test_m39m_sprint.TestSignedPdfGate" name="test_submit_without_signed_pdf_returns_412" time="0.095" /><testcase classname="backend.tests.test_m39m_sprint.TestSignedPdfGate" name="test_upload_signed_pdf_and_then_submit" time="0.098" /><testcase classname="backend.tests.test_m39m_sprint.TestAuditLogHasMultipleEntries" name="test_at_least_two_audit_rows" time="0.176" /></testsuite></testsuites>