<?xml version="1.0" encoding="utf-8"?><testsuites name="pytest tests"><testsuite name="pytest" errors="0" failures="0" skipped="3" tests="15" time="1.088" timestamp="2026-08-01T12:17:44.503429+00:00" hostname="agent-env-4c7b8162-96d0-4f81-acb9-11f831a40275"><testcase classname="backend.tests.test_m39r_finance_console" name="test_matrix_returns_all_participants" time="0.221" /><testcase classname="backend.tests.test_m39r_finance_console" name="test_matrix_row_shape" time="0.000" /><testcase classname="backend.tests.test_m39r_finance_console" name="test_matrix_next_action_hint_semantics" time="0.000" /><testcase classname="backend.tests.test_m39r_finance_console" name="test_sanction_on_draft_returns_409" time="0.000"><skipped type="pytest.skip" message="No Draft budget in seed; skipping (state guard covered by 409-on-Sent test)">/app/backend/tests/test_m39r_finance_console.py:79: No Draft budget in seed; skipping (state guard covered by 409-on-Sent test)</skipped></testcase><testcase classname="backend.tests.test_m39r_finance_console" name="test_sanction_on_sent_returns_409" time="0.053" /><testcase classname="backend.tests.test_m39r_finance_console" name="test_accept_on_approved_returns_409" time="0.065" /><testcase classname="backend.tests.test_m39r_finance_console" name="test_division_accept_wrong_body_403" time="0.042" /><testcase classname="backend.tests.test_m39r_finance_console" name="test_request_revision_wrong_body_403" time="0.041" /><testcase classname="backend.tests.test_m39r_finance_console" name="test_prepare_skips_live_budgets" time="0.049" /><testcase classname="backend.tests.test_m39r_finance_console" name="test_full_flow_on_revision_requested_row" time="0.056"><skipped type="pytest.skip" message="No Revision_Requested row to exercise re-send flow">/app/backend/tests/test_m39r_finance_console.py:160: No Revision_Requested row to exercise re-send flow</skipped></testcase><testcase classname="backend.tests.test_m39r_finance_console" name="test_request_revision_flow_on_sent_row" time="0.116" /><testcase classname="backend.tests.test_m39r_finance_console" name="test_legacy_budgets_list_still_works" time="0.049" /><testcase classname="backend.tests.test_m39r_finance_console" name="test_tournament_still_returns" time="0.043" /><testcase classname="backend.tests.test_m39r_finance_console" name="test_action_center_tournament_pending_actions" time="0.044" /><testcase classname="backend.tests.test_m39r_finance_console" name="test_my_pending_inbox_reachable" time="0.087"><skipped type="pytest.skip" message="my_pending_inbox path unknown in this build">/app/backend/tests/test_m39r_finance_console.py:244: my_pending_inbox path unknown in this build</skipped></testcase></testsuite></testsuites>