<?xml version="1.0" encoding="utf-8"?><testsuites name="pytest tests"><testsuite name="pytest" errors="0" failures="0" skipped="0" tests="11" time="1.470" timestamp="2026-08-03T19:52:25.540742+00:00" hostname="agent-env-4c7b8162-96d0-4f81-acb9-11f831a40275"><testcase classname="backend.tests.test_m39z_auto_sanction.TestMatrix" name="test_matrix_returns_rows" time="0.182" /><testcase classname="backend.tests.test_m39z_auto_sanction.TestMatrix" name="test_matrix_next_action_shape" time="0.000" /><testcase classname="backend.tests.test_m39z_auto_sanction.TestMatrix" name="test_matrix_mpca_sees_monetary" time="0.000" /><testcase classname="backend.tests.test_m39z_auto_sanction.TestMatrix" name="test_matrix_division_privacy_scoping" time="0.089" /><testcase classname="backend.tests.test_m39z_auto_sanction.TestAutoSanction" name="test_division_accept_auto_sanctions_to_approved" time="0.226" /><testcase classname="backend.tests.test_m39z_auto_sanction.TestAutoSanction" name="test_scope_guard_403_on_foreign_body" time="0.168" /><testcase classname="backend.tests.test_m39z_auto_sanction.TestAutoSanction" name="test_scope_guard_mpca_header_allowed" time="0.188" /><testcase classname="backend.tests.test_m39z_auto_sanction.TestRevision" name="test_request_revision_transitions_correctly" time="0.161" /><testcase classname="backend.tests.test_m39z_auto_sanction.TestLegacySanction" name="test_sanction_endpoint_still_wired" time="0.074" /><testcase classname="backend.tests.test_m39z_auto_sanction.TestLegacySanction" name="test_sanction_rejects_sent_status" time="0.153" /><testcase classname="backend.tests.test_m39z_auto_sanction.TestLegacySanction" name="test_sanction_rejects_approved_status" time="0.142" /></testsuite></testsuites>