<?xml version="1.0" encoding="utf-8"?><testsuites name="pytest tests"><testsuite name="pytest" errors="0" failures="0" skipped="2" tests="14" time="0.153" timestamp="2026-08-06T08:19:59.758703+00:00" hostname="agent-env-4c7b8162-96d0-4f81-acb9-11f831a40275"><testcase classname="backend.tests.test_m39zd_district_consolidator" name="test_district_can_read_tournament_via_parent_division" time="0.008" /><testcase classname="backend.tests.test_m39zd_district_consolidator" name="test_district_submit_routes_to_parent_division" time="0.009"><skipped type="pytest.skip" message="Claim in status Submitted, cannot re-submit">/app/backend/tests/test_m39zd_district_consolidator.py:78: Claim in status Submitted, cannot re-submit</skipped></testcase><testcase classname="backend.tests.test_m39zd_district_consolidator" name="test_wrong_division_cannot_approve_district_claim" time="0.003" /><testcase classname="backend.tests.test_m39zd_district_consolidator" name="test_wrong_division_cannot_reject_district_claim" time="0.003" /><testcase classname="backend.tests.test_m39zd_district_consolidator" name="test_correct_division_can_approve_district_claim" time="0.007" /><testcase classname="backend.tests.test_m39zd_district_consolidator" name="test_preview_consolidator_lists_approved_child" time="0.004" /><testcase classname="backend.tests.test_m39zd_district_consolidator" name="test_consolidate_creates_master_and_links_children" time="0.010" /><testcase classname="backend.tests.test_m39zd_district_consolidator" name="test_consolidate_idempotent_no_new_children" time="0.004" /><testcase classname="backend.tests.test_m39zd_district_consolidator" name="test_consolidate_wrong_division_403" time="0.002" /><testcase classname="backend.tests.test_m39zd_district_consolidator" name="test_consolidate_non_division_body_422" time="0.003" /><testcase classname="backend.tests.test_m39zd_district_consolidator" name="test_list_claims_filter_is_master_true" time="0.003" /><testcase classname="backend.tests.test_m39zd_district_consolidator" name="test_list_claims_filter_route_to_mpca_masters" time="0.003" /><testcase classname="backend.tests.test_m39zd_district_consolidator" name="test_list_claims_exclude_consolidated_hides_children" time="0.003" /><testcase classname="backend.tests.test_m39zd_district_consolidator" name="test_mpca_can_approve_any_claim" time="0.004"><skipped type="pytest.skip" message="Cannot create fresh claim: 409 {&quot;detail&quot;:&quot;A Approved reimbursement claim already exists for this tournament.&quot;}">/app/backend/tests/test_m39zd_district_consolidator.py:223: Cannot create fresh claim: 409 {"detail":"A Approved reimbursement claim already exists for this tournament."}</skipped></testcase></testsuite></testsuites>