<?xml version="1.0" encoding="utf-8"?><testsuites name="pytest tests"><testsuite name="pytest" errors="0" failures="0" skipped="2" tests="10" time="0.146" timestamp="2026-08-06T09:12:38.194246+00:00" hostname="agent-env-4c7b8162-96d0-4f81-acb9-11f831a40275"><testcase classname="backend.tests.test_m39ze_host_ownership" name="test_tournament_get_mpca_host_403_for_district" time="0.005" /><testcase classname="backend.tests.test_m39ze_host_ownership" name="test_tournament_get_parent_division_200_for_district" time="0.003" /><testcase classname="backend.tests.test_m39ze_host_ownership" name="test_tournament_get_mpca_host_200_for_mpca" time="0.002" /><testcase classname="backend.tests.test_m39ze_host_ownership" name="test_district_submit_on_mpca_tournament_422" time="0.017" /><testcase classname="backend.tests.test_m39ze_host_ownership" name="test_district_submit_wrong_parent_division_422" time="0.019" /><testcase classname="backend.tests.test_m39ze_host_ownership" name="test_district_submit_on_parent_division_hosted_routes_correctly" time="0.008"><skipped type="pytest.skip" message="claim not in Draft (status=Approved)">/app/backend/tests/test_m39ze_host_ownership.py:132: claim not in Draft (status=Approved)</skipped></testcase><testcase classname="backend.tests.test_m39ze_host_ownership" name="test_consolidate_mismatch_division_and_host_422" time="0.002" /><testcase classname="backend.tests.test_m39ze_host_ownership" name="test_consolidate_on_mpca_hosted_tournament_422" time="0.002" /><testcase classname="backend.tests.test_m39ze_host_ownership" name="test_division_reviewer_scope_returns_children_routed_to_them" time="0.011" /><testcase classname="backend.tests.test_m39ze_host_ownership" name="test_mpca_can_still_approve_district_claim_state_override" time="0.011"><skipped type="pytest.skip" message="claim status Approved — cannot approve">/app/backend/tests/test_m39ze_host_ownership.py:207: claim status Approved — cannot approve</skipped></testcase></testsuite></testsuites>