<?xml version="1.0" encoding="utf-8"?><testsuites name="pytest tests"><testsuite name="pytest" errors="0" failures="0" skipped="0" tests="5" time="3.712" timestamp="2026-08-12T14:20:01.055671+00:00" hostname="agent-env-4c7b8162-96d0-4f81-acb9-11f831a40275"><testcase classname="backend.tests.test_mpca_squad_iter_a.TestMPCA131PositivePath" name="test_awaiting_squad_still_editable" time="1.289" /><testcase classname="backend.tests.test_mpca_squad_iter_a.TestMPCA131LockOnApproved" name="test_add_player_returns_409_when_approved" time="0.655" /><testcase classname="backend.tests.test_mpca_squad_iter_a.TestMPCA131LockOnApproved" name="test_delete_player_returns_409_when_approved" time="0.215" /><testcase classname="backend.tests.test_mpca_squad_iter_a.TestMPCA141Notifications" name="test_notifications_created_on_approve" time="0.355" /><testcase classname="backend.tests.test_mpca_squad_iter_a.TestMPCA141Notifications" name="test_notifications_created_on_reject" time="1.133" /></testsuite></testsuites>