<?xml version="1.0" encoding="utf-8"?><testsuites name="pytest tests"><testsuite name="pytest" errors="0" failures="0" skipped="0" tests="11" time="4.324" timestamp="2026-08-08T10:42:20.290927+00:00" hostname="agent-env-4c7b8162-96d0-4f81-acb9-11f831a40275"><testcase classname="backend.tests.test_mpca_116_campaign_requests" name="test_mpca_creates_approved" time="0.286" /><testcase classname="backend.tests.test_mpca_116_campaign_requests" name="test_division_creates_pending" time="0.137" /><testcase classname="backend.tests.test_mpca_116_campaign_requests" name="test_approve_by_mpca_success" time="0.342" /><testcase classname="backend.tests.test_mpca_116_campaign_requests" name="test_approve_by_division_forbidden" time="0.294" /><testcase classname="backend.tests.test_mpca_116_campaign_requests" name="test_reject_by_mpca_success" time="0.204" /><testcase classname="backend.tests.test_mpca_116_campaign_requests" name="test_reject_by_division_forbidden" time="0.194" /><testcase classname="backend.tests.test_mpca_116_campaign_requests" name="test_reject_empty_reason_400" time="0.283" /><testcase classname="backend.tests.test_mpca_116_campaign_requests" name="test_public_token_pending_403" time="0.257" /><testcase classname="backend.tests.test_mpca_116_campaign_requests" name="test_public_token_rejected_403" time="0.294" /><testcase classname="backend.tests.test_mpca_116_campaign_requests" name="test_public_token_approved_ok" time="0.296" /><testcase classname="backend.tests.test_mpca_116_campaign_requests" name="test_list_scoping_division_only_sees_own" time="1.649" /></testsuite></testsuites>