<?xml version="1.0" encoding="utf-8"?><testsuites name="pytest tests"><testsuite name="pytest" errors="0" failures="0" skipped="0" tests="6" time="4.157" timestamp="2026-08-12T11:00:31.799419+00:00" hostname="agent-env-4c7b8162-96d0-4f81-acb9-11f831a40275"><testcase classname="backend.tests.test_mpca_feb2026_player_reg_sprint" name="test_mpca147_campaign_create_returns_cycle" time="0.482" /><testcase classname="backend.tests.test_mpca_feb2026_player_reg_sprint" name="test_mpca148_pending_campaign_in_action_centre" time="0.494" /><testcase classname="backend.tests.test_mpca_feb2026_player_reg_sprint" name="test_mpca149_public_submit_without_home_district" time="0.395" /><testcase classname="backend.tests.test_mpca_feb2026_player_reg_sprint" name="test_mpca151_15_new_fields_roundtrip" time="0.382" /><testcase classname="backend.tests.test_mpca_feb2026_player_reg_sprint" name="test_mpca153_edit_endpoint_audit_diff" time="0.308" /><testcase classname="backend.tests.test_mpca_feb2026_player_reg_sprint" name="test_mpca153_division_approve_emits_email_mock" time="2.022" /></testsuite></testsuites>