<?xml version="1.0" encoding="utf-8"?><testsuites name="pytest tests"><testsuite name="pytest" errors="0" failures="0" skipped="0" tests="20" time="6.349" timestamp="2026-08-13T12:26:16.812945+00:00" hostname="agent-env-4c7b8162-96d0-4f81-acb9-11f831a40275"><testcase classname="tests.test_mpca_168_reimbursement.TestInvoiceReview" name="test_404_on_missing_claim" time="2.912" /><testcase classname="tests.test_mpca_168_reimbursement.TestInvoiceReview" name="test_403_non_mpca" time="0.185" /><testcase classname="tests.test_mpca_168_reimbursement.TestInvoiceReview" name="test_404_invoice_not_on_claim" time="0.138" /><testcase classname="tests.test_mpca_168_reimbursement.TestInvoiceReview" name="test_422_negative" time="0.141" /><testcase classname="tests.test_mpca_168_reimbursement.TestInvoiceReview" name="test_422_over_invoice_total" time="0.127" /><testcase classname="tests.test_mpca_168_reimbursement.TestInvoiceReview" name="test_success_and_status_flip" time="0.135" /><testcase classname="tests.test_mpca_168_reimbursement.TestInvoiceReview" name="test_overwrites_previous_review" time="0.128" /><testcase classname="tests.test_mpca_168_reimbursement.TestClearReview" name="test_403_non_mpca" time="0.121" /><testcase classname="tests.test_mpca_168_reimbursement.TestClearReview" name="test_delete_removes_entry" time="0.247" /><testcase classname="tests.test_mpca_168_reimbursement.TestReviewSummary" name="test_summary_shape_and_proration" time="0.562" /><testcase classname="tests.test_mpca_168_reimbursement.TestReviewSummary" name="test_all_reviewed_flag" time="0.239" /><testcase classname="tests.test_mpca_168_reimbursement.TestMpcaSignedPdf" name="test_403_non_mpca" time="0.182" /><testcase classname="tests.test_mpca_168_reimbursement.TestMpcaSignedPdf" name="test_persist" time="0.257" /><testcase classname="tests.test_mpca_168_reimbursement.TestApproveGates" name="test_missing_reviews_blocks_approve" time="0.168" /><testcase classname="tests.test_mpca_168_reimbursement.TestApproveGates" name="test_missing_signed_pdf_blocks" time="0.124" /><testcase classname="tests.test_mpca_168_reimbursement.TestApproveGates" name="test_success_uses_sum_of_accepted" time="0.110" /><testcase classname="tests.test_mpca_168_reimbursement.TestPhaseELock" name="test_create_blocked_when_claim_submitted" time="0.122" /><testcase classname="tests.test_mpca_168_reimbursement.TestPhaseELock" name="test_patch_blocked" time="0.112" /><testcase classname="tests.test_mpca_168_reimbursement.TestPhaseELock" name="test_delete_blocked" time="0.111" /><testcase classname="tests.test_mpca_168_reimbursement.TestPhaseELock" name="test_unlocks_on_rejected" time="0.132" /></testsuite></testsuites>