<?xml version="1.0" encoding="utf-8"?><testsuites name="pytest tests"><testsuite name="pytest" errors="0" failures="2" skipped="0" tests="9" time="1.957" timestamp="2026-08-10T12:32:03.220940+00:00" hostname="agent-env-4c7b8162-96d0-4f81-acb9-11f831a40275"><testcase classname="backend.tests.test_mpca_133_plus_portal" name="test_notification_created_on_assign" time="0.726" /><testcase classname="backend.tests.test_mpca_133_plus_portal" name="test_me_assignments_requires_header" time="0.049" /><testcase classname="backend.tests.test_mpca_133_plus_portal" name="test_me_assignments_case_insensitive" time="0.045" /><testcase classname="backend.tests.test_mpca_133_plus_portal" name="test_reject_empty_reason" time="0.047" /><testcase classname="backend.tests.test_mpca_133_plus_portal" name="test_reject_wrong_persona_forbidden" time="0.055"><failure message="assert 200 == 403&#10; +  where 200 = &lt;Response [200]&gt;.status_code">backend/tests/test_mpca_133_plus_portal.py:120: in test_reject_wrong_persona_forbidden
    assert r.status_code == 403
E   assert 200 == 403
E    +  where 200 = &lt;Response [200]&gt;.status_code</failure></testcase><testcase classname="backend.tests.test_mpca_133_plus_portal" name="test_accept_wrong_persona_forbidden" time="0.049"><failure message="assert 200 == 403&#10; +  where 200 = &lt;Response [200]&gt;.status_code">backend/tests/test_mpca_133_plus_portal.py:128: in test_accept_wrong_persona_forbidden
    assert r.status_code == 403
E   assert 200 == 403
E    +  where 200 = &lt;Response [200]&gt;.status_code</failure></testcase><testcase classname="backend.tests.test_mpca_133_plus_portal" name="test_accept_by_official" time="0.046" /><testcase classname="backend.tests.test_mpca_133_plus_portal" name="test_reject_by_official_creates_notification" time="0.403" /><testcase classname="backend.tests.test_mpca_133_plus_portal" name="test_create_tournament_notifies_secretary" time="0.354" /></testsuite></testsuites>