<?xml version="1.0" encoding="utf-8"?><testsuites name="pytest tests"><testsuite name="pytest" errors="0" failures="0" skipped="0" tests="8" time="1.587" timestamp="2026-08-07T09:18:57.277708+00:00" hostname="agent-env-4c7b8162-96d0-4f81-acb9-11f831a40275"><testcase classname="backend.tests.test_mpca_phase2.TestMPCA110SchemeCalc" name="test_input_spec_2A_contains_non_match_days" time="0.440" /><testcase classname="backend.tests.test_mpca_phase2.TestMPCA110SchemeCalc" name="test_input_spec_2B_contains_non_match_days" time="0.131" /><testcase classname="backend.tests.test_mpca_phase2.TestMPCA110SchemeCalc" name="test_compute_2A_with_non_match_days" time="0.131" /><testcase classname="backend.tests.test_mpca_phase2.TestMPCA110SchemeCalc" name="test_compute_2A_without_non_match_days" time="0.095" /><testcase classname="backend.tests.test_mpca_phase2.TestMPCA110SchemeCalc" name="test_compute_2B_with_non_match_days" time="0.130" /><testcase classname="backend.tests.test_mpca_phase2.TestMPCATournamentFields" name="test_gender_age_medical_persisted" time="0.261" /><testcase classname="backend.tests.test_mpca_phase2.TestMPCATournamentFields" name="test_patch_max_squad_and_medical" time="0.219" /><testcase classname="backend.tests.test_mpca_phase2.TestMPCATournamentFields" name="test_open_age_group_sets_null" time="0.101" /></testsuite></testsuites>