<?xml version="1.0" encoding="utf-8"?><testsuites name="pytest tests"><testsuite name="pytest" errors="0" failures="0" skipped="1" tests="8" time="2.517" timestamp="2026-08-07T08:57:25.388284+00:00" hostname="agent-env-4c7b8162-96d0-4f81-acb9-11f831a40275"><testcase classname="backend.tests.test_mpca_phase1.TestMPCA121" name="test_district_can_list_indore_division_intdistrict_tournaments" time="0.129" /><testcase classname="backend.tests.test_mpca_phase1.TestMPCA121" name="test_district_can_open_dist_alir_ind_hosted_tournament" time="0.216" /><testcase classname="backend.tests.test_mpca_phase1.TestMPCA121" name="test_district_can_open_div_ind_hosted_tournament" time="0.207" /><testcase classname="backend.tests.test_mpca_phase1.TestMPCA121" name="test_unrelated_district_gets_403_on_div_ind_tournament" time="0.203" /><testcase classname="backend.tests.test_mpca_phase1.TestMPCA128" name="test_action_center_ordering" time="0.345"><skipped type="pytest.skip" message="No action-center endpoint accessible with MPCA persona">/app/backend/tests/test_mpca_phase1.py:90: No action-center endpoint accessible with MPCA persona</skipped></testcase><testcase classname="backend.tests.test_mpca_phase1.TestMPCA131" name="test_add_player_to_approved_squad_returns_409" time="0.594" /><testcase classname="backend.tests.test_mpca_phase1.TestMPCA131" name="test_remove_player_from_approved_squad_returns_409" time="0.561" /><testcase classname="backend.tests.test_mpca_phase1.TestMPCA124" name="test_invoices_endpoint_accessible" time="0.196" /></testsuite></testsuites>