<?xml version="1.0" encoding="utf-8"?><testsuites name="pytest tests"><testsuite name="pytest" errors="0" failures="0" skipped="0" tests="12" time="1.146" timestamp="2026-08-07T10:01:44.421566+00:00" hostname="agent-env-4c7b8162-96d0-4f81-acb9-11f831a40275"><testcase classname="backend.tests.test_mpca_133_match_officials" name="test_get_standard_rates" time="0.299" /><testcase classname="backend.tests.test_mpca_133_match_officials" name="test_assign_mpca_ok" time="0.135" /><testcase classname="backend.tests.test_mpca_133_match_officials" name="test_assign_division_forbidden" time="0.043" /><testcase classname="backend.tests.test_mpca_133_match_officials" name="test_assign_district_forbidden" time="0.083" /><testcase classname="backend.tests.test_mpca_133_match_officials" name="test_assign_bad_role" time="0.044" /><testcase classname="backend.tests.test_mpca_133_match_officials" name="test_assign_missing_official" time="0.044" /><testcase classname="backend.tests.test_mpca_133_match_officials" name="test_list_assignments" time="0.042" /><testcase classname="backend.tests.test_mpca_133_match_officials" name="test_summary_math" time="0.089" /><testcase classname="backend.tests.test_mpca_133_match_officials" name="test_patch_days_mpca" time="0.044" /><testcase classname="backend.tests.test_mpca_133_match_officials" name="test_patch_days_division_forbidden" time="0.082" /><testcase classname="backend.tests.test_mpca_133_match_officials" name="test_delete_division_forbidden" time="0.043" /><testcase classname="backend.tests.test_mpca_133_match_officials" name="test_delete_mpca_ok" time="0.126" /></testsuite></testsuites>