<?xml version="1.0" encoding="utf-8"?><testsuites name="pytest tests"><testsuite name="pytest" errors="0" failures="1" skipped="0" tests="30" time="3.076" timestamp="2026-08-15T13:24:19.385147+00:00" hostname="agent-env-4c7b8162-96d0-4f81-acb9-11f831a40275"><testcase classname="backend.tests.test_mpca_235_wiring_e2e.TestMatrixShape" name="test_matrix_has_8_types_and_9_steps" time="0.242" /><testcase classname="backend.tests.test_mpca_235_wiring_e2e.TestMatrixShape" name="test_all_72_cells_have_8_attrs" time="0.000" /><testcase classname="backend.tests.test_mpca_235_wiring_e2e.TestMatrixShape" name="test_enums_present" time="0.000" /><testcase classname="backend.tests.test_mpca_235_wiring_e2e.TestWiringStatusPerTournament" name="test_all_7_tournaments_seeded" time="0.041" /><testcase classname="backend.tests.test_mpca_235_wiring_e2e.TestWiringStatusPerTournament" name="test_type_id_resolution[TRN-2026-27-001-bcci]" time="0.045" /><testcase classname="backend.tests.test_mpca_235_wiring_e2e.TestWiringStatusPerTournament" name="test_type_id_resolution[TRN-2026-27-002-interdiv]" time="0.044" /><testcase classname="backend.tests.test_mpca_235_wiring_e2e.TestWiringStatusPerTournament" name="test_type_id_resolution[TRN-2026-27-003-district]" time="0.046" /><testcase classname="backend.tests.test_mpca_235_wiring_e2e.TestWiringStatusPerTournament" name="test_type_id_resolution[TRN-2026-27-004-interschool]" time="0.051" /><testcase classname="backend.tests.test_mpca_235_wiring_e2e.TestWiringStatusPerTournament" name="test_type_id_resolution[TRN-2026-27-005-interclub]" time="0.048" /><testcase classname="backend.tests.test_mpca_235_wiring_e2e.TestWiringStatusPerTournament" name="test_type_id_resolution[TRN-2026-27-006-coachingcamp]" time="0.047" /><testcase classname="backend.tests.test_mpca_235_wiring_e2e.TestWiringStatusPerTournament" name="test_type_id_resolution[TRN-2026-27-007-vacationcamp]" time="0.045" /><testcase classname="backend.tests.test_mpca_235_wiring_e2e.TestWiringStatusPerTournament" name="test_status_derivation_matches_state[TRN-2026-27-001]" time="0.127" /><testcase classname="backend.tests.test_mpca_235_wiring_e2e.TestWiringStatusPerTournament" name="test_status_derivation_matches_state[TRN-2026-27-002]" time="0.087" /><testcase classname="backend.tests.test_mpca_235_wiring_e2e.TestWiringStatusPerTournament" name="test_status_derivation_matches_state[TRN-2026-27-003]" time="0.122" /><testcase classname="backend.tests.test_mpca_235_wiring_e2e.TestWiringStatusPerTournament" name="test_status_derivation_matches_state[TRN-2026-27-004]" time="0.125" /><testcase classname="backend.tests.test_mpca_235_wiring_e2e.TestWiringStatusPerTournament" name="test_status_derivation_matches_state[TRN-2026-27-005]" time="0.085" /><testcase classname="backend.tests.test_mpca_235_wiring_e2e.TestWiringStatusPerTournament" name="test_status_derivation_matches_state[TRN-2026-27-006]" time="0.126" /><testcase classname="backend.tests.test_mpca_235_wiring_e2e.TestWiringStatusPerTournament" name="test_status_derivation_matches_state[TRN-2026-27-007]" time="0.127" /><testcase classname="backend.tests.test_mpca_235_wiring_e2e.TestWiringStatusPerTournament" name="test_progress_pct_range" time="0.308" /><testcase classname="backend.tests.test_mpca_235_wiring_e2e.TestShip4VisibilityFilter" name="test_default_returns_everything" time="0.047" /><testcase classname="backend.tests.test_mpca_235_wiring_e2e.TestShip4VisibilityFilter" name="test_explicit_true_returns_everything" time="0.044" /><testcase classname="backend.tests.test_mpca_235_wiring_e2e.TestShip4VisibilityFilter" name="test_false_hides_championship_without_claim" time="0.086" /><testcase classname="backend.tests.test_mpca_235_wiring_e2e.TestPatchAndAudit" name="test_patch_validates_enum" time="0.082" /><testcase classname="backend.tests.test_mpca_235_wiring_e2e.TestPatchAndAudit" name="test_patch_unknown_type" time="0.044" /><testcase classname="backend.tests.test_mpca_235_wiring_e2e.TestPatchAndAudit" name="test_patch_creates_audit_row_and_reflects_in_status" time="0.334" /><testcase classname="backend.tests.test_mpca_235_wiring_e2e.TestPatchAndAudit" name="test_audit_sorted_desc" time="0.052" /><testcase classname="backend.tests.test_mpca_235_wiring_e2e.TestFreezeSeason" name="test_freeze_creates_snapshot_with_revision" time="0.172" /><testcase classname="backend.tests.test_mpca_235_wiring_e2e.TestFreezeSeason" name="test_snapshot_immutable_against_wiring_edit" time="0.253" /><testcase classname="backend.tests.test_mpca_235_wiring_e2e.TestFreezeSeason" name="test_snapshot_not_found" time="0.083" /><testcase classname="backend.tests.test_mpca_235_wiring_e2e.TestMpca236InterDistrictCreation" name="test_create_inter_district_tournament" time="0.041"><failure message="Failed: Inter-District creation failed: 422 {&quot;detail&quot;:[{&quot;type&quot;:&quot;literal_error&quot;,&quot;loc&quot;:[&quot;body&quot;,&quot;format&quot;],&quot;msg&quot;:&quot;Input should be 'Multi_Day', 'One_Day', 'T20', 'Pink_Ball', 'FourDay_Senior', 'FourDay_U23', 'FourDay_U19', 'OneDay_Senior', 'OneDay_U23', 'OneDay_U19', 'OneDay_Womens', 'T20_Senior', 'T20_U23', 'T20_U19', 'T20_Womens', 'U16_League',">backend/tests/test_mpca_235_wiring_e2e.py:372: in test_create_inter_district_tournament
    pytest.fail(f"Inter-District creation failed: {r.status_code} {r.text[:300]}")
E   Failed: Inter-District creation failed: 422 {"detail":[{"type":"literal_error","loc":["body","format"],"msg":"Input should be 'Multi_Day', 'One_Day', 'T20', 'Pink_Ball', 'FourDay_Senior', 'FourDay_U23', 'FourDay_U19', 'OneDay_Senior', 'OneDay_U23', 'OneDay_U19', 'OneDay_Womens', 'T20_Senior', 'T20_U23', 'T20_U19', 'T20_Womens', 'U16_League',</failure></testcase></testsuite></testsuites>