<?xml version="1.0" encoding="utf-8"?><testsuites name="pytest tests"><testsuite name="pytest" errors="0" failures="0" skipped="1" tests="12" time="9.513" timestamp="2026-08-12T14:42:13.097926+00:00" hostname="agent-env-4c7b8162-96d0-4f81-acb9-11f831a40275"><testcase classname="backend.tests.test_mpca_squad_iter_b.TestMemberDecision" name="test_decision_requires_mpca_role" time="2.602" /><testcase classname="backend.tests.test_mpca_squad_iter_b.TestMemberDecision" name="test_decision_bad_squad_404" time="0.116" /><testcase classname="backend.tests.test_mpca_squad_iter_b.TestMemberDecision" name="test_decision_bad_player_404" time="0.118" /><testcase classname="backend.tests.test_mpca_squad_iter_b.TestMemberDecision" name="test_decision_invalid_value_400" time="0.187" /><testcase classname="backend.tests.test_mpca_squad_iter_b.TestMemberDecision" name="test_decision_persist_and_overwrite" time="0.374" /><testcase classname="backend.tests.test_mpca_squad_iter_b.TestMemberDecision" name="test_decision_only_on_awaiting_status" time="0.000" /><testcase classname="backend.tests.test_mpca_squad_iter_b.TestReviewFlow" name="test_approve_blocks_when_missing_decisions" time="1.781" /><testcase classname="backend.tests.test_mpca_squad_iter_b.TestReviewFlow" name="test_reject_works_without_decisions" time="0.283" /><testcase classname="backend.tests.test_mpca_squad_iter_b.TestReviewFlow" name="test_approve_moves_rejected_to_dropped" time="3.186" /><testcase classname="backend.tests.test_mpca_squad_iter_b.TestReviewFlow" name="test_decision_409_when_not_awaiting" time="0.237" /><testcase classname="backend.tests.test_mpca_squad_iter_b.TestAgeCap" name="test_tournament_age_cap_field_supported" time="0.432" /><testcase classname="backend.tests.test_mpca_squad_iter_b.TestPlayerRegistrationReturn" name="test_return_endpoint_exists" time="0.131"><skipped type="pytest.skip" message="No non-Approved/non-Rejected player registration available.">/app/backend/tests/test_mpca_squad_iter_b.py:257: No non-Approved/non-Rejected player registration available.</skipped></testcase></testsuite></testsuites>