<?xml version="1.0" encoding="utf-8"?><testsuites name="pytest tests"><testsuite name="pytest" errors="0" failures="0" skipped="0" tests="45" time="3.790" timestamp="2026-05-25T11:29:24.721779+00:00" hostname="agent-env-4c7b8162-96d0-4f81-acb9-11f831a40275"><testcase classname="tests.test_phase4_players.TestRoot" name="test_root_version_is_4" time="0.243" /><testcase classname="tests.test_phase4_players.TestPlayersList" name="test_list_returns_seven_seeded" time="0.048" /><testcase classname="tests.test_phase4_players.TestPlayersList" name="test_filter_body_id_indore" time="0.050" /><testcase classname="tests.test_phase4_players.TestPlayersList" name="test_filter_category_guest" time="0.044" /><testcase classname="tests.test_phase4_players.TestPlayersList" name="test_filter_status_suspended" time="0.045" /><testcase classname="tests.test_phase4_players.TestPlayersList" name="test_search_sharma" time="0.044" /><testcase classname="tests.test_phase4_players.TestPlayerGet" name="test_get_by_player_id_human" time="0.130" /><testcase classname="tests.test_phase4_players.TestPlayerGet" name="test_get_by_uuid" time="0.088" /><testcase classname="tests.test_phase4_players.TestPlayerGet" name="test_get_invalid_returns_404" time="0.041" /><testcase classname="tests.test_phase4_players.TestPlayerStats" name="test_stats_summary" time="0.047" /><testcase classname="tests.test_phase4_players.TestEligibilityValidator" name="test_local_mp_with_mp_domicile_ok" time="0.060" /><testcase classname="tests.test_phase4_players.TestEligibilityValidator" name="test_local_mp_wrong_domicile_fail" time="0.046" /><testcase classname="tests.test_phase4_players.TestEligibilityValidator" name="test_guest_without_tw3_fail" time="0.042" /><testcase classname="tests.test_phase4_players.TestEligibilityValidator" name="test_guest_with_tw3_ok" time="0.044" /><testcase classname="tests.test_phase4_players.TestPlayerCreate" name="test_create_local_mp_happy" time="0.043" /><testcase classname="tests.test_phase4_players.TestPlayerCreate" name="test_create_invalid_body_400" time="0.042" /><testcase classname="tests.test_phase4_players.TestPlayerCreate" name="test_create_guest_without_tw3_400" time="0.043" /><testcase classname="tests.test_phase4_players.TestPlayerLifecycle" name="test_approve_pending_to_active" time="0.128" /><testcase classname="tests.test_phase4_players.TestPlayerLifecycle" name="test_disqualify_two_year_ban_suspends" time="0.203" /><testcase classname="tests.test_phase4_players.TestPlayerLifecycle" name="test_disqualify_lifetime_ban_bans" time="0.131" /><testcase classname="tests.test_phase4_players.TestPlayerLifecycle" name="test_reinstate_from_active_400" time="0.129" /><testcase classname="tests.test_phase4_players.TestTransfers" name="test_create_transfer_wrong_from_body_400" time="0.134" /><testcase classname="tests.test_phase4_players.TestTransfers" name="test_create_transfer_same_from_to_400" time="0.131" /><testcase classname="tests.test_phase4_players.TestTransfers" name="test_create_transfer_invalid_body_400" time="0.130" /><testcase classname="tests.test_phase4_players.TestTransfers" name="test_full_transfer_workflow" time="0.459" /><testcase classname="tests.test_phase4_players.TestTransfers" name="test_reject_transfer" time="0.192" /><testcase classname="tests.test_phase4_players" name="test_regression_endpoint_200[/bodies]" time="0.046" /><testcase classname="tests.test_phase4_players" name="test_regression_endpoint_200[/members]" time="0.072" /><testcase classname="tests.test_phase4_players" name="test_regression_endpoint_200[/disclosures]" time="0.047" /><testcase classname="tests.test_phase4_players" name="test_regression_endpoint_200[/meetings]" time="0.044" /><testcase classname="tests.test_phase4_players" name="test_regression_endpoint_200[/elections]" time="0.045" /><testcase classname="tests.test_phase4_players" name="test_regression_endpoint_200[/fees]" time="0.090" /><testcase classname="tests.test_phase4_players" name="test_regression_endpoint_200[/bank/accounts]" time="0.045" /><testcase classname="tests.test_phase4_players" name="test_regression_endpoint_200[/financial-powers]" time="0.042" /><testcase classname="tests.test_phase4_players" name="test_regression_endpoint_200[/dashboard/stats]" time="0.049" /><testcase classname="tests.test_phase4_players" name="test_regression_endpoint_200[/claims]" time="0.044" /><testcase classname="tests.test_phase4_players" name="test_regression_endpoint_200[/claims-stats/summary]" time="0.045" /><testcase classname="tests.test_phase4_players" name="test_regression_endpoint_200[/budgets]" time="0.048" /><testcase classname="tests.test_phase4_players" name="test_regression_endpoint_200[/sanction-thresholds]" time="0.043" /><testcase classname="tests.test_phase4_players" name="test_regression_endpoint_200[/procurement]" time="0.043" /><testcase classname="tests.test_phase4_players" name="test_regression_endpoint_200[/finance/abc-analysis]" time="0.045" /><testcase classname="tests.test_phase4_players.TestSeededIntegrity" name="test_bodies_seed_count" time="0.045" /><testcase classname="tests.test_phase4_players.TestSeededIntegrity" name="test_claims_seed_count" time="0.045" /><testcase classname="tests.test_phase4_players.TestSeededIntegrity" name="test_procurement_seed_count" time="0.045" /><testcase classname="tests.test_phase4_players.TestSeededIntegrity" name="test_seven_seeded_players_intact" time="0.045" /></testsuite></testsuites>