<?xml version="1.0" encoding="utf-8"?><testsuites name="pytest tests"><testsuite name="pytest" errors="0" failures="0" skipped="0" tests="44" time="5.678" timestamp="2026-05-25T12:15:26.725153+00:00" hostname="agent-env-4c7b8162-96d0-4f81-acb9-11f831a40275"><testcase classname="backend.tests.test_phase4_2_tournaments.TestRootAndSeed" name="test_version" time="0.179" /><testcase classname="backend.tests.test_phase4_2_tournaments.TestRootAndSeed" name="test_tournaments_seeded_15" time="0.073" /><testcase classname="backend.tests.test_phase4_2_tournaments.TestRootAndSeed" name="test_named_tournaments_present" time="0.072" /><testcase classname="backend.tests.test_phase4_2_tournaments.TestRootAndSeed" name="test_seeded_data_intact" time="0.154" /><testcase classname="backend.tests.test_phase4_2_tournaments.TestFilters" name="test_status_upcoming" time="0.072" /><testcase classname="backend.tests.test_phase4_2_tournaments.TestFilters" name="test_scope_championship" time="0.072" /><testcase classname="backend.tests.test_phase4_2_tournaments.TestFilters" name="test_format_T20" time="0.070" /><testcase classname="backend.tests.test_phase4_2_tournaments.TestFilters" name="test_fiscal_cycle" time="0.075" /><testcase classname="backend.tests.test_phase4_2_tournaments.TestGetAndCreate" name="test_get_by_id_ok" time="0.142" /><testcase classname="backend.tests.test_phase4_2_tournaments.TestGetAndCreate" name="test_get_by_id_404" time="0.071" /><testcase classname="backend.tests.test_phase4_2_tournaments.TestGetAndCreate" name="test_create_invalid_host_body" time="0.073" /><testcase classname="backend.tests.test_phase4_2_tournaments.TestGetAndCreate" name="test_create_age_floor_gt_cap" time="0.070" /><testcase classname="backend.tests.test_phase4_2_tournaments.TestGetAndCreate" name="test_create_ok_and_status_machine" time="0.616" /><testcase classname="backend.tests.test_phase4_2_tournaments.TestGetAndCreate" name="test_cancel_from_upcoming" time="0.146" /><testcase classname="backend.tests.test_phase4_2_tournaments.TestSquadsAndPlayers" name="test_squads_empty_initial" time="0.143" /><testcase classname="backend.tests.test_phase4_2_tournaments.TestSquadsAndPlayers" name="test_create_squad_invalid_tournament" time="0.072" /><testcase classname="backend.tests.test_phase4_2_tournaments.TestSquadsAndPlayers" name="test_create_squad_invalid_body" time="0.071" /><testcase classname="backend.tests.test_phase4_2_tournaments.TestSquadsAndPlayers" name="test_u14_rejects_adult" time="0.218" /><testcase classname="backend.tests.test_phase4_2_tournaments.TestSquadsAndPlayers" name="test_duplicate_squad_blocked" time="0.071" /><testcase classname="backend.tests.test_phase4_2_tournaments.TestSquadsAndPlayers" name="test_senior_no_guest_rejects_guest" time="0.214" /><testcase classname="backend.tests.test_phase4_2_tournaments.TestSquadsAndPlayers" name="test_mpl_allows_guest" time="0.143" /><testcase classname="backend.tests.test_phase4_2_tournaments.TestSquadsAndPlayers" name="test_cross_body_blocked" time="0.148" /><testcase classname="backend.tests.test_phase4_2_tournaments.TestSquadsAndPlayers" name="test_captain_uniqueness" time="0.142" /><testcase classname="backend.tests.test_phase4_2_tournaments.TestSquadsAndPlayers" name="test_capacity_19th_rejected" time="0.360" /><testcase classname="backend.tests.test_phase4_2_tournaments.TestSquadsAndPlayers" name="test_remove_player" time="0.221" /><testcase classname="backend.tests.test_phase4_2_tournaments.TestSquadsAndPlayers" name="test_cannot_modify_in_progress" time="0.388" /><testcase classname="backend.tests.test_phase4_2_tournaments.TestStats" name="test_summary" time="0.076" /><testcase classname="backend.tests.test_phase4_2_tournaments.TestRegression" name="test_endpoint_200[/bodies]" time="0.083" /><testcase classname="backend.tests.test_phase4_2_tournaments.TestRegression" name="test_endpoint_200[/members]" time="0.070" /><testcase classname="backend.tests.test_phase4_2_tournaments.TestRegression" name="test_endpoint_200[/disclosures]" time="0.071" /><testcase classname="backend.tests.test_phase4_2_tournaments.TestRegression" name="test_endpoint_200[/meetings]" time="0.071" /><testcase classname="backend.tests.test_phase4_2_tournaments.TestRegression" name="test_endpoint_200[/elections]" time="0.076" /><testcase classname="backend.tests.test_phase4_2_tournaments.TestRegression" name="test_endpoint_200[/fees]" time="0.071" /><testcase classname="backend.tests.test_phase4_2_tournaments.TestRegression" name="test_endpoint_200[/bank/accounts]" time="0.071" /><testcase classname="backend.tests.test_phase4_2_tournaments.TestRegression" name="test_endpoint_200[/financial-powers]" time="0.068" /><testcase classname="backend.tests.test_phase4_2_tournaments.TestRegression" name="test_endpoint_200[/dashboard/stats]" time="0.073" /><testcase classname="backend.tests.test_phase4_2_tournaments.TestRegression" name="test_endpoint_200[/claims]" time="0.070" /><testcase classname="backend.tests.test_phase4_2_tournaments.TestRegression" name="test_endpoint_200[/budgets]" time="0.095" /><testcase classname="backend.tests.test_phase4_2_tournaments.TestRegression" name="test_endpoint_200[/procurement]" time="0.072" /><testcase classname="backend.tests.test_phase4_2_tournaments.TestRegression" name="test_endpoint_200[/finance/abc-analysis]" time="0.070" /><testcase classname="backend.tests.test_phase4_2_tournaments.TestRegression" name="test_endpoint_200[/players]" time="0.074" /><testcase classname="backend.tests.test_phase4_2_tournaments.TestRegression" name="test_endpoint_200[/players-stats/summary]" time="0.077" /><testcase classname="backend.tests.test_phase4_2_tournaments.TestRegression" name="test_endpoint_200[/transfers]" time="0.072" /><testcase classname="backend.tests.test_phase4_2_tournaments" name="test_zzz_cleanup" time="0.219" /></testsuite></testsuites>