<?xml version="1.0" encoding="utf-8"?><testsuites name="pytest tests"><testsuite name="pytest" errors="0" failures="0" skipped="0" tests="44" time="8.389" timestamp="2026-05-31T09:15:37.851091+00:00" hostname="agent-env-4c7b8162-96d0-4f81-acb9-11f831a40275"><testcase classname="backend.tests.test_phase6a_vendor_bills.TestVendorCRUD" name="test_list_vendors_seeded" time="0.138" /><testcase classname="backend.tests.test_phase6a_vendor_bills.TestVendorCRUD" name="test_list_vendors_filter_category" time="0.056" /><testcase classname="backend.tests.test_phase6a_vendor_bills.TestVendorCRUD" name="test_list_vendors_search_and_include_blacklisted_false" time="0.044" /><testcase classname="backend.tests.test_phase6a_vendor_bills.TestVendorCRUD" name="test_create_get_update_vendor" time="0.260" /><testcase classname="backend.tests.test_phase6a_vendor_bills.TestVendorCRUD" name="test_blacklist_and_unblacklist" time="0.214" /><testcase classname="backend.tests.test_phase6a_vendor_bills.TestVendorCRUD" name="test_vendor_not_found" time="0.043" /><testcase classname="backend.tests.test_phase6a_vendor_bills.TestVendorBillWorkflow" name="test_blacklisted_vendor_cannot_be_billed" time="0.291" /><testcase classname="backend.tests.test_phase6a_vendor_bills.TestVendorBillWorkflow" name="test_full_happy_path_submit_verify_sanction_pay" time="0.835" /><testcase classname="backend.tests.test_phase6a_vendor_bills.TestVendorBillWorkflow" name="test_guards" time="1.042" /><testcase classname="backend.tests.test_phase6a_vendor_bills.TestVendorBillWorkflow" name="test_cannot_delete_vendor_with_bills" time="0.307" /><testcase classname="backend.tests.test_phase6a_vendor_bills.TestVendorBillWorkflow" name="test_return_workflow" time="0.324" /><testcase classname="backend.tests.test_phase6a_vendor_bills.TestVendorBillStats" name="test_stats_shape" time="0.082" /><testcase classname="backend.tests.test_phase6a_vendor_bills.TestVendorBillStats" name="test_stats_filter_body" time="0.082" /><testcase classname="backend.tests.test_phase6a_vendor_bills.TestVendorBillStats" name="test_stats_filter_fiscal_cycle" time="0.082" /><testcase classname="backend.tests.test_phase6a_vendor_bills" name="test_regression_get_endpoints[/bodies]" time="0.042" /><testcase classname="backend.tests.test_phase6a_vendor_bills" name="test_regression_get_endpoints[/bodies/tree]" time="0.042" /><testcase classname="backend.tests.test_phase6a_vendor_bills" name="test_regression_get_endpoints[/members]" time="0.043" /><testcase classname="backend.tests.test_phase6a_vendor_bills" name="test_regression_get_endpoints[/disclosures]" time="0.041" /><testcase classname="backend.tests.test_phase6a_vendor_bills" name="test_regression_get_endpoints[/meetings]" time="0.042" /><testcase classname="backend.tests.test_phase6a_vendor_bills" name="test_regression_get_endpoints[/elections]" time="0.084" /><testcase classname="backend.tests.test_phase6a_vendor_bills" name="test_regression_get_endpoints[/fees]" time="0.043" /><testcase classname="backend.tests.test_phase6a_vendor_bills" name="test_regression_get_endpoints[/bank/accounts]" time="0.082" /><testcase classname="backend.tests.test_phase6a_vendor_bills" name="test_regression_get_endpoints[/bank/transactions]" time="0.041" /><testcase classname="backend.tests.test_phase6a_vendor_bills" name="test_regression_get_endpoints[/financial-powers]" time="0.041" /><testcase classname="backend.tests.test_phase6a_vendor_bills" name="test_regression_get_endpoints[/dashboard/stats]" time="0.085" /><testcase classname="backend.tests.test_phase6a_vendor_bills" name="test_regression_get_endpoints[/dashboard/fairplay-rankings]" time="0.057" /><testcase classname="backend.tests.test_phase6a_vendor_bills" name="test_regression_get_endpoints[/claims]" time="0.046" /><testcase classname="backend.tests.test_phase6a_vendor_bills" name="test_regression_get_endpoints[/budgets]" time="0.047" /><testcase classname="backend.tests.test_phase6a_vendor_bills" name="test_regression_get_endpoints[/procurement]" time="0.042" /><testcase classname="backend.tests.test_phase6a_vendor_bills" name="test_regression_get_endpoints[/finance/abc-analysis]" time="0.050" /><testcase classname="backend.tests.test_phase6a_vendor_bills" name="test_regression_get_endpoints[/players]" time="0.041" /><testcase classname="backend.tests.test_phase6a_vendor_bills" name="test_regression_get_endpoints[/players-stats/summary]" time="0.057" /><testcase classname="backend.tests.test_phase6a_vendor_bills" name="test_regression_get_endpoints[/transfers]" time="0.041" /><testcase classname="backend.tests.test_phase6a_vendor_bills" name="test_regression_get_endpoints[/tournaments]" time="0.043" /><testcase classname="backend.tests.test_phase6a_vendor_bills" name="test_notifications_list" time="0.041" /><testcase classname="backend.tests.test_phase6a_vendor_bills" name="test_notifications_stats" time="0.044" /><testcase classname="backend.tests.test_phase6a_vendor_bills" name="test_notifications_mark_read" time="0.084" /><testcase classname="backend.tests.test_phase6a_vendor_bills" name="test_rulebook_md_download" time="0.045" /><testcase classname="backend.tests.test_phase6a_vendor_bills" name="test_rulebook_pdf_download" time="0.129" /><testcase classname="backend.tests.test_phase6a_vendor_bills" name="test_meeting_agenda_md" time="0.089" /><testcase classname="backend.tests.test_phase6a_vendor_bills" name="test_meeting_agenda_pdf" time="0.143" /><testcase classname="backend.tests.test_phase6a_vendor_bills" name="test_ai_revalidate_claim" time="2.678" /><testcase classname="backend.tests.test_phase6a_vendor_bills" name="test_attach_docs" time="0.088" /><testcase classname="backend.tests.test_phase6a_vendor_bills" name="test_upload_multipart" time="0.121" /></testsuite></testsuites>