<?xml version="1.0" encoding="utf-8"?><testsuites name="pytest tests"><testsuite name="pytest" errors="0" failures="1" skipped="0" tests="37" time="3.300" timestamp="2026-06-26T12:34:51.728684+00:00" hostname="agent-env-4c7b8162-96d0-4f81-acb9-11f831a40275"><testcase classname="backend.tests.test_phase_a_tournament_budgets.TestList" name="test_list_returns_seeded" time="0.239" /><testcase classname="backend.tests.test_phase_a_tournament_budgets.TestList" name="test_filter_status" time="0.048" /><testcase classname="backend.tests.test_phase_a_tournament_budgets.TestList" name="test_filter_fiscal" time="0.054" /><testcase classname="backend.tests.test_phase_a_tournament_budgets.TestList" name="test_get_one" time="0.048" /><testcase classname="backend.tests.test_phase_a_tournament_budgets.TestList" name="test_get_404" time="0.051" /><testcase classname="backend.tests.test_phase_a_tournament_budgets.TestList" name="test_stats_shape" time="0.047" /><testcase classname="backend.tests.test_phase_a_tournament_budgets.TestCreate" name="test_create_draft_ok" time="0.190" /><testcase classname="backend.tests.test_phase_a_tournament_budgets.TestCreate" name="test_head_sum_exceeds_total_422" time="0.047" /><testcase classname="backend.tests.test_phase_a_tournament_budgets.TestCreate" name="test_duplicate_409" time="0.046" /><testcase classname="backend.tests.test_phase_a_tournament_budgets.TestWorkflow" name="test_patch_only_draft_or_returned" time="0.238" /><testcase classname="backend.tests.test_phase_a_tournament_budgets.TestWorkflow" name="test_full_lifecycle_submit_approve" time="0.238" /><testcase classname="backend.tests.test_phase_a_tournament_budgets.TestWorkflow" name="test_approve_above_proposed_422" time="0.182" /><testcase classname="backend.tests.test_phase_a_tournament_budgets.TestWorkflow" name="test_approve_heads_exceed_approved_total_422" time="0.190" /><testcase classname="backend.tests.test_phase_a_tournament_budgets.TestWorkflow" name="test_return_then_resubmit" time="0.227" /><testcase classname="backend.tests.test_phase_a_tournament_budgets.TestWorkflow" name="test_reject_blocked_after_approved" time="0.044" /><testcase classname="backend.tests.test_phase_a_tournament_budgets.TestWorkflow" name="test_submit_from_wrong_status_409" time="0.043" /><testcase classname="backend.tests.test_phase_a_tournament_budgets.TestVariableItems" name="test_add_and_approve" time="0.139" /><testcase classname="backend.tests.test_phase_a_tournament_budgets.TestRegression" name="test_get_alive[/]" time="0.043" /><testcase classname="backend.tests.test_phase_a_tournament_budgets.TestRegression" name="test_get_alive[/bodies]" time="0.046" /><testcase classname="backend.tests.test_phase_a_tournament_budgets.TestRegression" name="test_get_alive[/bodies/tree]" time="0.051" /><testcase classname="backend.tests.test_phase_a_tournament_budgets.TestRegression" name="test_get_alive[/members]" time="0.050" /><testcase classname="backend.tests.test_phase_a_tournament_budgets.TestRegression" name="test_get_alive[/disclosures]" time="0.045" /><testcase classname="backend.tests.test_phase_a_tournament_budgets.TestRegression" name="test_get_alive[/meetings]" time="0.045" /><testcase classname="backend.tests.test_phase_a_tournament_budgets.TestRegression" name="test_get_alive[/elections]" time="0.046" /><testcase classname="backend.tests.test_phase_a_tournament_budgets.TestRegression" name="test_get_alive[/fees]" time="0.045" /><testcase classname="backend.tests.test_phase_a_tournament_budgets.TestRegression" name="test_get_alive[/bank/accounts]" time="0.048" /><testcase classname="backend.tests.test_phase_a_tournament_budgets.TestRegression" name="test_get_alive[/financial-powers]" time="0.043" /><testcase classname="backend.tests.test_phase_a_tournament_budgets.TestRegression" name="test_get_alive[/dashboard/stats]" time="0.048" /><testcase classname="backend.tests.test_phase_a_tournament_budgets.TestRegression" name="test_get_alive[/claims]" time="0.052" /><testcase classname="backend.tests.test_phase_a_tournament_budgets.TestRegression" name="test_get_alive[/body-budgets]" time="0.044"><failure message="AssertionError: /body-budgets → 404 {&quot;detail&quot;:&quot;Not Found&quot;}&#10;assert 404 == 200&#10; +  where 404 = &lt;Response [404]&gt;.status_code">backend/tests/test_phase_a_tournament_budgets.py:299: in test_get_alive
    assert r.status_code == 200, f"{path} → {r.status_code} {r.text[:200]}"
E   AssertionError: /body-budgets → 404 {"detail":"Not Found"}
E   assert 404 == 200
E    +  where 404 = &lt;Response [404]&gt;.status_code</failure></testcase><testcase classname="backend.tests.test_phase_a_tournament_budgets.TestRegression" name="test_get_alive[/procurement]" time="0.047" /><testcase classname="backend.tests.test_phase_a_tournament_budgets.TestRegression" name="test_get_alive[/players]" time="0.045" /><testcase classname="backend.tests.test_phase_a_tournament_budgets.TestRegression" name="test_get_alive[/transfers]" time="0.050" /><testcase classname="backend.tests.test_phase_a_tournament_budgets.TestRegression" name="test_get_alive[/tournaments]" time="0.043" /><testcase classname="backend.tests.test_phase_a_tournament_budgets.TestRegression" name="test_get_alive[/vendors]" time="0.044" /><testcase classname="backend.tests.test_phase_a_tournament_budgets.TestRegression" name="test_get_alive[/vendor-bills]" time="0.051" /><testcase classname="backend.tests.test_phase_a_tournament_budgets.TestRegression" name="test_notifications_growth" time="0.043" /></testsuite></testsuites>