<?xml version="1.0" encoding="utf-8"?><testsuites name="pytest tests"><testsuite name="pytest" errors="0" failures="0" skipped="0" tests="3" time="1.095" timestamp="2026-08-07T09:46:18.916405+00:00" hostname="agent-env-4c7b8162-96d0-4f81-acb9-11f831a40275"><testcase classname="backend.tests.test_mpca_phase5.TestMPCA112PostApprovalReject" name="test_reject_from_draft_returns_409" time="0.405" /><testcase classname="backend.tests.test_mpca_phase5.TestMPCA112PostApprovalReject" name="test_reject_from_approved_succeeds" time="0.347" /><testcase classname="backend.tests.test_mpca_phase5.TestMPCA112PostApprovalReject" name="test_reject_requires_reason" time="0.259" /></testsuite></testsuites>