<?xml version="1.0" encoding="utf-8"?><testsuites name="pytest tests"><testsuite name="pytest" errors="0" failures="0" skipped="0" tests="40" time="4.990" timestamp="2026-05-20T13:12:46.390017+00:00" hostname="agent-env-4c7b8162-96d0-4f81-acb9-11f831a40275"><testcase classname="backend.tests.test_phase3_8_procurement.TestVersionAndList" name="test_root_version" time="0.158" /><testcase classname="backend.tests.test_phase3_8_procurement.TestVersionAndList" name="test_list_returns_seeded_three" time="0.049" /><testcase classname="backend.tests.test_phase3_8_procurement.TestVersionAndList" name="test_filters" time="0.177" /><testcase classname="backend.tests.test_phase3_8_procurement.TestVersionAndList" name="test_get_by_id_and_404" time="0.157" /><testcase classname="backend.tests.test_phase3_8_procurement.TestCreateMethodDerivation" name="test_method_for_amount[50000-Direct]" time="0.062" /><testcase classname="backend.tests.test_phase3_8_procurement.TestCreateMethodDerivation" name="test_method_for_amount[500000-Three_Quote]" time="0.047" /><testcase classname="backend.tests.test_phase3_8_procurement.TestCreateMethodDerivation" name="test_method_for_amount[10000000-QCBS]" time="0.055" /><testcase classname="backend.tests.test_phase3_8_procurement.TestCreateMethodDerivation" name="test_method_for_amount[7500000-Three_Quote]" time="0.045" /><testcase classname="backend.tests.test_phase3_8_procurement.TestCreateMethodDerivation" name="test_method_for_amount[80000000-QCBS]" time="0.045" /><testcase classname="backend.tests.test_phase3_8_procurement.TestCreateMethodDerivation" name="test_invalid_body" time="0.048" /><testcase classname="backend.tests.test_phase3_8_procurement.TestQuotations" name="test_third_quote_transitions_to_quotes_collected" time="0.229" /><testcase classname="backend.tests.test_phase3_8_procurement.TestQuotations" name="test_cannot_add_quote_after_awarded" time="0.315" /><testcase classname="backend.tests.test_phase3_8_procurement.TestAwardRules" name="test_three_quote_requires_three" time="0.189" /><testcase classname="backend.tests.test_phase3_8_procurement.TestAwardRules" name="test_awarded_must_be_quoted" time="0.229" /><testcase classname="backend.tests.test_phase3_8_procurement.TestAwardRules" name="test_non_l1_requires_justification" time="0.319" /><testcase classname="backend.tests.test_phase3_8_procurement.TestAwardRules" name="test_award_happy_with_security_deposit" time="0.266" /><testcase classname="backend.tests.test_phase3_8_procurement.TestLifecycle" name="test_close_from_awarded" time="0.284" /><testcase classname="backend.tests.test_phase3_8_procurement.TestLifecycle" name="test_cancel_from_draft" time="0.099" /><testcase classname="backend.tests.test_phase3_8_procurement.TestLifecycle" name="test_link_claim_requires_awarded_and_valid_claim" time="0.429" /><testcase classname="backend.tests.test_phase3_8_procurement.TestABCAnalysis" name="test_abc_basic_structure" time="0.046" /><testcase classname="backend.tests.test_phase3_8_procurement.TestABCAnalysis" name="test_abc_rows_sorted_desc_and_have_fields" time="0.046" /><testcase classname="backend.tests.test_phase3_8_procurement.TestABCAnalysis" name="test_abc_single_disbursed_lands_in_A" time="0.043" /><testcase classname="backend.tests.test_phase3_8_procurement.TestRegression" name="test_get_endpoint_200[/]" time="0.042" /><testcase classname="backend.tests.test_phase3_8_procurement.TestRegression" name="test_get_endpoint_200[/bodies]" time="0.051" /><testcase classname="backend.tests.test_phase3_8_procurement.TestRegression" name="test_get_endpoint_200[/bodies/tree]" time="0.052" /><testcase classname="backend.tests.test_phase3_8_procurement.TestRegression" name="test_get_endpoint_200[/members]" time="0.050" /><testcase classname="backend.tests.test_phase3_8_procurement.TestRegression" name="test_get_endpoint_200[/disclosures]" time="0.044" /><testcase classname="backend.tests.test_phase3_8_procurement.TestRegression" name="test_get_endpoint_200[/meetings]" time="0.043" /><testcase classname="backend.tests.test_phase3_8_procurement.TestRegression" name="test_get_endpoint_200[/elections]" time="0.043" /><testcase classname="backend.tests.test_phase3_8_procurement.TestRegression" name="test_get_endpoint_200[/fees]" time="0.046" /><testcase classname="backend.tests.test_phase3_8_procurement.TestRegression" name="test_get_endpoint_200[/bank/accounts]" time="0.047" /><testcase classname="backend.tests.test_phase3_8_procurement.TestRegression" name="test_get_endpoint_200[/bank/transactions]" time="0.047" /><testcase classname="backend.tests.test_phase3_8_procurement.TestRegression" name="test_get_endpoint_200[/financial-powers]" time="0.045" /><testcase classname="backend.tests.test_phase3_8_procurement.TestRegression" name="test_get_endpoint_200[/dashboard/stats]" time="0.049" /><testcase classname="backend.tests.test_phase3_8_procurement.TestRegression" name="test_get_endpoint_200[/claims]" time="0.052" /><testcase classname="backend.tests.test_phase3_8_procurement.TestRegression" name="test_get_endpoint_200[/claims-stats/summary]" time="0.057" /><testcase classname="backend.tests.test_phase3_8_procurement.TestRegression" name="test_get_endpoint_200[/budgets]" time="0.053" /><testcase classname="backend.tests.test_phase3_8_procurement.TestRegression" name="test_get_endpoint_200[/sanction-thresholds]" time="0.046" /><testcase classname="backend.tests.test_phase3_8_procurement.TestRegression" name="test_seed_data_intact" time="0.133" /><testcase classname="backend.tests.test_phase3_8_procurement.TestRegression" name="test_mpca_general_balance_unchanged_baseline_recorded" time="0.647" /></testsuite></testsuites>