<?xml version="1.0" encoding="utf-8"?><testsuites name="pytest tests"><testsuite name="pytest" errors="0" failures="0" skipped="0" tests="8" time="0.799" timestamp="2026-08-08T08:15:15.027290+00:00" hostname="agent-env-4c7b8162-96d0-4f81-acb9-11f831a40275"><testcase classname="backend.tests.test_phase7.TestSubCommittees" name="test_list_returns_8_curated" time="0.162" /><testcase classname="backend.tests.test_phase7.TestSubCommittees" name="test_selection_members_shape" time="0.048" /><testcase classname="backend.tests.test_phase7.TestSubCommittees" name="test_unknown_code_404" time="0.073" /><testcase classname="backend.tests.test_phase7.TestMeetingCreateExpanded" name="test_create_with_subcommittee_expands_attendees" time="0.206" /><testcase classname="backend.tests.test_phase7.TestMeetingCreateExpanded" name="test_create_without_subcommittee_no_expansion" time="0.091" /><testcase classname="backend.tests.test_phase7.TestBirthdayEmails" name="test_birthdays_today_ok" time="0.048" /><testcase classname="backend.tests.test_phase7.TestBirthdayEmails" name="test_send_daily_returns_mocked" time="0.047" /><testcase classname="backend.tests.test_phase7.TestMeetingsRegression" name="test_list_meetings" time="0.044" /></testsuite></testsuites>