<?xml version="1.0" encoding="utf-8"?><testsuites name="pytest tests"><testsuite name="pytest" errors="0" failures="0" skipped="0" tests="28" time="2.420" timestamp="2026-05-18T10:54:56.042650+00:00" hostname="agent-env-4c7b8162-96d0-4f81-acb9-11f831a40275"><testcase classname="backend.tests.test_phase3_7_finance.TestVersionAndThresholds" name="test_root_version_is_3_7_0" time="0.134" /><testcase classname="backend.tests.test_phase3_7_finance.TestVersionAndThresholds" name="test_sanction_thresholds_shape" time="0.049" /><testcase classname="backend.tests.test_phase3_7_finance.TestBudgetLedger" name="test_list_budgets_default_cycle" time="0.050" /><testcase classname="backend.tests.test_phase3_7_finance.TestBudgetLedger" name="test_filter_single_body" time="0.047" /><testcase classname="backend.tests.test_phase3_7_finance.TestBudgetLedger" name="test_single_body_endpoint" time="0.046" /><testcase classname="backend.tests.test_phase3_7_finance.TestBudgetLedger" name="test_seho_bpl_disbursed_reconciliation" time="0.049" /><testcase classname="backend.tests.test_phase3_7_finance.TestBudgetLedger" name="test_single_body_404" time="0.048" /><testcase classname="backend.tests.test_phase3_7_finance.TestBudgetLedger" name="test_upsert_budget_creates_then_updates" time="0.093" /><testcase classname="backend.tests.test_phase3_7_finance.TestBudgetLedger" name="test_upsert_budget_validates_body_exists" time="0.045" /><testcase classname="backend.tests.test_phase3_7_finance.TestAntiFragmentation" name="test_anti_fragmentation_blocks_second_then_force_allows" time="0.153" /><testcase classname="backend.tests.test_phase3_7_finance.TestDisbursement" name="test_disburse_under_threshold_auto_debits_bank" time="0.235" /><testcase classname="backend.tests.test_phase3_7_finance.TestDisbursement" name="test_disburse_over_threshold_requires_two_signatories" time="0.284" /><testcase classname="backend.tests.test_phase3_7_finance.TestDisbursement" name="test_insufficient_balance_against_separate_test_account" time="0.274" /><testcase classname="backend.tests.test_phase3_7_finance.TestRegression" name="test_endpoint_returns_200[/]" time="0.054" /><testcase classname="backend.tests.test_phase3_7_finance.TestRegression" name="test_endpoint_returns_200[/bodies]" time="0.049" /><testcase classname="backend.tests.test_phase3_7_finance.TestRegression" name="test_endpoint_returns_200[/bodies/tree]" time="0.050" /><testcase classname="backend.tests.test_phase3_7_finance.TestRegression" name="test_endpoint_returns_200[/members]" time="0.043" /><testcase classname="backend.tests.test_phase3_7_finance.TestRegression" name="test_endpoint_returns_200[/disclosures]" time="0.046" /><testcase classname="backend.tests.test_phase3_7_finance.TestRegression" name="test_endpoint_returns_200[/meetings]" time="0.049" /><testcase classname="backend.tests.test_phase3_7_finance.TestRegression" name="test_endpoint_returns_200[/elections]" time="0.047" /><testcase classname="backend.tests.test_phase3_7_finance.TestRegression" name="test_endpoint_returns_200[/fees]" time="0.048" /><testcase classname="backend.tests.test_phase3_7_finance.TestRegression" name="test_endpoint_returns_200[/bank/accounts]" time="0.049" /><testcase classname="backend.tests.test_phase3_7_finance.TestRegression" name="test_endpoint_returns_200[/bank/transactions]" time="0.050" /><testcase classname="backend.tests.test_phase3_7_finance.TestRegression" name="test_endpoint_returns_200[/financial-powers]" time="0.076" /><testcase classname="backend.tests.test_phase3_7_finance.TestRegression" name="test_endpoint_returns_200[/dashboard/stats]" time="0.049" /><testcase classname="backend.tests.test_phase3_7_finance.TestRegression" name="test_endpoint_returns_200[/claims]" time="0.047" /><testcase classname="backend.tests.test_phase3_7_finance.TestRegression" name="test_endpoint_returns_200[/claims-stats/summary]" time="0.050" /><testcase classname="backend.tests.test_phase3_7_finance.TestRegression" name="test_seeded_claims_intact" time="0.047" /></testsuite></testsuites>