<?xml version="1.0" encoding="utf-8"?><testsuites name="pytest tests"><testsuite name="pytest" errors="0" failures="0" skipped="0" tests="25" time="1.789" timestamp="2026-05-18T04:03:18.815557+00:00" hostname="agent-env-4c7b8162-96d0-4f81-acb9-11f831a40275"><testcase classname="backend.tests.test_phase3_5_api.TestBodies" name="test_list_bodies_total_count" time="0.193" /><testcase classname="backend.tests.test_phase3_5_api.TestBodies" name="test_list_bodies_unique_codes" time="0.050" /><testcase classname="backend.tests.test_phase3_5_api.TestBodies" name="test_list_bodies_breakdown_by_type" time="0.047" /><testcase classname="backend.tests.test_phase3_5_api.TestBodies" name="test_list_bodies_filter_by_type" time="0.048" /><testcase classname="backend.tests.test_phase3_5_api.TestBodies" name="test_list_bodies_filter_by_parent" time="0.047" /><testcase classname="backend.tests.test_phase3_5_api.TestBodies" name="test_bodies_tree_root_is_bcci" time="0.049" /><testcase classname="backend.tests.test_phase3_5_api.TestBodies" name="test_get_body_mpca" time="0.045" /><testcase classname="backend.tests.test_phase3_5_api.TestBodies" name="test_get_body_invalid_returns_404" time="0.045" /><testcase classname="backend.tests.test_phase3_5_api.TestBodies" name="test_mpca_summary" time="0.045" /><testcase classname="backend.tests.test_phase3_5_api.TestBodies" name="test_indore_division_summary" time="0.046" /><testcase classname="backend.tests.test_phase3_5_api.TestBodies" name="test_create_body_success_and_duplicate" time="0.134" /><testcase classname="backend.tests.test_phase3_5_api" name="test_regression_get_endpoint_200[/api/]" time="0.044" /><testcase classname="backend.tests.test_phase3_5_api" name="test_regression_get_endpoint_200[/api/members]" time="0.043" /><testcase classname="backend.tests.test_phase3_5_api" name="test_regression_get_endpoint_200[/api/disclosures]" time="0.044" /><testcase classname="backend.tests.test_phase3_5_api" name="test_regression_get_endpoint_200[/api/meetings]" time="0.043" /><testcase classname="backend.tests.test_phase3_5_api" name="test_regression_get_endpoint_200[/api/elections]" time="0.041" /><testcase classname="backend.tests.test_phase3_5_api" name="test_regression_get_endpoint_200[/api/fees]" time="0.043" /><testcase classname="backend.tests.test_phase3_5_api" name="test_regression_get_endpoint_200[/api/bank/accounts]" time="0.049" /><testcase classname="backend.tests.test_phase3_5_api" name="test_regression_get_endpoint_200[/api/bank/transactions]" time="0.047" /><testcase classname="backend.tests.test_phase3_5_api" name="test_regression_get_endpoint_200[/api/financial-powers]" time="0.042" /><testcase classname="backend.tests.test_phase3_5_api" name="test_regression_get_endpoint_200[/api/dashboard/stats]" time="0.046" /><testcase classname="backend.tests.test_phase3_5_api" name="test_regression_seed_counts" time="0.223" /><testcase classname="backend.tests.test_phase3_5_api" name="test_regression_verify_uid" time="0.090" /><testcase classname="backend.tests.test_phase3_5_api" name="test_regression_member_profile" time="0.090" /><testcase classname="backend.tests.test_phase3_5_api" name="test_regression_dashboard_stats_shape" time="0.050" /></testsuite></testsuites>