<?xml version="1.0" encoding="utf-8"?><testsuites name="pytest tests"><testsuite name="pytest" errors="0" failures="0" skipped="0" tests="8" time="1.541" timestamp="2026-08-12T10:23:45.560353+00:00" hostname="agent-env-4c7b8162-96d0-4f81-acb9-11f831a40275"><testcase classname="backend.tests.test_mpca_feb2026_autodeactivation" name="test_a_baseline_activation" time="0.362" /><testcase classname="backend.tests.test_mpca_feb2026_autodeactivation" name="test_b_put_scheme_triggers_revision" time="0.105" /><testcase classname="backend.tests.test_mpca_feb2026_autodeactivation" name="test_c_season_now_inactive" time="0.096" /><testcase classname="backend.tests.test_mpca_feb2026_autodeactivation" name="test_d_tournament_create_blocked" time="0.100" /><testcase classname="backend.tests.test_mpca_feb2026_autodeactivation" name="test_e_reupload_reactivates" time="0.101" /><testcase classname="backend.tests.test_mpca_feb2026_autodeactivation" name="test_f_tournament_create_succeeds" time="0.096" /><testcase classname="backend.tests.test_mpca_feb2026_autodeactivation" name="test_g_2025_26_unaffected" time="0.103" /><testcase classname="backend.tests.test_mpca_feb2026_autodeactivation" name="test_h_non_mpca_cannot_edit" time="0.507" /></testsuite></testsuites>