<?xml version="1.0" encoding="utf-8"?><testsuites name="pytest tests"><testsuite name="pytest" errors="0" failures="0" skipped="0" tests="19" time="2.449" timestamp="2026-05-16T05:42:11.260226+00:00" hostname="agent-env-4c7b8162-96d0-4f81-acb9-11f831a40275"><testcase classname="backend.tests.test_phase2_api.TestMeetings" name="test_list_seeded" time="0.310" /><testcase classname="backend.tests.test_phase2_api.TestMeetings" name="test_filter_by_type_agm" time="0.048" /><testcase classname="backend.tests.test_phase2_api.TestMeetings" name="test_create_meeting_auto_no" time="0.097" /><testcase classname="backend.tests.test_phase2_api.TestMeetings" name="test_patch_status_advancement" time="0.146" /><testcase classname="backend.tests.test_phase2_api.TestMeetings" name="test_resolutions_empty_for_scheduled" time="0.099" /><testcase classname="backend.tests.test_phase2_api.TestMeetings" name="test_add_resolution" time="0.108" /><testcase classname="backend.tests.test_phase2_api.TestMeetings" name="test_delete_cascades_resolutions" time="0.189" /><testcase classname="backend.tests.test_phase2_api.TestElections" name="test_list_seeded" time="0.047" /><testcase classname="backend.tests.test_phase2_api.TestElections" name="test_candidates_seeded" time="0.096" /><testcase classname="backend.tests.test_phase2_api.TestElections" name="test_create_election_eligible_count" time="0.048" /><testcase classname="backend.tests.test_phase2_api.TestElections" name="test_add_candidate_validates_uid" time="0.096" /><testcase classname="backend.tests.test_phase2_api.TestElections" name="test_vote_rejected_when_election_not_open" time="0.094" /><testcase classname="backend.tests.test_phase2_api.TestElections" name="test_vote_happy_path_and_duplicate" time="0.193" /><testcase classname="backend.tests.test_phase2_api.TestElections" name="test_vote_rejects_non_active" time="0.098" /><testcase classname="backend.tests.test_phase2_api.TestElections" name="test_conclude_election" time="0.338" /><testcase classname="backend.tests.test_phase2_api.TestVerify" name="test_valid_active_uid" time="0.047" /><testcase classname="backend.tests.test_phase2_api.TestVerify" name="test_pending_member_not_active" time="0.047" /><testcase classname="backend.tests.test_phase2_api.TestVerify" name="test_invalid_uid" time="0.049" /><testcase classname="backend.tests.test_phase2_api.TestDashboardPhase2" name="test_new_fields" time="0.097" /></testsuite></testsuites>