<?xml version="1.0" encoding="utf-8"?><testsuites name="pytest tests"><testsuite name="pytest" errors="0" failures="0" skipped="0" tests="19" time="1.670" timestamp="2026-05-16T06:04:14.660244+00:00" hostname="agent-env-4c7b8162-96d0-4f81-acb9-11f831a40275"><testcase classname="backend.tests.test_phase3_api" name="test_list_fees" time="0.282" /><testcase classname="backend.tests.test_phase3_api" name="test_overdue_auto_flag" time="0.049" /><testcase classname="backend.tests.test_phase3_api" name="test_fees_filter_status" time="0.047" /><testcase classname="backend.tests.test_phase3_api" name="test_fees_filter_cycle" time="0.047" /><testcase classname="backend.tests.test_phase3_api" name="test_fees_filter_member_uid" time="0.048" /><testcase classname="backend.tests.test_phase3_api" name="test_create_fee_invalid_member" time="0.049" /><testcase classname="backend.tests.test_phase3_api" name="test_create_fee_invoice" time="0.049" /><testcase classname="backend.tests.test_phase3_api" name="test_generate_cycle_idempotent" time="0.144" /><testcase classname="backend.tests.test_phase3_api" name="test_pay_invoice_and_already_paid" time="0.145" /><testcase classname="backend.tests.test_phase3_api" name="test_list_bank_accounts" time="0.048" /><testcase classname="backend.tests.test_phase3_api" name="test_get_bank_account" time="0.095" /><testcase classname="backend.tests.test_phase3_api" name="test_create_bank_account" time="0.049" /><testcase classname="backend.tests.test_phase3_api" name="test_list_transactions_seeded" time="0.047" /><testcase classname="backend.tests.test_phase3_api" name="test_transactions_filter_by_account" time="0.092" /><testcase classname="backend.tests.test_phase3_api" name="test_add_transaction_updates_balance" time="0.190" /><testcase classname="backend.tests.test_phase3_api" name="test_financial_powers" time="0.044" /><testcase classname="backend.tests.test_phase3_api" name="test_member_profile_ind_0001" time="0.048" /><testcase classname="backend.tests.test_phase3_api" name="test_member_profile_not_found" time="0.045" /><testcase classname="backend.tests.test_phase3_api" name="test_dashboard_stats_phase3" time="0.057" /></testsuite></testsuites>