<?xml version="1.0" encoding="utf-8"?><testsuites name="pytest tests"><testsuite name="pytest" errors="1" failures="3" skipped="0" tests="9" time="2.277" timestamp="2026-08-12T09:58:33.842812+00:00" hostname="agent-env-4c7b8162-96d0-4f81-acb9-11f831a40275"><testcase classname="backend.tests.test_mpca_feb2026_schemes" name="test_list_scheme_seasons" time="0.251" /><testcase classname="backend.tests.test_mpca_feb2026_schemes" name="test_per_season_scheme_counts" time="0.224" /><testcase classname="backend.tests.test_mpca_feb2026_schemes" name="test_compute_2A_differs_across_seasons" time="0.262" /><testcase classname="backend.tests.test_mpca_feb2026_schemes" name="test_host_vs_visitor_scheme_heads_disjoint" time="0.254" /><testcase classname="backend.tests.test_mpca_feb2026_schemes" name="test_create_inter_div_auto_scheme_split" time="0.191"><failure message="AssertionError: {&quot;detail&quot;:[{&quot;type&quot;:&quot;literal_error&quot;,&quot;loc&quot;:[&quot;body&quot;,&quot;format&quot;],&quot;msg&quot;:&quot;Input should be 'Multi_Day', 'One_Day', 'T20', 'Pink_Ball', 'FourDay_Senior', 'FourDay_U23', 'FourDay_U19', 'OneDay_Senior', 'OneDay_U23', 'OneDay_U19', 'OneDay_Womens', 'T20_Senior', 'T20_U23', 'T20_U19', 'T20_Womens', 'U16_League', 'FiveDay', 'ThreeDay', 'FortyOver' or 'ThirtyOver'&quot;,&quot;input&quot;:&quot;Multi-day&quot;,&quot;ctx&quot;:{&quot;expected&quot;:&quot;'Multi_Day', 'One_Day', 'T20', 'Pink_Ball', 'FourDay_Senior', 'FourDay_U23', 'FourDay_U19', 'OneDay_Senior', 'OneDay_U23', 'OneDay_U19', 'OneDay_Womens', 'T20_Senior', 'T20_U23', 'T20_U19', 'T20_Womens', 'U16_League', 'FiveDay', 'ThreeDay', 'FortyOver' or 'ThirtyOver'&quot;},&quot;url&quot;:&quot;https://errors.pydantic.dev/2.13/v/literal_error&quot;},{&quot;type&quot;:&quot;literal_error&quot;,&quot;loc&quot;:[&quot;body&quot;,&quot;tournament_type&quot;],&quot;msg&quot;:&quot;Input should be 'MPCA_InterDivisional', 'MPCA_Championship', 'BCCI', 'Invitational' or 'Other'&quot;,&quot;input&quot;:&quot;MPCA&quot;,&quot;ctx&quot;:{&quot;expected&quot;:&quot;'MPCA_InterDivisional', 'MPCA_Championship', 'BCCI', 'Invitational' or 'Other'&quot;},&quot;url&quot;:&quot;https://errors.pydantic.dev/2.13/v/literal_error&quot;}]}&#10;assert 422 in (200, 201)&#10; +  where 422 = &lt;Response [422]&gt;.status_code">backend/tests/test_mpca_feb2026_schemes.py:142: in test_create_inter_div_auto_scheme_split
    assert r.status_code in (200, 201), r.text
E   AssertionError: {"detail":[{"type":"literal_error","loc":["body","format"],"msg":"Input should be 'Multi_Day', 'One_Day', 'T20', 'Pink_Ball', 'FourDay_Senior', 'FourDay_U23', 'FourDay_U19', 'OneDay_Senior', 'OneDay_U23', 'OneDay_U19', 'OneDay_Womens', 'T20_Senior', 'T20_U23', 'T20_U19', 'T20_Womens', 'U16_League', 'FiveDay', 'ThreeDay', 'FortyOver' or 'ThirtyOver'","input":"Multi-day","ctx":{"expected":"'Multi_Day', 'One_Day', 'T20', 'Pink_Ball', 'FourDay_Senior', 'FourDay_U23', 'FourDay_U19', 'OneDay_Senior', 'OneDay_U23', 'OneDay_U19', 'OneDay_Womens', 'T20_Senior', 'T20_U23', 'T20_U19', 'T20_Womens', 'U16_League', 'FiveDay', 'ThreeDay', 'FortyOver' or 'ThirtyOver'"},"url":"https://errors.pydantic.dev/2.13/v/literal_error"},{"type":"literal_error","loc":["body","tournament_type"],"msg":"Input should be 'MPCA_InterDivisional', 'MPCA_Championship', 'BCCI', 'Invitational' or 'Other'","input":"MPCA","ctx":{"expected":"'MPCA_InterDivisional', 'MPCA_Championship', 'BCCI', 'Invitational' or 'Other'"},"url":"https://errors.pydantic.dev/2.13/v/literal_error"}]}
E   assert 422 in (200, 201)
E    +  where 422 = &lt;Response [422]&gt;.status_code</failure></testcase><testcase classname="backend.tests.test_mpca_feb2026_schemes" name="test_create_inter_district_auto_scheme_split" time="0.195"><failure message="AssertionError: {&quot;detail&quot;:[{&quot;type&quot;:&quot;literal_error&quot;,&quot;loc&quot;:[&quot;body&quot;,&quot;format&quot;],&quot;msg&quot;:&quot;Input should be 'Multi_Day', 'One_Day', 'T20', 'Pink_Ball', 'FourDay_Senior', 'FourDay_U23', 'FourDay_U19', 'OneDay_Senior', 'OneDay_U23', 'OneDay_U19', 'OneDay_Womens', 'T20_Senior', 'T20_U23', 'T20_U19', 'T20_Womens', 'U16_League', 'FiveDay', 'ThreeDay', 'FortyOver' or 'ThirtyOver'&quot;,&quot;input&quot;:&quot;Multi-day&quot;,&quot;ctx&quot;:{&quot;expected&quot;:&quot;'Multi_Day', 'One_Day', 'T20', 'Pink_Ball', 'FourDay_Senior', 'FourDay_U23', 'FourDay_U19', 'OneDay_Senior', 'OneDay_U23', 'OneDay_U19', 'OneDay_Womens', 'T20_Senior', 'T20_U23', 'T20_U19', 'T20_Womens', 'U16_League', 'FiveDay', 'ThreeDay', 'FortyOver' or 'ThirtyOver'&quot;},&quot;url&quot;:&quot;https://errors.pydantic.dev/2.13/v/literal_error&quot;},{&quot;type&quot;:&quot;literal_error&quot;,&quot;loc&quot;:[&quot;body&quot;,&quot;tournament_type&quot;],&quot;msg&quot;:&quot;Input should be 'MPCA_InterDivisional', 'MPCA_Championship', 'BCCI', 'Invitational' or 'Other'&quot;,&quot;input&quot;:&quot;MPCA&quot;,&quot;ctx&quot;:{&quot;expected&quot;:&quot;'MPCA_InterDivisional', 'MPCA_Championship', 'BCCI', 'Invitational' or 'Other'&quot;},&quot;url&quot;:&quot;https://errors.pydantic.dev/2.13/v/literal_error&quot;}]}&#10;assert 422 in (200, 201)&#10; +  where 422 = &lt;Response [422]&gt;.status_code">backend/tests/test_mpca_feb2026_schemes.py:165: in test_create_inter_district_auto_scheme_split
    assert r.status_code in (200, 201), r.text
E   AssertionError: {"detail":[{"type":"literal_error","loc":["body","format"],"msg":"Input should be 'Multi_Day', 'One_Day', 'T20', 'Pink_Ball', 'FourDay_Senior', 'FourDay_U23', 'FourDay_U19', 'OneDay_Senior', 'OneDay_U23', 'OneDay_U19', 'OneDay_Womens', 'T20_Senior', 'T20_U23', 'T20_U19', 'T20_Womens', 'U16_League', 'FiveDay', 'ThreeDay', 'FortyOver' or 'ThirtyOver'","input":"Multi-day","ctx":{"expected":"'Multi_Day', 'One_Day', 'T20', 'Pink_Ball', 'FourDay_Senior', 'FourDay_U23', 'FourDay_U19', 'OneDay_Senior', 'OneDay_U23', 'OneDay_U19', 'OneDay_Womens', 'T20_Senior', 'T20_U23', 'T20_U19', 'T20_Womens', 'U16_League', 'FiveDay', 'ThreeDay', 'FortyOver' or 'ThirtyOver'"},"url":"https://errors.pydantic.dev/2.13/v/literal_error"},{"type":"literal_error","loc":["body","tournament_type"],"msg":"Input should be 'MPCA_InterDivisional', 'MPCA_Championship', 'BCCI', 'Invitational' or 'Other'","input":"MPCA","ctx":{"expected":"'MPCA_InterDivisional', 'MPCA_Championship', 'BCCI', 'Invitational' or 'Other'"},"url":"https://errors.pydantic.dev/2.13/v/literal_error"}]}
E   assert 422 in (200, 201)
E    +  where 422 = &lt;Response [422]&gt;.status_code</failure></testcase><testcase classname="backend.tests.test_mpca_feb2026_schemes" name="test_mid_year_edit_records_revision" time="0.488" /><testcase classname="backend.tests.test_mpca_feb2026_schemes" name="test_non_mpca_cannot_edit_scheme" time="0.131" /><testcase classname="backend.tests.test_mpca_feb2026_schemes" name="test_season_clone_and_cleanup" time="0.101"><failure message="AssertionError: Internal Server Error&#10;assert 500 == 200&#10; +  where 500 = &lt;Response [500]&gt;.status_code">backend/tests/test_mpca_feb2026_schemes.py:239: in test_season_clone_and_cleanup
    assert r.status_code == 200, r.text
E   AssertionError: Internal Server Error
E   assert 500 == 200
E    +  where 500 = &lt;Response [500]&gt;.status_code</failure></testcase><testcase classname="backend.tests.test_mpca_feb2026_schemes" name="test_season_clone_and_cleanup" time="0.000"><error message="failed on teardown with &quot;pymongo.errors.InvalidURI: Invalid URI scheme: URI must begin with 'mongodb://' or 'mongodb+srv://'&quot;">backend/tests/test_mpca_feb2026_schemes.py:273: in cleanup_test_tournaments
    client = MongoClient(mongo_url)
             ^^^^^^^^^^^^^^^^^^^^^^
/root/.venv/lib/python3.11/site-packages/pymongo/mongo_client.py:771: in __init__
    res = uri_parser.parse_uri(
/root/.venv/lib/python3.11/site-packages/pymongo/uri_parser.py:497: in parse_uri
    raise InvalidURI(f"Invalid URI scheme: URI must begin with '{SCHEME}' or '{SRV_SCHEME}'")
E   pymongo.errors.InvalidURI: Invalid URI scheme: URI must begin with 'mongodb://' or 'mongodb+srv://'</error></testcase></testsuite></testsuites>