<?xml version="1.0" encoding="utf-8"?><testsuites name="pytest tests"><testsuite name="pytest" errors="0" failures="0" skipped="0" tests="13" time="1.601" timestamp="2026-05-16T04:56:48.921868+00:00" hostname="agent-env-4c7b8162-96d0-4f81-acb9-11f831a40275"><testcase classname="backend.tests.test_mpca_api.TestRoot" name="test_version_info" time="0.222" /><testcase classname="backend.tests.test_mpca_api.TestDashboard" name="test_stats_shape" time="0.067" /><testcase classname="backend.tests.test_mpca_api.TestMembers" name="test_list_seeded" time="0.056" /><testcase classname="backend.tests.test_mpca_api.TestMembers" name="test_filter_by_category" time="0.059" /><testcase classname="backend.tests.test_mpca_api.TestMembers" name="test_search_indore" time="0.054" /><testcase classname="backend.tests.test_mpca_api.TestMembers" name="test_create_and_get_member" time="0.109" /><testcase classname="backend.tests.test_mpca_api.TestMembers" name="test_create_institutional_uid_prefix" time="0.054" /><testcase classname="backend.tests.test_mpca_api.TestMembers" name="test_patch_member" time="0.110" /><testcase classname="backend.tests.test_mpca_api.TestMembers" name="test_delete_member" time="0.172" /><testcase classname="backend.tests.test_mpca_api.TestMembers" name="test_get_nonexistent_member" time="0.054" /><testcase classname="backend.tests.test_mpca_api.TestDisclosures" name="test_list_seeded" time="0.058" /><testcase classname="backend.tests.test_mpca_api.TestDisclosures" name="test_filter_by_type" time="0.053" /><testcase classname="backend.tests.test_mpca_api.TestDisclosures" name="test_create_disclosure" time="0.230" /></testsuite></testsuites>