<?xml version="1.0" encoding="utf-8"?><testsuites name="pytest tests"><testsuite name="pytest" errors="0" failures="0" skipped="1" tests="42" time="3.852" timestamp="2026-08-12T00:04:19.084586+00:00" hostname="agent-env-4c7b8162-96d0-4f81-acb9-11f831a40275"><testcase classname="backend.tests.test_tournament_scheme_mapping" name="test_catalog_mapping[bcci_staging-9-BCCI]" time="0.001" /><testcase classname="backend.tests.test_tournament_scheme_mapping" name="test_catalog_mapping[away_participation-9-BCCI]" time="0.000" /><testcase classname="backend.tests.test_tournament_scheme_mapping" name="test_catalog_mapping[inter_div-2-D]" time="0.000" /><testcase classname="backend.tests.test_tournament_scheme_mapping" name="test_catalog_mapping[inter_div_travel-2-C]" time="0.000" /><testcase classname="backend.tests.test_tournament_scheme_mapping" name="test_catalog_mapping[inter_district-2-B]" time="0.000" /><testcase classname="backend.tests.test_tournament_scheme_mapping" name="test_catalog_mapping[inter_school-2-A]" time="0.000" /><testcase classname="backend.tests.test_tournament_scheme_mapping" name="test_catalog_mapping[inter_club-2-E]" time="0.000" /><testcase classname="backend.tests.test_tournament_scheme_mapping" name="test_catalog_mapping[reciprocal-3-C]" time="0.000" /><testcase classname="backend.tests.test_tournament_scheme_mapping" name="test_catalog_mapping[pre_camp-3-D]" time="0.000" /><testcase classname="backend.tests.test_tournament_scheme_mapping" name="test_catalog_mapping[coaching_camp-3-A]" time="0.000" /><testcase classname="backend.tests.test_tournament_scheme_mapping" name="test_catalog_mapping[vacation_camp-3-B]" time="0.000" /><testcase classname="backend.tests.test_tournament_scheme_mapping" name="test_catalog_mapping[custom-None]" time="0.000"><skipped type="pytest.skip" message="`custom` type not present in catalog (may not be defined)">/app/backend/tests/test_tournament_scheme_mapping.py:112: `custom` type not present in catalog (may not be defined)</skipped></testcase><testcase classname="backend.tests.test_tournament_scheme_mapping" name="test_scheme_exists_in_db[9-BCCI-keywords0]" time="0.315" /><testcase classname="backend.tests.test_tournament_scheme_mapping" name="test_scheme_exists_in_db[2-A-keywords1]" time="0.000" /><testcase classname="backend.tests.test_tournament_scheme_mapping" name="test_scheme_exists_in_db[2-B-keywords2]" time="0.000" /><testcase classname="backend.tests.test_tournament_scheme_mapping" name="test_scheme_exists_in_db[2-C-keywords3]" time="0.000" /><testcase classname="backend.tests.test_tournament_scheme_mapping" name="test_scheme_exists_in_db[2-D-keywords4]" time="0.000" /><testcase classname="backend.tests.test_tournament_scheme_mapping" name="test_scheme_exists_in_db[2-E-keywords5]" time="0.000" /><testcase classname="backend.tests.test_tournament_scheme_mapping" name="test_scheme_exists_in_db[3-A-keywords6]" time="0.000" /><testcase classname="backend.tests.test_tournament_scheme_mapping" name="test_scheme_exists_in_db[3-B-keywords7]" time="0.000" /><testcase classname="backend.tests.test_tournament_scheme_mapping" name="test_scheme_exists_in_db[3-C-keywords8]" time="0.000" /><testcase classname="backend.tests.test_tournament_scheme_mapping" name="test_scheme_exists_in_db[3-D-keywords9]" time="0.000" /><testcase classname="backend.tests.test_tournament_scheme_mapping" name="test_input_spec_returns_variables[2-A]" time="0.144" /><testcase classname="backend.tests.test_tournament_scheme_mapping" name="test_input_spec_returns_variables[2-B]" time="0.148" /><testcase classname="backend.tests.test_tournament_scheme_mapping" name="test_input_spec_returns_variables[2-C]" time="0.158" /><testcase classname="backend.tests.test_tournament_scheme_mapping" name="test_input_spec_returns_variables[2-D]" time="0.105" /><testcase classname="backend.tests.test_tournament_scheme_mapping" name="test_input_spec_returns_variables[3-A]" time="0.103" /><testcase classname="backend.tests.test_tournament_scheme_mapping" name="test_input_spec_returns_variables[3-D]" time="0.107" /><testcase classname="backend.tests.test_tournament_scheme_mapping" name="test_input_spec_non_calc[2-E]" time="0.125" /><testcase classname="backend.tests.test_tournament_scheme_mapping" name="test_input_spec_non_calc[3-B]" time="0.201" /><testcase classname="backend.tests.test_tournament_scheme_mapping" name="test_input_spec_non_calc[3-C]" time="0.167" /><testcase classname="backend.tests.test_tournament_scheme_mapping" name="test_input_spec_non_calc[9-BCCI]" time="0.094" /><testcase classname="backend.tests.test_tournament_scheme_mapping" name="test_create_tournament_preserves_scheme_code[bcci_staging-9-BCCI-BCCI-Championship-FiveDay-MPCA]" time="0.230" /><testcase classname="backend.tests.test_tournament_scheme_mapping" name="test_create_tournament_preserves_scheme_code[away_participation-9-BCCI-BCCI-Championship-FiveDay-MPCA]" time="0.306" /><testcase classname="backend.tests.test_tournament_scheme_mapping" name="test_create_tournament_preserves_scheme_code[inter_div-2-D-MPCA_InterDivisional-Inter_Divisional-Multi_Day-MPCA]" time="0.202" /><testcase classname="backend.tests.test_tournament_scheme_mapping" name="test_create_tournament_preserves_scheme_code[inter_district-2-B-MPCA_InterDivisional-Inter_District-Multi_Day-DIV-IND]" time="0.230" /><testcase classname="backend.tests.test_tournament_scheme_mapping" name="test_create_tournament_preserves_scheme_code[inter_school-2-A-Invitational-Inter_District-One_Day-DIV-IND]" time="0.225" /><testcase classname="backend.tests.test_tournament_scheme_mapping" name="test_create_tournament_preserves_scheme_code[inter_club-2-E-Invitational-Inter_District-Multi_Day-DIV-IND]" time="0.199" /><testcase classname="backend.tests.test_tournament_scheme_mapping" name="test_create_tournament_preserves_scheme_code[reciprocal-3-C-MPCA_InterDivisional-Inter_Divisional-Multi_Day-DIV-IND]" time="0.197" /><testcase classname="backend.tests.test_tournament_scheme_mapping" name="test_create_tournament_preserves_scheme_code[vacation_camp-3-B-MPCA_InterDivisional-Inter_District-Multi_Day-DIV-IND]" time="0.307" /><testcase classname="backend.tests.test_tournament_scheme_mapping" name="test_regression_list_tournaments" time="0.093" /><testcase classname="backend.tests.test_tournament_scheme_mapping" name="test_regression_get_created_tournament" time="0.104" /></testsuite></testsuites>