<?xml version="1.0" encoding="utf-8"?><testsuites name="pytest tests"><testsuite name="pytest" errors="0" failures="0" skipped="0" tests="6" time="1.455" timestamp="2026-08-12T13:46:43.913538+00:00" hostname="agent-env-4c7b8162-96d0-4f81-acb9-11f831a40275"><testcase classname="backend.tests.test_trim_multi_head_invoices" name="test_create_multi_head_invoice_sum_matches" time="0.534" /><testcase classname="backend.tests.test_trim_multi_head_invoices" name="test_create_mismatched_sum_returns_422" time="0.188" /><testcase classname="backend.tests.test_trim_multi_head_invoices" name="test_multi_head_eligibility_per_head" time="0.064" /><testcase classname="backend.tests.test_trim_multi_head_invoices" name="test_legacy_single_head_still_works" time="0.067" /><testcase classname="backend.tests.test_trim_multi_head_invoices" name="test_tracker_sums_allocations_and_legacy_no_double_count" time="0.060" /><testcase classname="backend.tests.test_trim_multi_head_invoices" name="test_zzz_cleanup" time="0.458" /></testsuite></testsuites>